epoch,PSNR,loss,val_PSNR,val_loss
0,21.49147798828125,0.007117063165307045,21.510296526822177,0.007079993895057476
1,21.49668612792969,0.007106546358317136,21.467435041485412,0.007153419515851772
2,21.48804942504883,0.00712102278470993,21.49287842028069,0.007106316638263789
3,21.491692454833984,0.007114681581556797,21.474938416914508,0.007136213403533805
4,21.48692699157715,0.007124137579202652,21.499959645126804,0.007101345496308623
5,21.487077578125,0.0071256470462679865,21.480009277806136,0.007124889201738618
6,21.483238036499024,0.007129431475102902,21.504557393391927,0.007089077557126681
7,21.488499608154296,0.007121560515463352,21.535123533769088,0.007036922393423138
8,21.50038484802246,0.0071000815480947495,21.49663892572576,0.0071062344752929425
9,21.49038657470703,0.007115897185206413,21.47256745078347,0.007143596725143266
10,21.493626497802733,0.0071116568478941915,21.47286166335597,0.0071449216116558426
11,21.49109601196289,0.007115547624230385,21.499581229469992,0.0070991176998976505
12,21.488546431884764,0.007121135592460632,21.529119313557942,0.007044991555087494
13,21.495966130371094,0.007111116927862167,21.402020291415127,0.007258329690631592
14,21.491707521972657,0.007116340661048889,21.546502523711233,0.007014112627754609
15,21.501369108276368,0.0070981167025864125,21.525678798791134,0.007060355588116429
16,21.491721829223632,0.007113342397212982,21.512409041433624,0.007077379327718959
17,21.48604365661621,0.007125368550419808,21.54738082885742,0.007022573223732637
18,21.494372684936522,0.007111702229082585,21.55524486426151,0.007003670619292693
19,21.496847836914064,0.007109839439839125,21.448869432391543,0.007176914009068049
20,21.48311159423828,0.007129391191601753,21.45058446479566,0.007176880358972333
21,21.482069216918944,0.007130193941295147,21.48035627191717,0.007129892814114238
22,21.48700450073242,0.007123180364966393,21.48523381551107,0.007123753488289588
23,21.505382333374023,0.007093048138916492,21.53273387330951,0.007047779437041644
24,21.507409176635743,0.007090875862240792,21.518969865278763,0.007062595208937472
25,21.49637666015625,0.007109044412374497,21.50120852846088,0.007094938347511219
26,21.494935899658202,0.007111314683109522,21.5384084666859,0.007029937178912488
27,21.501900602416992,0.007099674712717533,21.404294336492367,0.007257199976028818
28,21.490695745239258,0.007116092814505101,21.454431360418145,0.007174609186071338
29,21.49005020263672,0.007120489842444658,21.512374535762902,0.00707659618533922
30,21.509133632202147,0.0070867025673389435,21.50772351582845,0.007088066158308225
31,21.480826796264648,0.007134029955565929,21.519237185391514,0.007062616131522439
32,21.502237636108397,0.007096477543413639,21.48635003754587,0.0071278503322691625
33,21.502144349365235,0.007097519035935402,21.481048694957387,0.007134892276742241
34,21.482566508789063,0.007132113615870476,21.538702064282965,0.007033596485853195
35,21.50790450317383,0.007089216914474964,21.477235495827415,0.007135412983709213
36,21.48868205444336,0.007120598786771297,21.515986113114792,0.0070674898672961825
37,21.48508706970215,0.007128569588959217,21.480345942179362,0.007135535584706249
38,21.488277963256834,0.007120478335916996,21.49853413437352,0.007104566990200317
39,21.480435197143553,0.007136214041113854,21.473838815400093,0.007139377845169017
40,21.49138902648926,0.007119050409048796,21.443059768676758,0.007197437139623093
41,21.500418004760743,0.007100781504511833,21.449066723910246,0.007185675834841801
42,21.49169067626953,0.007115943887233734,21.512752257838393,0.007076973637396639
43,21.49679470214844,0.0071074721202254295,21.464904267282197,0.0071602958745577115
44,21.494241695556642,0.007114490278214217,21.447267446806936,0.007187728034050176
45,21.47843079772949,0.007136759095340967,21.517433936379174,0.007073928696865385
46,21.494875887451173,0.007109403310418129,21.513193782459606,0.00708053834510572
47,21.492586958618165,0.007116061663925648,21.49825920798562,0.007103409197633014
48,21.48705194885254,0.007121996607780456,21.503273176713424,0.007094065260254976
49,21.486806716308593,0.007124545795917511,21.495344864816378,0.007111664125413606
50,21.49385268676758,0.007109892072379589,21.447870608243075,0.0071828417863809705
51,21.49141921447754,0.007117355444431305,21.46518108021129,0.007152866714380004
52,21.482872095947265,0.007130682845115662,21.44664996060458,0.007182569035300703
53,21.4940056439209,0.007111526111662388,21.506257127704043,0.0070900392950032694
54,21.497546372680663,0.007108200994133949,21.50746533942945,0.007086475458786343
55,21.48554645324707,0.007125716873407364,21.451223230072948,0.007181916596988837
56,21.490517274780274,0.007116302728056908,21.472314571033824,0.007140233229394212
57,21.48854684753418,0.0071213884970545765,21.55181720155658,0.007009263750955914
58,21.5015958795166,0.007099230826497078,21.467440849073004,0.007150662618717461
59,21.500021649780273,0.0070996513828635215,21.441328346946023,0.007190414864118352
60,21.496934840087892,0.007106970314085484,21.499217635646012,0.007098386495402365
61,21.480791530761717,0.007131381072103977,21.4533011488481,0.007177477210308566
62,21.500752074584963,0.007096643344163895,21.41249701991226,0.00724454494814078
63,21.486615567016603,0.007125754082202912,21.429242694739138,0.007214719253507527
64,21.497141502685547,0.007105419762730598,21.46777803363222,0.007157481558846705
65,21.483310787353517,0.007127614227682352,21.501668987852156,0.007090604451456756
66,21.484164208984375,0.007131363438367844,21.54987055229418,0.00702055173220508
67,21.490597127075194,0.00711663375928998,21.51837069193522,0.007067942996368264
68,21.502282083129884,0.0070970712968707085,21.48275017940637,0.0071192280440167946
69,21.495326171875,0.007109852811694145,21.472363135597924,0.007144065787733504
70,21.497525173950194,0.007106287862211466,21.449660526622427,0.007181524489865159
71,21.493387119140625,0.007116300414055586,21.454191704952354,0.007167092054856546
72,21.50258285949707,0.007095394387245178,21.501603943795867,0.007088683886509953
73,21.49813576843262,0.0071034997162222864,21.474006895585493,0.007135792047236905
74,21.490425308837892,0.007115661367326975,21.49675181302157,0.007102224128038594
75,21.499232514038084,0.007101620793044567,21.473043437148586,0.007140872079427495
76,21.486482423706054,0.007122731630206108,21.50159997882265,0.0070962496463096505
77,21.49435153503418,0.007111272157132626,21.50057710127397,0.007094159821104823
78,21.491225689086914,0.007115897421836853,21.49075071855025,0.007116319349204952
79,21.495057011108397,0.0071096660161018375,21.501288953838927,0.0071004013745396425
80,21.499109263305662,0.007104404752850533,21.510969934174508,0.007084259741911382
81,21.493450812988282,0.007111509330421686,21.481637078487513,0.007129346391919887
82,21.50030061645508,0.007102420485317707,21.547868717078007,0.0070185617628422655
83,21.502397295532226,0.007097535329014063,21.493654382879082,0.0071106957949020645
84,21.495906474609374,0.007108154402971268,21.521523113828717,0.007059289454059168
85,21.485557478637695,0.0071258344386518,21.51605230851607,0.007071629475350632
86,21.50198197631836,0.007099565196037293,21.449777425130208,0.007180630945685235
87,21.49787299194336,0.007104226704984904,21.513287494543828,0.007075461609232606
88,21.501320840454103,0.007100247840583325,21.51722484473026,0.007069295556143378
89,21.509789157104493,0.007082852396368981,21.489262903386898,0.00711810545036287
90,21.483888111572266,0.0071290595541894436,21.471484809644295,0.007147693605246869
91,21.501541744384767,0.0070981014809012415,21.49425259445653,0.007103538483832821
92,21.496449650878905,0.007106466949880123,21.538805687644263,0.007036627252219301
93,21.49420214111328,0.007112098485529423,21.47603843457771,0.007131793110659628
94,21.498026773071288,0.0071051691177487376,21.45983721184008,0.007167212327547146
95,21.484028134765627,0.007128697644174099,21.508138661240086,0.007083708274770867
96,21.496069135131837,0.007109254935979843,21.479301202947443,0.007131932577061834
97,21.49519540527344,0.007108579988479614,21.50918575633656,0.007094785517476725
98,21.48937541015625,0.0071194749429821964,21.465592151988638,0.0071608367376029495
99,21.46589721740723,0.007160265335589647,21.44975264346961,0.007183972564384793
100,21.503782095947265,0.007097066904604435,21.50437668540261,0.007088198914107951
101,21.49850114746094,0.007103232368826866,21.533559965653854,0.007042427332789609
102,21.49461388977051,0.007113481237590313,21.52204783815326,0.0070659273941860055
103,21.50967251281738,0.0070862137849628925,21.48211080608946,0.007131869422102516
104,21.501970620117188,0.0070974996346235275,21.469576198693478,0.007145368951852574
105,21.49124076477051,0.007117123553752899,21.5143862360174,0.00707486797519254
106,21.489416207885743,0.007117944173514843,21.492189222393613,0.007107353655226303
107,21.4793975378418,0.007136409219503403,21.498935512195935,0.0070994176467259725
108,21.502505967407227,0.007099206668734551,21.451031810876096,0.007179642128334804
109,21.49686848144531,0.0071060474379360675,21.53291290514397,0.007040462736040354
110,21.500601599121094,0.007101264461129904,21.502300391919686,0.007091470940433668
111,21.491849020385743,0.007115269661247731,21.506470082600913,0.007090231198817492
112,21.495747807006836,0.007108226200342178,21.502008021961558,0.007099847123591286
113,21.49683841003418,0.007106769258826971,21.439598962032434,0.007199124271670978
114,21.484909833374022,0.0071279380851984025,21.516123500014796,0.007063450300219384
115,21.492185989990233,0.007114749547541142,21.43018642541134,0.007221197348200914
116,21.487705391845704,0.0071235603642463684,21.49815708738385,0.0070995851922215835
117,21.488998840942383,0.007119207595288754,21.49843782598322,0.007103187665343284
118,21.50964924255371,0.007087113758325577,21.487242736816405,0.00712258821974198
119,21.485807568969726,0.007126812520325184,21.4884352944114,0.007126605819459214
120,21.491807889404296,0.007113910631537437,21.45780075304436,0.007166548229076646
121,21.50086696044922,0.007098550798296928,21.477239252726235,0.007134074702520262
122,21.488395294189452,0.007120358805656433,21.505172946814334,0.007083909945054488
123,21.486697602539063,0.007123978737592697,21.490927382960464,0.007114793141795831
124,21.49249799560547,0.007113726103305817,21.47799239649917,0.007142364935328563
125,21.494406409301757,0.007112757177650929,21.51191921118534,0.007081570659735889
126,21.491849083862306,0.007115377282500267,21.500290457985617,0.00709933215187806
127,21.49558769958496,0.007107774344980717,21.518581179994527,0.007070115252087513
128,21.503152890014647,0.00709732836201787,21.475488147157613,0.0071413805426070185
129,21.499237724609376,0.0071041429322957995,21.53481914173473,0.007041363257237456
130,21.49368351135254,0.007111901811957359,21.455711549701114,0.007170344727734724
131,21.487621416015624,0.007123014779686927,21.484623299800987,0.0071214598936565
132,21.50042935668945,0.007101207680106163,21.4457209407922,0.007198219463003404
133,21.501512317504883,0.007100163771212101,21.55472568396366,0.007009518923181476
134,21.506091431274413,0.007093321558535099,21.493066769224225,0.007101404348557646
135,21.4871805078125,0.007122230094820261,21.508251853711677,0.007081640038752194
136,21.497087393188476,0.007107791102230549,21.51880006269975,0.007070648933789044
137,21.49295591491699,0.007114300237745046,21.463141828594786,0.007154419519232981
138,21.496565146484375,0.007106003507077694,21.45454348939838,0.007177525118670681
139,21.509377700805665,0.007085901279151439,21.456037336407284,0.007167592917314985
140,21.506693760986327,0.007090934565067291,21.49602271571304,0.00710614247981346
141,21.490925006713866,0.007116364014148712,21.53550362558076,0.0070370630874778285
142,21.50136852722168,0.0070986849837005135,21.509996652314157,0.007088713924767393
143,21.494757102661133,0.007110604065656662,21.514981848976827,0.007072452622268236
144,21.501988665771485,0.007097455778867006,21.588221484097566,0.006952340826956612
145,21.493770111694335,0.007113121910542249,21.44158922137636,0.007199138717330767
146,21.48585217224121,0.007124030252397061,21.459649910204337,0.00716088351031596
147,21.493880133056642,0.007113899323344231,21.48212028503418,0.007127610325361743
148,21.494717312622072,0.0071110067051649095,21.420542884595466,0.007227652729912238
149,21.502568892822264,0.007097698197960854,21.411811081857394,0.007252173533832485
150,21.491809415893556,0.00711737796753645,21.47790925690622,0.00713597372456482
151,21.488427794799804,0.007121853992342949,21.42688328598485,0.007222826967975407
152,21.48718590576172,0.007122935516834259,21.47051399230957,0.007149048638388966
153,21.494663912963865,0.007109595461189747,21.49907119288589,0.0070977954504390555
154,21.492485965576172,0.007114190189242363,21.538519594597094,0.007034771955487403
155,21.504387939453125,0.0070956719571352005,21.51262964190859,0.007073426238740936
156,21.494540931396486,0.00710942948281765,21.499868952433268,0.007096904631365429
157,21.508881245117188,0.007086591559201479,21.461875,0.007166873313712351
158,21.493548491210937,0.007111596579551697,21.537091217041016,0.0070369135447298035
159,21.500848715209962,0.007098970751166344,21.50689227479877,0.007082378189220573
160,21.498311516113283,0.007104848734736442,21.549672211155748,0.007014454253243678
161,21.502527143554687,0.007096597401499748,21.407107345118668,0.00725085017243118
162,21.51088430053711,0.007085707580447197,21.466587052778763,0.007154417647556825
163,21.491630829467773,0.0071174501784145834,21.491314618659743,0.007117127260814111
164,21.490260018310547,0.0071171347945928574,21.430149575435752,0.007212383354252035
165,21.491963908081054,0.007115346692502499,21.473597067630653,0.007141446562653238
166,21.506673276367188,0.007090365802049637,21.487086863662256,0.007114284639105652
167,21.49565027038574,0.007108767730444669,21.484193369547526,0.007121795488690788
168,21.505589014282226,0.007093546068966389,21.475661523992365,0.0071395823455443885
169,21.497492669677733,0.007104732441902161,21.47591459563284,0.007136351485369783
170,21.500339962768553,0.007099308028221131,21.485542609474876,0.0071300833706151355
171,21.50124500061035,0.007099759818315506,21.47634287285082,0.007142334001872576
172,21.493148790283204,0.0071138885590434076,21.487417251124526,0.007124170544133945
173,21.50434069152832,0.007096264387667179,21.45814188639323,0.007170328405883276
174,21.499265218505858,0.007102988239973783,21.479278046579072,0.00713699616096688
175,21.504689202880858,0.007093455570936203,21.552599757801403,0.0070160949523701815
176,21.479933915405272,0.007133644711077213,21.486101326219963,0.007126340780294302
177,21.49784329345703,0.0071045380161702636,21.523025427153616,0.0070612194157685295
178,21.484548696289064,0.007126700852513313,21.52327402750651,0.007061416688516285
179,21.48554066345215,0.007124886528551579,21.55932109717167,0.00700034639205445
180,21.507724608154298,0.007088594893217086,21.448222133752072,0.007188498763875528
181,21.502319122314454,0.007098999954462051,21.481941304062353,0.007124957758933305
182,21.498212079467773,0.007103640257567167,21.506587212302467,0.007092900027831395
183,21.497940130615234,0.00710387387573719,21.45152107932351,0.007183677192890283
184,21.500809428710937,0.007101747364997864,21.496900974620473,0.007105258857887803
185,21.482787646484375,0.007128543420135975,21.479460271199546,0.007126420521826455
186,21.494269186401368,0.007112193486988544,21.455045797174627,0.007170580117539926
187,21.507517698364257,0.007088984116911888,21.48840090896144,0.007121115379374135
188,21.47859614074707,0.007137107805609703,21.51647826454856,0.00707166731470462
189,21.51187253051758,0.007082378672361374,21.524167105934836,0.00705886085094376
190,21.501288853759764,0.007099075763523578,21.512388652454725,0.0070787734775380655
191,21.490295300292967,0.007117597409784794,21.47598070780436,0.007142843786965717
192,21.493842740478517,0.007111303772032261,21.446923120672054,0.007192224392272306
193,21.5017083795166,0.00709988851070404,21.4713088388154,0.007144657907386621
194,21.496676851196288,0.007107065970003605,21.52908316409949,0.007045562708129486
195,21.503368047485353,0.0070962139955163,21.55063781969475,0.007017489019216913
196,21.508848126220702,0.007084590461552143,21.4834540049235,0.007125333681363951
197,21.489705720825196,0.0071194897839426995,21.54390631011038,0.00702324075003465
198,21.507502586669922,0.007087529285848141,21.55237417972449,0.007007824984576666
199,21.486288283081056,0.007124074398577213,21.480549700187915,0.007120914972867026
200,21.498390869750978,0.007103883902430534,21.485960302641896,0.0071194766281229074
201,21.492868184204102,0.007112441900670528,21.511721001827354,0.007080013641918247
202,21.49469235534668,0.007111999621987343,21.51922539913293,0.007067426416571393
203,21.48167254699707,0.007131557822227478,21.523244154959013,0.007057234863327308
204,21.47914426452637,0.007136930859982967,21.44572630217581,0.007192784573769931
205,21.49854677307129,0.00710227508276701,21.490358248623934,0.00711421895433556
206,21.49197916748047,0.007112708167731762,21.45893332047896,0.0071644756722856655
207,21.48796011779785,0.007120963772088289,21.446914730650008,0.007189447738681779
208,21.491926696166992,0.007115322817862034,21.49110419764663,0.007114439721811901
209,21.489139091796876,0.007119483807086944,21.478388863765833,0.007133573050977606
210,21.508319040527343,0.007089880176633596,21.549505555123993,0.0070140717342270145
211,21.499840978393554,0.0071008649751544,21.460052467115,0.007163930516125578
212,21.50955248413086,0.0070840397638082505,21.464120425599994,0.0071587332450982295
213,21.491238166503905,0.007116908206939697,21.563605679598723,0.00699407606470314
214,21.48373935180664,0.0071289170204102996,21.47807535576098,0.007135757946155288
215,21.505275494384765,0.0070914990945160385,21.53596756443833,0.007044006536404292
216,21.487836286621093,0.00712139884442091,21.502097295125324,0.00709816854560014
217,21.49658675476074,0.007107543319165707,21.447832680904504,0.007184446484527805
218,21.49931063415527,0.0071011971558630465,21.494794182054925,0.007103701516082792
219,21.499552749023437,0.007101232933402061,21.50692177281235,0.007081885655043703
220,21.48703326965332,0.0071241143299639225,21.500036121715198,0.007094727996736765
221,21.476792387695312,0.0071398367151618005,21.494357963330817,0.007104177262746926
222,21.504685801391602,0.007096864579170943,21.439431261004824,0.007197324760032423
223,21.504862419433593,0.007092745251953602,21.51118877988873,0.007075814661203009
224,21.497628541259765,0.007106071403473616,21.530752540357184,0.007047421261103767
225,21.495312553100586,0.00711009296298027,21.5135123166171,0.007073001938335823
226,21.512666653442384,0.007077541992068291,21.525958291256067,0.0070617644680720385
227,21.493995461425783,0.007112676212638617,21.493884635694098,0.0071155381208342135
228,21.4892501361084,0.0071192397847771646,21.52456360094475,0.0070515614917332475
229,21.493721177368165,0.007114372622072697,21.488549266006007,0.00712087335121451
230,21.496047501220705,0.0071088976174592975,21.475471235333067,0.007144153778525916
231,21.495826638793947,0.007109149223864079,21.482388569224966,0.00712544938662287
232,21.488806044311524,0.0071185583391785625,21.445919508500534,0.007186391371669191
233,21.499154769897462,0.007099929648041725,21.463349671797317,0.007154720218457056
234,21.498205439453123,0.007105723432004452,21.546413551099374,0.007026478646492416
235,21.49378644592285,0.007113219012916088,21.43854546518037,0.007204333460805091
236,21.509996833496093,0.007085122337937355,21.442322537971265,0.007192523097901633
237,21.487297962646483,0.007122455199360848,21.53419159860322,0.007040792280300097
238,21.491326840820314,0.007115120598524809,21.486430976174095,0.0071203759222319635
239,21.511270646972655,0.007081785765141249,21.493662960168088,0.0071107763576913965
240,21.501748908691408,0.007102760670930147,21.475748545328777,0.0071358522936476
241,21.509295681762694,0.007087326113581658,21.47026811773127,0.007148976246403023
242,21.496716184082032,0.007106790638715029,21.506380744702888,0.007085853417714436
243,21.496269968261718,0.0071081619673967365,21.475119471694484,0.007134982937326034
244,21.49905808959961,0.007104759508371353,21.474348519065163,0.0071437933600761675
245,21.491951123046874,0.007113565001934767,21.5120313725327,0.007075977303990812
246,21.50286442687988,0.00709775762528181,21.544777714122425,0.007024557789166768
247,21.512382626953126,0.007081698572039604,21.502740947838987,0.007092449556697499
248,21.501452455444337,0.007097706567645073,21.46645307598692,0.007156388941926487
249,21.478876832885742,0.0071369340823590754,21.527379118023497,0.007062738104300066
250,21.508707386474608,0.00708838873103261,21.42859433029637,0.007212038093218297
251,21.493018041992187,0.007111519658863545,21.480171016346326,0.007125126917592504
252,21.507361595458985,0.007090471595227719,21.508237912727125,0.00708235003054142
253,21.492768155517577,0.007114418704807758,21.49388989766439,0.007108749667690559
254,21.504198580932616,0.007095144597887993,21.455293456568864,0.007171582291184953
255,21.505916549682617,0.007093741424232722,21.48372677196156,0.007125761759552088
256,21.50846017211914,0.0070874927036464214,21.54049940629439,0.007031503406099298
257,21.499859734497072,0.007103053730130196,21.497287680886007,0.007104841391697075
258,21.499166654052733,0.007102671871483326,21.51319865371242,0.0070752306079322645
259,21.50644937927246,0.007092098354399204,21.44452938889012,0.0071898608784558195
260,21.493464361572265,0.0071176050823926924,21.47785872488311,0.007130004843188958
261,21.49658198120117,0.0071082160824537275,21.533313092318448,0.0070400774004784495
262,21.497463532714843,0.007104687705039978,21.49669510350083,0.007105973469601436
263,21.501039157104493,0.007100951060652733,21.452051766135476,0.007176142092229742
264,21.502784758911133,0.00709712472975254,21.514542129978988,0.007076652074853579
265,21.505984475708008,0.007091046161353588,21.47222597064394,0.007145469194334565
266,21.505282224731445,0.007092416442632675,21.467590884584368,0.0071474955112419344
267,21.484975671386717,0.00712645481094718,21.543331765839547,0.007028333210583889
268,21.518494771728516,0.007071608487814665,21.481061190980853,0.007134286100891504
269,21.50317037414551,0.007097180328667164,21.49283275951039,0.007105924532268986
270,21.4978694140625,0.00710268733933568,21.52770938988888,0.007053257328542796
271,21.498970122680664,0.007102745259404183,21.515380436290393,0.007079430613102335
272,21.481821197509767,0.00713274876743555,21.514585869529032,0.0070780610581013285
273,21.480380100097655,0.007134970443546772,21.472708902070018,0.00714359850763823
274,21.489770326538085,0.0071182728266716,21.48508033983635,0.00712076098517035
275,21.517479990234374,0.007072712008208037,21.47539882775509,0.00714100340832815
276,21.49868803894043,0.007104538182616233,21.503132423632074,0.007091692740266974
277,21.496747204589845,0.007106501825898886,21.495936228434246,0.007099864112043923
278,21.50290219482422,0.007096939646601677,21.50075355529785,0.007102657537342924
279,21.489892091674804,0.007119610513150692,21.553130814523406,0.007007567186021443
280,21.491704947509767,0.007114640379846096,21.5455966833866,0.007029413123699752
281,21.489616016235352,0.007115438256859779,21.494611469615588,0.007102781839555863
282,21.506237306518553,0.007091486289203167,21.474219545306582,0.0071370014469280384
283,21.488208607788085,0.007121315177381038,21.553328265565813,0.0070114238797263665
284,21.504779907836912,0.0070938641412556175,21.529388277458423,0.007049302613419114
285,21.50103974121094,0.0071019206017255785,21.481870979540275,0.007133111844234394
286,21.484453157348632,0.007128424120247364,21.486810802112927,0.007119369154062235
287,21.49104750488281,0.007119673831164837,21.52042504050515,0.007066172597308954
288,21.501245189819336,0.007100256311446429,21.495729797825668,0.007105925949572614
289,21.49645948913574,0.007106918974667788,21.521790313720704,0.007057951374938994
290,21.500497705078125,0.007101364640891552,21.483132298787435,0.007126830607991327
291,21.492191244506834,0.007114252622723579,21.54259880759499,0.007036126284775409
292,21.495738070678712,0.007109402601718903,21.464092106674656,0.0071564882113174955
293,21.50869275024414,0.007086590639650821,21.504639943440754,0.007089787325962926
294,21.49892869934082,0.0071033362428843975,21.554528688372987,0.007008852760561488
295,21.49576528869629,0.00710923972427845,21.533114603216,0.007041397191809885
296,21.50033648498535,0.007099910318404436,21.50505156777122,0.007093189249210286
297,21.50139011779785,0.007099342281073332,21.48466567993164,0.0071231503626613905
298,21.497743506469728,0.0071048744514584546,21.530584527217982,0.0070450593124736435
299,21.497315087280274,0.007107054945677519,21.45146370165276,0.007180126687568246
300,21.49243560180664,0.00711141687437892,21.505605623649828,0.007084649214238832
301,21.496567098999023,0.007109401572942734,21.503860656275894,0.007090447697449814
302,21.481845349121095,0.007132998821139336,21.527884276418973,0.0070517669680217904
303,21.49987320251465,0.007101931452155113,21.50523134173769,0.007086524559241352
304,21.504271202392577,0.007094520799815655,21.49730117566658,0.00710561831961527
305,21.506035134277344,0.007091072748601436,21.474851448752663,0.007150041588553877
306,21.513466236572267,0.007077500202953816,21.53909342216723,0.007032176071044171
307,21.491645365600586,0.0071151754447817805,21.52203855572325,0.007061812585276185
308,21.489002181396483,0.0071185700565576555,21.49568773905436,0.0071033296034191595
309,21.49491617553711,0.007110636444240808,21.523495053378017,0.0070590185057936294
310,21.496117030029296,0.007110634253025055,21.492324417576647,0.007106027593553969
311,21.490189478149414,0.007115813233405352,21.463116300178296,0.00716121820789395
312,21.501871278076173,0.007097755267769098,21.490992380777996,0.00710937016050924
313,21.50366037841797,0.007096725268661976,21.505261225844876,0.007090244962071831
314,21.486677830200197,0.007124825833588839,21.497942729140775,0.007102948283268647
315,21.49602419555664,0.007107195253372192,21.50203472253048,0.0070935792272741145
316,21.482529075317384,0.007132513549923896,21.44142295143821,0.007201222632306091
317,21.493647522583007,0.007111268512755633,21.51558974988533,0.00707975883827065
318,21.501941417236328,0.007099178421348333,21.468965326944986,0.00716178719970313
319,21.50407570800781,0.007095006440877914,21.50251784815933,0.007092631586799116
320,21.507616970825197,0.007089799896776676,21.4982859062426,0.007101397186969266
321,21.513975682373047,0.007076623964905738,21.55944486213453,0.0070025887182264615
322,21.48656942993164,0.007124105255901813,21.53154602281975,0.007050007480676427
323,21.495867657470704,0.007106330514550209,21.42316327644117,0.007223401844049945
324,21.484912888183594,0.007128138736486435,21.45731769214977,0.007166031487286091
325,21.498049176635742,0.007104863698035479,21.512215788870147,0.0070755524549520376
326,21.476517911987305,0.007140341415405273,21.51596662347967,0.007068203588326772
327,21.495683696289063,0.007108650180101395,21.510346094767254,0.007072908111255278
328,21.503354389648436,0.007099707272201776,21.470871508049242,0.007144189194747896
329,21.494878515014648,0.007110492061525584,21.45565006602894,0.007170332688838243
330,21.502004230346678,0.007097559680938721,21.472368903882575,0.007144377503656979
331,21.507507336425782,0.007089980797767639,21.44807327964089,0.007195202528753064
332,21.511075014648437,0.007082704245597124,21.4755588277181,0.007143407556030787
333,21.484650809936525,0.007128756906688213,21.50491042166045,0.007086345200059992
334,21.493427590332033,0.00711264348089695,21.521472528631037,0.007060059271188396
335,21.487696599731446,0.007123343840390444,21.521717785921965,0.007061234612695195
336,21.496602113647462,0.007107134950459003,21.436323434078332,0.007211125890978358
337,21.4813837097168,0.007132857669442892,21.485097099073005,0.007132387987592003
338,21.499347028808593,0.007104650944769382,21.55770101142652,0.0070029577866873955
339,21.503815936889648,0.0070946871268749235,21.504453804709694,0.007086487017346151
340,21.487557300415038,0.007122063479274511,21.429384705514618,0.007230597411028363
341,21.509023471069337,0.007086190145313739,21.48266071666371,0.007125562240905834
342,21.490293428955077,0.007115659002065658,21.48727066271233,0.007115612237178015
343,21.50913664916992,0.00708542322576046,21.501249884403112,0.0070962970534508875
344,21.494331841430665,0.007114159791618586,21.476932675910717,0.0071347957934168255
345,21.505358755493162,0.007094740935266018,21.475027930519797,0.007139898838306015
346,21.49748896057129,0.007104553986042738,21.557810749863133,0.007005228463447455
347,21.507689881591798,0.0070875775340199475,21.496240932580196,0.007102586944785082
348,21.493962009887696,0.007112155196964741,21.49139291011926,0.007114390947037574
349,21.481663615722656,0.007132363572716713,21.498599116007487,0.007098809815378803
350,21.49488577758789,0.007109424767792225,21.506512092821527,0.00708783934457284
351,21.503137941894533,0.007094357827752829,21.540300114949545,0.0070299129176772
352,21.48856624633789,0.007122081832587719,21.466560611146868,0.007149186556537946
353,21.502339568481446,0.007099001007974148,21.544769902084813,0.007022094286300919
354,21.50584801879883,0.0070903265631198885,21.521850997462415,0.007058175448892695
355,21.50318234436035,0.007097305365949869,21.517182305075906,0.007068604644049297
356,21.49752432373047,0.007104742711782456,21.519037792321406,0.007066396217454564
357,21.498141008911134,0.007104220819473267,21.47985528194543,0.007129555491335465
358,21.481980098876953,0.007131787933707237,21.488546967939897,0.007114109380001372
359,21.499368002319336,0.007102807779908181,21.428369665434865,0.007214763787095294
360,21.516747407226564,0.007075554924011231,21.472925680911903,0.007141770178621465
361,21.50427902709961,0.007093450473546981,21.466032518329044,0.007154814962749228
362,21.50023420227051,0.0070997499132156375,21.51651987249201,0.007073944453714472
363,21.504073568115235,0.007095135422647,21.438551332878344,0.00720389362424612
364,21.512732487182618,0.007081753626763821,21.525586894642224,0.007059437073767185
365,21.47262739074707,0.007147568349242211,21.4819355542732,0.007124923691153526
366,21.508763300170898,0.007088510474562645,21.559607858368846,0.0070054428527752555
367,21.49568119140625,0.007110834901630878,21.531337019024473,0.007042810313516494
368,21.49360118652344,0.0071126562583446505,21.516357579086765,0.0070718128843740985
369,21.488278893432618,0.007120066004246473,21.521470475630327,0.00705996510713841
370,21.486001763305666,0.007124737367928028,21.52581944321141,0.007050146910954605
371,21.501365943603517,0.007097049347907305,21.456003353234493,0.00717599606423667
372,21.49285065185547,0.007112885136902333,21.516304980191318,0.007071386357825814
373,21.505009454345704,0.007091590614020825,21.566156606963187,0.006992836558457577
374,21.50170447143555,0.007100803646147251,21.492697839447946,0.007117304460455974
375,21.494231343383788,0.007110629652142525,21.508956717288854,0.007082295726533189
376,21.504305148315428,0.007092240444421768,21.49908110416297,0.00709558952035326
377,21.50679886291504,0.007090733686089516,21.495555775960288,0.007100319817210689
378,21.480183115844728,0.007135687182545662,21.542956027406635,0.007035024623301896
379,21.50083422668457,0.007102311056852341,21.47249114296653,0.007143329799062375
380,21.495863717651368,0.007109414544701576,21.520854080662584,0.0070596755832207925
381,21.51642907104492,0.007071578054726124,21.499333662553266,0.007104003033741857
382,21.500066346435545,0.007100584554076195,21.469206117572206,0.007145218488506295
383,21.496245299072264,0.007108188752233982,21.47204172770182,0.007141345953851035
384,21.49795426635742,0.007104763712286949,21.464909027561998,0.007152310670776801
385,21.51120196044922,0.007080464043021202,21.529204899181018,0.007046731559164596
386,21.505837080078123,0.007092108217179776,21.491014975345497,0.007111394213456096
387,21.509057310180665,0.007086482943296432,21.454583411939215,0.007176470812974554
388,21.49086625427246,0.0071177747079730035,21.55670196533203,0.007003523289705767
389,21.50698536254883,0.007090651507079601,21.539530110214695,0.007029663793968432
390,21.502056081542968,0.007098155313581228,21.52934765208851,0.007047811212639014
391,21.493840325317382,0.007112637007832527,21.49816443934585,0.007098441369492899
392,21.50327942260742,0.007096529066860676,21.521528098366478,0.007063418493577929
393,21.506855985717774,0.007090171998143196,21.506040513009737,0.0070859350557580135
394,21.50641462890625,0.007090436870455742,21.494879702943745,0.00710170546095028
395,21.50846604187012,0.0070866028358042244,21.494475923018022,0.0071117639157808185
396,21.496248568725587,0.007107072819173336,21.489292671897193,0.0071159827268936415
397,21.49242072998047,0.007114544715583325,21.48239148689039,0.00712593704574939
398,21.48200724609375,0.007132014757543802,21.535186684348368,0.007033624992226109
399,21.48975288269043,0.007119484232515096,21.410412132956765,0.007254309364679185
400,21.496117708740233,0.00710746944129467,21.471774333607065,0.007141148705374111
401,21.506198428955077,0.007089624172896147,21.46602778348056,0.007156286153829459
402,21.499932942504884,0.007101138758510351,21.583697620738636,0.0069622739427017445
403,21.500983427734376,0.007099076929092407,21.55091699080034,0.00701638517449751
404,21.49180827026367,0.007118363208174706,21.499249794699928,0.007100838912707386
405,21.498021657714844,0.007104822944700718,21.487476304950135,0.007126586211450172
406,21.495358844604493,0.007110010700672865,21.45953799161044,0.007162441098780343
407,21.510945717163086,0.007082943379282951,21.492687444975882,0.007109717040350943
408,21.499387341918947,0.00710228972107172,21.555929743448893,0.0070093760899070535
409,21.50862728210449,0.007087196832299233,21.46655071374142,0.007153063787881172
410,21.508475895996092,0.007085788286328316,21.477455631602894,0.007138908034134092
411,21.494315338745118,0.007110251801013947,21.499739946307557,0.007098764325068755
412,21.5039841796875,0.007094460394084454,21.50592022751317,0.007097577605057847
413,21.50554490722656,0.007091022514849901,21.534269258903734,0.007037942869532289
414,21.489989451293944,0.0071207175362110135,21.54094574205803,0.007024716725855163
415,21.499959594726562,0.0071033909496665,21.492862632057882,0.007109378848337766
416,21.504408365478515,0.0070948008060455325,21.55119458516439,0.007009137590613329
417,21.4960207232666,0.007110229599773884,21.526643540353486,0.007065051144384073
418,21.51191250793457,0.007083709334433079,21.54374692512281,0.007030006013810635
419,21.48791401123047,0.007122607039213181,21.492881691672586,0.007116136607347113
420,21.50884036010742,0.007086109144687653,21.457612771698923,0.007170219204642556
421,21.503624478759765,0.007096098101437092,21.519047701286546,0.007066903104723403
422,21.507228276367186,0.007090415676236152,21.458973377112187,0.007169528729423429
423,21.510140924072264,0.007083047438561916,21.48301213351163,0.007128456733895071
424,21.497901673583986,0.007105909358114004,21.48791499744762,0.007115196731280197
425,21.508613554077147,0.007087200365066528,21.473862246889055,0.007133093659173358
426,21.510363416137697,0.007084117867946625,21.529929798010624,0.00704986064102162
427,21.507627079467774,0.007089164925664663,21.51547345016942,0.007070523129042351
428,21.493772670898437,0.00711219411239028,21.556724793405245,0.007007479305858865
429,21.498078333740235,0.007105484187304973,21.51677214420203,0.007066673475571654
430,21.51206922546387,0.0070822699797153475,21.51850977117365,0.007062221844539498
431,21.517831485595703,0.007071814210414886,21.58047505234227,0.006966042999516834
432,21.50072866333008,0.007099968279898167,21.51792501738577,0.007066981873729012
433,21.49118539916992,0.007115656864643097,21.533377082131125,0.007042572378096255
434,21.511057185668946,0.007082605544477701,21.52534327651515,0.007060010680420832
435,21.499808817749024,0.007100454403162003,21.48949075872248,0.007112516518682241
436,21.491970663452147,0.007113521416783333,21.546909609707917,0.007018043336204507
437,21.49393130004883,0.007110734830200672,21.514460236520478,0.007078113555908203
438,21.50766625793457,0.007091565110683441,21.517477162679036,0.007063546901512327
439,21.498179387817384,0.007104848985075951,21.467442018913502,0.007152689467325355
440,21.50259166015625,0.007101413857340813,21.46698495575876,0.007149827089725119
441,21.48848235534668,0.00711980947971344,21.531504135131836,0.007050932859719703
442,21.49771903991699,0.007105916734933853,21.406125451290247,0.0072775877662228814
443,21.52043378112793,0.007068670291304588,21.498249527902313,0.007095001666721973
444,21.499093630981445,0.0071034052999317645,21.513530421401516,0.007078650594886505
445,21.51246749633789,0.007082877172529698,21.517314416133996,0.00706894633388429
446,21.503941060180665,0.007094977392852306,21.498829935247247,0.007099152812452028
447,21.49693508605957,0.007109009236395359,21.48398858272668,0.007123246109959754
448,21.495351709594726,0.007109871751368046,21.512468171553177,0.00707891516556794
449,21.501184247436523,0.007096756179928779,21.60090189847079,0.006936614223276124
450,21.501373951416017,0.007102634119987488,21.470917504050515,0.007148980279311989
451,21.510597010498046,0.00708317454636097,21.531119387077563,0.007051489197959502
452,21.49968592651367,0.007102390711009502,21.538166846073036,0.007035469901606892
453,21.484399779663086,0.007126845379471779,21.53821375991359,0.0070361564901064745
454,21.51172143249512,0.007082088971138,21.491833336570046,0.007112557300451127
455,21.505654389648438,0.007094122091084718,21.478826370239258,0.007127888053655624
456,21.50399179321289,0.007095427449047565,21.50057266697739,0.007101801206555331
457,21.50309486694336,0.007096281276345253,21.53886727072976,0.007037275823002512
458,21.508447770996092,0.007087515544891358,21.45277643145937,0.007182437315244566
459,21.49704925720215,0.0071080322310328485,21.509980669888584,0.007084692777557806
460,21.501360921020506,0.007102036462724209,21.47327906521884,0.007145995333452116
461,21.50808721801758,0.007091229400336742,21.516406624533914,0.007070533545179801
462,21.508305491333008,0.0070877475905418395,21.544829929236208,0.007021954716606574
463,21.489177274780275,0.007121782590150833,21.471649590694543,0.0071442442059968456
464,21.51024217529297,0.007082616546899081,21.52416074117025,0.0070616050041986235
465,21.505410247192383,0.00709239210486412,21.511708006425337,0.007088524230163206
466,21.514399633178712,0.007078400328457355,21.540374959309897,0.007032341588514321
467,21.507885712890626,0.007087367060035467,21.50802819916696,0.007084940861007481
468,21.512540596313478,0.007081286651194095,21.482937561959933,0.007117026937053059
469,21.509210427246092,0.0070853047026693825,21.47427854826956,0.007139461602676998
470,21.502785080566404,0.007098633095026017,21.53758903503418,0.007040728762407194
471,21.508412896728515,0.007088466695696115,21.47169128186775,0.007149222872473977
472,21.485246134033204,0.007126309558749199,21.485878961736507,0.007120325158378391
473,21.50055016784668,0.007103133527636528,21.52162233063669,0.007058972045779228
474,21.515303182373046,0.007075736253112554,21.543670809196705,0.007026441096130646
475,21.504155951538085,0.007095182239711285,21.53127632603501,0.007043977586947608
476,21.496826385498046,0.00710678872436285,21.507199103615502,0.007083552507965853
477,21.49784234313965,0.007105389385223389,21.5626341825543,0.0069943277295114415
478,21.498049028930666,0.00710626963853836,21.483209145285866,0.00712584379891103
479,21.507800767822264,0.0070887619917094705,21.52615110686331,0.007054210955446416
480,21.517328737182616,0.007073372456729412,21.532005208333334,0.007046865964251937
481,21.489743684082033,0.007119261203110218,21.424767939249673,0.007240183974870227
482,21.505870569458008,0.007092159301191568,21.459424334439365,0.007164758963115287
483,21.499206502685546,0.007102513372153044,21.50140879081957,0.007098613490322323
484,21.52003207397461,0.007067932460904121,21.52424459284002,0.007057622190226208
485,21.489632861328126,0.00711937381207943,21.469319885716295,0.007161571032395868
486,21.496654700317382,0.007106015168428421,21.498230278708718,0.007099824378436262
487,21.502966690063477,0.00709455974444747,21.581407704208836,0.006965921817516739
488,21.503901373291015,0.007094657382369042,21.469464807221385,0.007145946673823125
489,21.49889286254883,0.007103934256434441,21.524769911332562,0.007057045999575745
490,21.491811967773437,0.007118095571696758,21.413172262943153,0.007245225055764119
491,21.499411915893553,0.007103190555274487,21.565163907137784,0.006993365613461444
492,21.501412314453123,0.007100465105175972,21.463352129387133,0.007156465677826694
493,21.491887998046874,0.007116886638402939,21.512510810620856,0.007077719206272652
494,21.50970316101074,0.007085647778511048,21.517397382331616,0.00706679954052423
495,21.508189522705077,0.007086094417124987,21.50650732098204,0.007092843891093225
496,21.503858847045898,0.007096153799444437,21.444110659974996,0.007192340046167374
497,21.49037293395996,0.007117995422780514,21.552465353301077,0.007012416492357398
498,21.506153327636717,0.007090781767815351,21.50339193170721,0.007099103035235947
499,21.511164605712892,0.007084220660626888,21.481895386666963,0.0071238616007295525
500,21.499051876220705,0.007104211136698723,21.43580659346147,0.007201219861480323
501,21.51710159729004,0.007074523752033711,21.482312222105083,0.00712433629697471
502,21.505810229492187,0.007091553734689951,21.56478010004217,0.006990679969841784
503,21.50466606201172,0.0070946624404191975,21.493918064001836,0.007110424423308084
504,21.497338209838865,0.007104675248712301,21.53694188667066,0.007034410181822198
505,21.49813431335449,0.007104288088679313,21.521271660544656,0.007065969425620455
506,21.492030694580077,0.0071151479314267635,21.532662545406456,0.007040971923958171
507,21.51019823852539,0.007086391132026911,21.498058106393525,0.007099591051087235
508,21.490447097778322,0.007116513625383377,21.44262186686198,0.007191342101855711
509,21.508617131347656,0.007088334165662527,21.47267745509292,0.007143199805621848
510,21.50556715515137,0.007093456804454327,21.474397294015596,0.007143760675169301
511,21.507123579101563,0.007090687096714974,21.512442011977686,0.007076056969888282
512,21.507062567749024,0.0070886163134872915,21.549535688920454,0.007016061198982325
513,21.496300059204103,0.0071070979329943655,21.536338843143348,0.0070418376238508655
514,21.491410498657228,0.007115527635365724,21.48280642422763,0.007123780919408257
515,21.492108720092773,0.007116331597566605,21.47041042212284,0.007148126320856991
516,21.501388818969726,0.007099040822833777,21.483011689619584,0.007125236028523156
517,21.50067215576172,0.007102113823443651,21.59524907430013,0.00694318855294224
518,21.49618807434082,0.007107869553416968,21.478308086973247,0.007136671475388787
519,21.503845423583986,0.007095217340290547,21.524657336148348,0.007059880703913443
520,21.48840015563965,0.007120180579423904,21.45724066763213,0.007167168060938517
521,21.500461181030275,0.00710028648763895,21.544641566421046,0.0070243753391233356
522,21.505436358642577,0.007093859532624483,21.53400526335745,0.007038005987803141
523,21.496264880981446,0.007110398773550988,21.479404696840227,0.007136529501753323
524,21.49708992919922,0.00710623940140009,21.47107755025228,0.0071460108250153784
525,21.503918424682617,0.0070950701221823695,21.49827928022905,0.0071025841796036925
526,21.48432530944824,0.0071290766184031965,21.48387880498713,0.007132801167441137
527,21.508118315429687,0.007088006097972393,21.481688965306137,0.007129014883980607
528,21.501879197387694,0.0070981595849990845,21.519522487755978,0.007069018635560166
529,21.498493419799804,0.007101747264266014,21.50157185872396,0.0070937160267071295
530,21.49981022338867,0.007101323474496603,21.511858557498815,0.007074487446383997
531,21.50505736633301,0.007092516494691372,21.464194516268645,0.007158487829746622
532,21.509646794433593,0.00708565723657608,21.493823531179718,0.007106836500267188
533,21.498171870117186,0.00710330860376358,21.489273753310695,0.007111943925194668
534,21.494146032104492,0.007112131792008877,21.483919201475203,0.007126684462030728
535,21.509834243774414,0.007082790657281876,21.486118124759557,0.007117757774663694
536,21.50002606567383,0.007103211710751057,21.495517469463927,0.007103642694877856
537,21.502723496704103,0.00709631902590394,21.495432441017844,0.0071091255658503735
538,21.50580923095703,0.007090777495801449,21.514361865881718,0.007069364336291046
539,21.505029692382813,0.0070918831695616245,21.582595998590644,0.0069610239717770705
540,21.49543862182617,0.007112172285914421,21.504167270082416,0.0070942378303769866
541,21.504061530761717,0.0070945006942749024,21.525707982381185,0.007052306325711084
542,21.508643076171875,0.007085866609364748,21.483484374537614,0.007122654498865207
543,21.50088365234375,0.007100051093399525,21.47363999337861,0.007142713703215123
544,21.5062955670166,0.007092196453213692,21.51674417669123,0.00707117530545502
545,21.505753596801757,0.007092315920442343,21.463365487763376,0.0071578682563973196
546,21.495143754272462,0.007108713220357895,21.494436742609196,0.007113492752453594
547,21.50563934448242,0.007092516924738884,21.452589784102006,0.00717431129379706
548,21.5083964453125,0.007088437362462282,21.492788337938713,0.007108925933752096
549,21.49176109741211,0.00711503529548645,21.438346622351443,0.007199854362530239
550,21.49859966003418,0.007104628832042217,21.55186747926654,0.007016140699499484
551,21.489854775390626,0.007117420018017292,21.48483624313817,0.007120563552122225
552,21.497478579101564,0.007105458079725504,21.483380848277697,0.007130600721998648
553,21.509872033081056,0.0070854220989346505,21.489497995087596,0.007110231675659166
554,21.517909453735353,0.007071864674687386,21.541320213549064,0.007031494237934098
555,21.499497158203123,0.0071021377518773075,21.542027812148586,0.007029254508176536
556,21.498412855224608,0.007103550194203854,21.502898203531903,0.007094165349209851
557,21.495971491088866,0.007108792790621519,21.5398582574093,0.007034964901254033
558,21.504253295288088,0.007096541308909654,21.53057699954871,0.007049518940462307
559,21.499887164306642,0.00710246455848217,21.559449458266748,0.006997556686401367
560,21.51138692565918,0.0070838099694252015,21.511475501782968,0.00707746387374672
561,21.507779263916017,0.007087689125537872,21.448052028309217,0.007189031918392037
562,21.504818826904298,0.007093980447649956,21.53480298360189,0.007038441092678995
563,21.506962647705077,0.007090117915570736,21.51408555695505,0.007078017608234377
564,21.50079825805664,0.00709911701142788,21.509958826700846,0.00708115829437068
565,21.507288709716796,0.0070921539123356345,21.505801070242217,0.007089192342916222
566,21.48611197387695,0.007124233558177948,21.499124684189304,0.007093432147168752
567,21.51246185974121,0.0070817724078893664,21.503925499193596,0.0070967055354831795
568,21.497221256103515,0.007107250029593706,21.530649624448834,0.007047196500793551
569,21.507259053955078,0.007091810404360294,21.46297870751583,0.007166454051480149
570,21.502565631103515,0.007097511833906174,21.50180098331336,0.007098707230479428
571,21.4997834564209,0.007103278381228447,21.475471706968364,0.0071400054408745335
572,21.494795831298827,0.007108623921275139,21.495261045513733,0.0070983529508565416
573,21.507144299316405,0.007092250509262085,21.518224161321466,0.007070318151716933
574,21.51053307067871,0.007083439768850804,21.46698524937485,0.007153609032093575
575,21.504723348999022,0.007095387118756771,21.480533102786904,0.007131221151600281
576,21.494787837524413,0.007111376869678498,21.47786833560828,0.007132292759012092
577,21.507272450561523,0.007087258233726025,21.505457208806817,0.007085185824244312
578,21.503821320800782,0.007095643006116151,21.476722289576674,0.007131579786990628
579,21.492822630004884,0.007112349598556757,21.50331843520656,0.0070876166309145365
580,21.500918971557617,0.00709994386613369,21.495434179595023,0.007107401263307441
581,21.499698666992188,0.0071015881817042825,21.507106774070046,0.0070882085140681625
582,21.4976132232666,0.0071051588718593125,21.470400487726383,0.007147626531395045
583,21.489343702392578,0.0071189656479656695,21.45385781952829,0.007173941046225302
584,21.50027126647949,0.007099900921583175,21.513736241658528,0.007074655337315617
585,21.50814077636719,0.007088539965748787,21.49500801780007,0.00710396154529669
586,21.50043838317871,0.007102633186876774,21.52027405941125,0.0070660300914085275
587,21.511808081665038,0.007079219016432763,21.49489472360322,0.007106145952800007
588,21.511014541015626,0.007082763184010982,21.478866639570757,0.0071296831988023985
589,21.509488571166994,0.007087255642712116,21.48475285616788,0.007121979547946742
590,21.504102798461915,0.0070948368403315545,21.54850403063225,0.007019854946569963
591,21.499395610351563,0.0071003145986795425,21.499118238506895,0.0071009639814270265
592,21.50360706970215,0.007095851357877254,21.50266986731327,0.0070953309152162435
593,21.512802432861328,0.007080323534905911,21.501946452747692,0.007098672897413824
594,21.496104662475584,0.007108206332921982,21.49328132167007,0.007107650449104381
595,21.49699555419922,0.0071067338256537915,21.44357893972686,0.007190466408025135
596,21.512554038085938,0.007081008923351765,21.54791685624556,0.007020453034589688
597,21.507370690307617,0.007090168260037899,21.47891491051876,0.007130149747950561
598,21.507796858520507,0.007088445587903261,21.53174219536059,0.007045457688244906
599,21.495734813842773,0.007108328644037247,21.531246004971592,0.0070457299352821075
600,21.48357751098633,0.007128798619955778,21.47361273794463,0.007141082611386523
601,21.513473665771485,0.00707956151470542,21.492638623786696,0.007110144739801234
602,21.50333626159668,0.007095286672562361,21.542479823719372,0.007031450821368983
603,21.4942759967041,0.007112964105308056,21.480900832667494,0.007135438415588754
604,21.498042552490233,0.007106018410921097,21.54367703524503,0.007022630492168846
605,21.509984143066408,0.0070832314723730085,21.4775065982703,0.007141659162148381
606,21.49191984741211,0.007114221940338611,21.47135088371508,0.007141862797240417
607,21.49788958984375,0.007103700090497732,21.562883427937827,0.006999463103711605
608,21.489167825927733,0.007120699673295021,21.502564306548148,0.007097643268943736
609,21.50798419799805,0.007088218475878239,21.438011564774946,0.007204220510567679
610,21.50484521911621,0.0070934560790658,21.47566872105454,0.007139055970491785
611,21.520556502075195,0.007068859984874725,21.518188053477893,0.007067499330097979
612,21.496904084472657,0.00710666796952486,21.526025538589014,0.007058632120377187
613,21.494435793457033,0.007111389130353927,21.558481500799004,0.006999312840176351
614,21.513422813110353,0.007079999297261238,21.53371608618534,0.007047624433356704
615,21.493553110351563,0.007112765082120895,21.502724103060636,0.007089904085027449
616,21.525009954833983,0.0070617171496152875,21.49697246204723,0.00710724285041744
617,21.49632435241699,0.0071069189471006395,21.545894500270034,0.007019961991657813
618,21.48019855163574,0.007134098181724548,21.473841809359463,0.007137199739615122
619,21.51345688659668,0.007079434260427952,21.47446047002619,0.007147372895569513
620,21.49515750427246,0.007109072715193033,21.500115282463305,0.007095033651725813
621,21.511789628295897,0.007081377224624157,21.504829466848662,0.00708723446636489
622,21.510433814086912,0.007083583657443523,21.456106574318625,0.007166997194854599
623,21.502638245239257,0.007097585773617029,21.496328624378553,0.0071001942128394585
624,21.485387951660158,0.007126022523343563,21.46253183075876,0.0071572848544879395
625,21.500950192260742,0.0071002374479174615,21.49326925797896,0.007112004350532185
626,21.5002681439209,0.007101554039418697,21.524599829009084,0.0070615153776651075
627,21.49601446411133,0.007106718684285879,21.4547490345348,0.007167930169539018
628,21.495779787597655,0.007108884365707636,21.51551352298621,0.007073529431539954
629,21.502254427490236,0.007096310115456581,21.514952330155808,0.0070744284970516505
630,21.500313021240235,0.007101205582916737,21.490247557668976,0.00711595995125897
631,21.50710218261719,0.007089834643006325,21.46721250360662,0.0071476165013331355
632,21.502663259277345,0.007098364056050777,21.49767321499911,0.007102388154828187
633,21.51023824951172,0.007084446676522494,21.512981923421226,0.0070741748917057656
634,21.493155896606446,0.007112793590426445,21.449641649650804,0.007188944115557453
635,21.494449529418944,0.007111994316726923,21.502550962043532,0.007094308351251212
636,21.493835751953124,0.007112566055655479,21.459273242372454,0.007167855710016958
637,21.513726560058593,0.00707886878028512,21.467227538137724,0.00715504425944704
638,21.499492897338868,0.0071023267430067065,21.528371313846474,0.007045043609810598
639,21.511373789672852,0.007081388954818249,21.473675893147785,0.007139113835538878
640,21.497529923095705,0.007106464230716228,21.52274454983798,0.007059853032908656
641,21.51318377746582,0.007078400223553181,21.545107888886424,0.007026627759138743
642,21.51579167175293,0.007077409264445305,21.523465557676374,0.0070524311613178615
643,21.493078430786134,0.0071109373125433925,21.529647401751895,0.007047849523298668
644,21.497156794433593,0.007106512306630611,21.492371093287613,0.007119395291489182
645,21.515066631469725,0.007076985015571117,21.459493620901398,0.007160801605293245
646,21.496681455688478,0.00710571231752634,21.5321451476126,0.007042305332918962
647,21.493999422607423,0.007112471096813679,21.484593471180307,0.007126522695815022
648,21.51756282836914,0.007074921808540821,21.514309024232805,0.007074055763695276
649,21.508226904296876,0.0070896256922185425,21.505488385287197,0.0070949468005335695
650,21.500977732543944,0.007101377077400685,21.519026741259026,0.007062702169924071
651,21.519241116333006,0.00707050159394741,21.491998873623935,0.007118310113860802
652,21.49761014831543,0.007104812489748001,21.49887614394679,0.007097426734751824
653,21.49976434326172,0.007102438759207725,21.464823668508817,0.00715219098566608
654,21.49758226074219,0.0071045994941890235,21.49827132253936,0.007102801892341989
655,21.495915059814454,0.007106141901761293,21.48169056747899,0.007125773414066344
656,21.5018694543457,0.007099804976731539,21.5273646291097,0.007048725406215949
657,21.51704305419922,0.007073911324888468,21.46282522952918,0.007162480806988297
658,21.507302573852538,0.007090940208286047,21.499032532663055,0.007103020295952306
659,21.50388512878418,0.007095261140167713,21.48942153930664,0.007112362620166757
660,21.47602513244629,0.0071403301602602,21.455192348595823,0.007169880030507391
661,21.501175798950197,0.007098761071413755,21.511834148060192,0.007079108729394096
662,21.50482036987305,0.007092823953330517,21.429898080536812,0.007220605949335026
663,21.503997122802733,0.007095484779775143,21.489350928104287,0.007120408541099591
664,21.488893442382814,0.007120439647585154,21.55864496635668,0.0069978786338910914
665,21.49207788208008,0.007114268382787704,21.4907450242476,0.007109301931817423
666,21.49521257019043,0.007110646441876888,21.57511299826882,0.006975486956423882
667,21.504789412231446,0.00709315825521946,21.51807319872307,0.00707062862192591
668,21.49746500366211,0.007107218836843968,21.46566418272076,0.007160521764308214
669,21.499783858032227,0.0071036311049759385,21.551451159390535,0.007016679661517793
670,21.513497279052736,0.007080105294287205,21.503193292328806,0.007099038771156109
671,21.50426808288574,0.00709572274595499,21.533465677897137,0.007040862113688932
672,21.49965091491699,0.007103426829427481,21.460960059888436,0.0071614391260752175
673,21.50875651550293,0.007086529358625412,21.48310063680013,0.007121763906695626
674,21.503374611206056,0.007096595194637775,21.50554747841575,0.00709102640775117
675,21.503790170288084,0.0070940003952384,21.51186216180975,0.007077759701307073
676,21.504377645874023,0.007094159326255321,21.49533089608857,0.007107524050568992
677,21.49163448425293,0.007115256973057985,21.512454727635237,0.007074511987016057
678,21.493320383911133,0.007112293906211853,21.515921300252277,0.007077549117984193
679,21.494019756469726,0.0071135918974876405,21.484435151996035,0.007118378848288999
680,21.514558693237305,0.00707754428178072,21.50531604420055,0.007090787706953107
681,21.49022928771973,0.007121876237988472,21.457683142459754,0.007169101858003573
682,21.5057487890625,0.007091956249773502,21.49691367409446,0.007106105226346038
683,21.507324899902343,0.007090230590105057,21.502603535507664,0.007096104838066932
684,21.507745064086915,0.0070891293866932395,21.551215041189483,0.007012918202037161
685,21.497278123779296,0.007107569369673729,21.5235264934193,0.007061537299869638
686,21.4947137701416,0.007108876885473728,21.539413611672142,0.007030985951423645
687,21.496952147827148,0.007107585776150227,21.490106016216856,0.007109196192838929
688,21.49996519592285,0.007102817145586014,21.49917306842226,0.007101901813664219
689,21.512011108398436,0.007082672357857227,21.418362651015773,0.007237610765027277
690,21.51240703552246,0.007081745855510235,21.435523640025746,0.007220062856759989
691,21.506375643920897,0.007092811623960733,21.520325680357036,0.007066479137901104
692,21.507440704956053,0.007089076128602028,21.53246573939468,0.007041278373111378
693,21.483413134765627,0.00713040616825223,21.529902507897578,0.007052005945394436
694,21.510192123413084,0.007085503148138523,21.493956525398023,0.00710894349398035
695,21.5028160534668,0.007095704362690448,21.50228910966353,0.007101197259105517
696,21.50443783996582,0.007093912000358105,21.534216128262607,0.007038939262204098
697,21.509131212158202,0.007086529158055782,21.5564130563447,0.007004631594613646
698,21.507640431518556,0.007087658107876778,21.452181139859285,0.007177162563258952
699,21.514376077880858,0.0070779401184618475,21.517947877826114,0.007075577271029805
700,21.49884703491211,0.007103176085948944,21.516305729259145,0.007074552890139096
701,21.490260900878905,0.007118119266778231,21.503866880012282,0.007092039773071354
702,21.514040864868164,0.007077162364125251,21.514777235551314,0.007075368121943691
703,21.490954290161135,0.0071158497384190555,21.52207136443167,0.007062131484236681
704,21.499931654052734,0.0071030856975913045,21.498399547230115,0.007095228982242671
705,21.498618643798828,0.007102733597606421,21.542448991717713,0.0070293313197114255
706,21.526416596679688,0.007057637840807438,21.538779488765833,0.0070325567251579325
707,21.521378420410155,0.007065294388979674,21.499639612833658,0.007095580614651695
708,21.48919432739258,0.0071198681412637235,21.52203413067442,0.007066950886086984
709,21.511520309448244,0.007083494337201119,21.503318846731474,0.007093568951681708
710,21.509522839965822,0.007085599537491798,21.46518582199559,0.007163107966383298
711,21.509219677734375,0.007085667749047279,21.55679826447458,0.007009812171260516
712,21.492311932983398,0.007112918481826783,21.477076707319778,0.007136330994579828
713,21.49489368713379,0.0071104749919474125,21.56162698687929,0.007004732171807325
714,21.490554002685545,0.007118563998043537,21.551368172385477,0.007011676404173627
715,21.51737135620117,0.007074379317164421,21.51435651143392,0.007076520078787298
716,21.49019859802246,0.007117431099414826,21.563611397020743,0.006992113003225038
717,21.49943199890137,0.007103430150449276,21.51003521081173,0.007084655047704776
718,21.50517919128418,0.007090927173495292,21.547128083200167,0.007016637352944323
719,21.493460947265625,0.007112413332462311,21.515327143813625,0.007075276320630854
720,21.49493707092285,0.007110583459734917,21.547992297085848,0.007016916776245291
721,21.49806226623535,0.007105962524712086,21.51966979518081,0.007062658441789223
722,21.50918472290039,0.0070860542353987695,21.521542171131482,0.007059699424514265
723,21.503612494506836,0.007095827395021915,21.499214944550484,0.007096574325678926
724,21.495517053222656,0.007110438325107098,21.501021296183268,0.00709785134954886
725,21.499294259643555,0.007103940507769585,21.51657514398748,0.007069772292267192
726,21.508702678833007,0.007088397762030363,21.54135311242306,0.0070296511872473995
727,21.498564303588868,0.007106967632770539,21.506907152118107,0.007086706431864789
728,21.500069351196288,0.007103748033344745,21.52615979050145,0.007056003735033851
729,21.509965143432616,0.00708473713517189,21.468737490104907,0.0071501796094305585
730,21.50654651062012,0.007091052348613739,21.477798163674095,0.007134558457429662
731,21.500074936523436,0.0071030072170495985,21.49825185139974,0.007097312219328049
732,21.503193080444337,0.007097432165294885,21.500194073301373,0.007093818809159777
733,21.490340267944337,0.0071163465717434884,21.477911760734788,0.007132212400549289
734,21.509165812988282,0.007087056964039802,21.502582064541905,0.007101582480086521
735,21.504978041381836,0.007094421348124743,21.505677337646485,0.007090658638061899
736,21.506134095458986,0.007091773254573345,21.533682717987986,0.007042134666081631
737,21.499046491088865,0.007103383623361588,21.53025771632339,0.007046905793814045
738,21.499844947509764,0.007101628263294696,21.492839965820313,0.007111151272035909
739,21.51737962097168,0.0070735775876045225,21.44765336932558,0.007185885706408457
740,21.515687196044922,0.007075777866691351,21.514009487267696,0.007093455582631357
741,21.5068170123291,0.00709261010080576,21.496908587831438,0.0071105516408429
742,21.50365630065918,0.007099582951962948,21.472604901862866,0.007150527970357375
743,21.491218981323243,0.00711574210613966,21.531593926169656,0.007049131448747534
744,21.517894958496093,0.007071473563313484,21.53222110863888,0.0070441486054297646
745,21.493998944091796,0.007109623264670372,21.495150453972094,0.0071107109494958866
746,21.502391678466797,0.007099549367725849,21.479755239775688,0.0071415510480151035
747,21.517191954956054,0.007075238128304482,21.494839269464666,0.007105136615308848
748,21.508251146850586,0.007089257612228394,21.518635244658498,0.007072279956756216
749,21.500525178222656,0.007100828431844711,21.56358568827311,0.006994327160558015
750,21.50716182067871,0.007090006860941648,21.527988350608133,0.007047978132737405
751,21.503943834228515,0.00709528214007616,21.54931347702489,0.007018690883661761
752,21.50466539855957,0.0070933553016185764,21.459967549641927,0.0071615059555254195
753,21.508160815429687,0.0070871219009161,21.534149477409596,0.007041849721448891
754,21.509248892822267,0.0070866444352269175,21.509018859863282,0.007083978500555862
755,21.494332388916014,0.007111657265126705,21.478318231756038,0.007134919300901168
756,21.503748461914064,0.007097102482169867,21.516334108294863,0.007071121453561566
757,21.505854632568358,0.007091840847879648,21.53241015809955,0.007042624924444791
758,21.502678510131837,0.007098839375972748,21.479420526677913,0.007133633739907633
759,21.51997538696289,0.007068150122314692,21.479736374363753,0.0071253650353261914
760,21.50849346801758,0.0070903684777021405,21.562406422008166,0.0069980020256656585
761,21.501838338012696,0.007099232862442732,21.459572617501923,0.007170239715752276
762,21.50391694519043,0.007094549595117569,21.49374960234671,0.007108958032772396
763,21.50802787109375,0.007088823797106743,21.47440562392726,0.007137190250284744
764,21.496839430541993,0.00710834901496768,21.55191249963009,0.007014190131290393
765,21.50894521911621,0.007086332032084465,21.483863701097892,0.007128367759287357
766,21.490677235107423,0.007116569077074528,21.531418533325194,0.007043603189063795
767,21.509423856811523,0.007085133624672889,21.558592284231477,0.006997074965726245
768,21.52784746582031,0.007055002309679985,21.482645672884853,0.00713100954664476
769,21.498067194213867,0.007104492074251175,21.511983804413767,0.007074878421809637
770,21.519938084106446,0.007070660213530064,21.534916157577978,0.007046561078027342
771,21.507981958618164,0.007089856843650341,21.532311942360618,0.007047362491262681
772,21.484692733154297,0.007129292329549789,21.428197652643377,0.007219436305264632
773,21.49888256164551,0.007103547737449408,21.511689966375176,0.007073458676988428
774,21.501211693725587,0.007099616740196943,21.46431775642164,0.007155119297517972
775,21.50378902282715,0.0070946130195260046,21.50650041291208,0.007092018203076088
776,21.507812669677733,0.007088917177319526,21.493284146857984,0.007112661342729222
777,21.494478052978515,0.007111369590461254,21.43867523655747,0.007199769580567425
778,21.506701311645507,0.007090426270365715,21.53838972149473,0.007033395422340343
779,21.501856607666017,0.007099817572236061,21.582901336207534,0.006965311803488117
780,21.502713361816408,0.007097454223632812,21.540441046050102,0.007030297211851134
781,21.498467716674806,0.007105663307905197,21.45376996820623,0.007176634196304914
782,21.49926366455078,0.007103987759649754,21.496567251032047,0.007109362372959202
783,21.50455481201172,0.0070959430730342865,21.512218285762902,0.007078051438950228
784,21.504211398925783,0.0070967456725239755,21.541340191003048,0.0070282285790326015
785,21.499900947265626,0.007103496654480696,21.48099334485603,0.007127351605079391
786,21.49801963989258,0.007106532210558653,21.48957087430087,0.007112227550171542
787,21.506113133544922,0.007092517002820969,21.53476271427039,0.007041237770833752
788,21.508446685791014,0.007087110631763935,21.50884327512799,0.007088937641431888
789,21.517752743530274,0.007073220937103033,21.513511902780245,0.0070748825653484376
790,21.50504064880371,0.007094511101990938,21.54863036878181,0.007011902340208039
791,21.51084114501953,0.0070846242249011995,21.539569887103458,0.0070295885769706785
792,21.515622796630858,0.007076652562320232,21.53728970383153,0.007036497097349528
793,21.490580833740236,0.007119979327917099,21.53615439443877,0.007045872437231469
794,21.506744315185546,0.007093222042769193,21.518014817671343,0.00707176064056429
795,21.51319280822754,0.007078966184556485,21.493328931403884,0.007101541541968332
796,21.511645617675782,0.007081515830308199,21.48439999667081,0.007128879247289715
797,21.515399489746095,0.0070757079204916955,21.518025512695313,0.007068907116172892
798,21.512088427124024,0.0070828254373371605,21.48357930732496,0.0071243126752475894
799,21.50479814941406,0.007092975272834301,21.473885465679746,0.00714575359089808
800,21.50270712524414,0.007097861545979977,21.550688166762843,0.007020401423514793
801,21.493087738037108,0.007113688158392906,21.50902445706454,0.007082904078856562
802,21.503106552124024,0.00709563741967082,21.449848457105233,0.007179388532584364
803,21.49085802368164,0.00711677079319954,21.53591667175293,0.007044620487951871
804,21.512573114013673,0.007081927886605263,21.5121843141498,0.007079400798926751
805,21.50495027709961,0.007094563311934471,21.504095660122957,0.0070958089280986425
806,21.50142320007324,0.00709747451171279,21.48607438983339,0.00712972563211665
807,21.500674307250975,0.007101647003442049,21.509391673694957,0.0070765065492102595
808,21.496107493286132,0.007106243044435978,21.47902961730957,0.007139875308582277
809,21.50476085632324,0.007092543836981058,21.527928367383552,0.007053641677467209
810,21.50232868286133,0.00709645229279995,21.49241434733073,0.007106658222548889
811,21.503168250732422,0.00709330985814333,21.50417266845703,0.007094972924978444
812,21.486938604736327,0.0071238035973906514,21.48077187509248,0.007133565620716774
813,21.492176577148438,0.007115624752640724,21.535141983032226,0.007039970899508758
814,21.50808822631836,0.007088924699723721,21.47034396316066,0.007146008158046188
815,21.515761380004882,0.007076562893539667,21.517273226651277,0.007067372689418721
816,21.50045639892578,0.007101376104950905,21.462896555120295,0.007173280734568834
817,21.50432985168457,0.007094118986874819,21.5146684588808,0.00707310253246264
818,21.510250197143556,0.0070851800425350666,21.50728794444691,0.007081275681090174
819,21.505042789916992,0.007096152431070805,21.481757699215052,0.0071254135815031604
820,21.506234951782226,0.007090399839580059,21.50443060210257,0.007086442309911504
821,21.50971455444336,0.007088024644553661,21.548500491055574,0.007020289131412
822,21.50880065246582,0.007090091262161731,21.497442259355026,0.007101946673497106
823,21.497889462280273,0.007103661255240441,21.524563311952534,0.00705853081110752
824,21.504679930419922,0.007095402163863182,21.511992631392044,0.007076126898102688
825,21.501368776245116,0.007100715385973453,21.52776320486358,0.0070519688798848425
826,21.484861525878905,0.007127582737803459,21.40847017923991,0.007263527363538742
827,21.501338084716796,0.0070989179277420045,21.493505796952682,0.007105985140484391
828,21.50377871398926,0.007097018574476242,21.498010424989644,0.007101682641289451
829,21.496686684570314,0.0071068058514595035,21.49048576817368,0.007114198486123121
830,21.523685241088867,0.007062775864601135,21.503552733912613,0.007094764878804034
831,21.510478249511717,0.007084636202454567,21.485991666389236,0.007119006391501788
832,21.50101690185547,0.007101300703287124,21.488107394594135,0.007124056914313273
833,21.494909832153322,0.007109686651527882,21.48519497495709,0.007122356854943615
834,21.49155016296387,0.0071184359803795815,21.54865773750074,0.007014960104768927
835,21.506942640991213,0.007090426193624735,21.517112935384116,0.007073171257295392
836,21.500128251342773,0.007102334448695183,21.45476345871434,0.0071780710972168225
837,21.503542432861327,0.007095867136716842,21.530649636008523,0.007051691715464448
838,21.511077111816405,0.007084139733463526,21.532237026330197,0.007048559218193545
839,21.494105502319336,0.007113282032608986,21.554384587605796,0.0070051180870469775
840,21.516620634765626,0.007072433420419693,21.47478070114598,0.007142589073063749
841,21.513586002807617,0.007079512974023819,21.51074785637133,0.007077946248605396
842,21.50484568786621,0.007095859159082174,21.52051011056611,0.0070671542293646115
843,21.514009651489257,0.0070788547900319096,21.475275062792228,0.00713476487294291
844,21.50852908935547,0.007087015155702829,21.54432473153779,0.007023920253144972
845,21.492440773925782,0.007115556228756904,21.55340702866063,0.007008911425981558
846,21.50086987121582,0.007100585372745991,21.50534644618179,0.007088178558783098
847,21.49637971923828,0.007106428011059761,21.48424018397476,0.007120648720725016
848,21.511899289550783,0.00708233950406313,21.475777053833006,0.007132726205004887
849,21.493954689941408,0.007112318303585052,21.475571346860942,0.007130183331442602
850,21.505132287597657,0.007092826792895794,21.50638288093336,0.007087189770219001
851,21.49170151916504,0.0071137999241054056,21.436171236905185,0.00720456537931706
852,21.50429095336914,0.007094401817172765,21.4169450748328,0.007248052819773103
853,21.501680305786135,0.007100601596534252,21.512983331391304,0.007072547212468855
854,21.512356271362304,0.007080184924006462,21.53308898001006,0.007043465722465154
855,21.50451187438965,0.007094415814131498,21.49432022788308,0.0071173842589963565
856,21.5108118939209,0.0070831821259856225,21.492126929543236,0.007114160212151932
857,21.513949893188478,0.0070771560937166215,21.447414860580906,0.007204210696685495
858,21.512991879272462,0.007079701016843319,21.4779172631466,0.007140724786529036
859,21.49046973876953,0.007119079952836037,21.531664359352806,0.0070445119346858875
860,21.504486567382813,0.007093043846786022,21.543120884750827,0.00703085365451195
861,21.50164071533203,0.007096208689212799,21.484150633378462,0.007124138017269698
862,21.501765518188478,0.007097936745882034,21.558033754753342,0.007002135887177604
863,21.505929780273437,0.007092598008066416,21.466270486080287,0.007155892062706478
864,21.50046291381836,0.00709963099732995,21.495445064197888,0.007109423078822367
865,21.498426358032226,0.007103206649422646,21.553579977786903,0.007010294415169593
866,21.511517344360353,0.007084654138237238,21.461325593428178,0.00716278399707693
867,21.510071114501955,0.00708587112903595,21.512369465683445,0.007077526223817558
868,21.508689524536134,0.0070873249614238736,21.52827420321378,0.0070517435557011406
869,21.5119029498291,0.0070852924387156966,21.494953002929687,0.007106992324644869
870,21.501471636352537,0.007098328526765108,21.54940042669123,0.007018028569943977
871,21.51413491455078,0.0070782455605268475,21.493614111235647,0.007113619508842628
872,21.51643418457031,0.007073051531910896,21.521819298484107,0.007058632908896967
873,21.51718083618164,0.007073820336163044,21.486994728319573,0.00712004141317624
874,21.49542058227539,0.00710942982584238,21.501510555382932,0.007097202658540372
875,21.503098068237303,0.007097360046952963,21.473634872436524,0.007138464174261599
876,21.514144849243163,0.007077779770493508,21.482069410844282,0.007128978912916147
877,21.509411346435545,0.007087332418262958,21.45715448321718,0.007170755898749287
878,21.50028092163086,0.007104648588746786,21.548037770589193,0.007017459591116869
879,21.51387205078125,0.00707772471666336,21.482391727331912,0.007127686674621972
880,21.51010599914551,0.0070853352709114555,21.529578032060105,0.007049303938719359
881,21.50810038269043,0.007089923686236143,21.518349933046284,0.007068742467372707
882,21.514131065063477,0.007080859651565552,21.497178749315665,0.007108033962096229
883,21.502089631347655,0.007100265885293484,21.54117215243253,0.0070263331693907576
884,21.524288637695314,0.00706240961715579,21.508500185879793,0.007084170129488815
885,21.49648996398926,0.007107346783876419,21.534187081076883,0.007041299016299573
886,21.503379387817382,0.007097647325396538,21.461951078935105,0.007156795095087904
887,21.500878256225587,0.007101029254198074,21.507169473821467,0.007084340085134362
888,21.501619839477538,0.007099914538562298,21.50455838290128,0.0070875784116938255
889,21.497758056030275,0.007103358088731766,21.521681747436524,0.0070630913814812
890,21.521905748291015,0.007066834691166877,21.468510462443035,0.007149632890906298
891,21.51004733215332,0.007084991210699081,21.554645318695993,0.0070028778955791935
892,21.497942271728515,0.00710612425878644,21.52796369379217,0.007054054269736464
893,21.5019609185791,0.007099579097926616,21.469999778053978,0.007148123950782148
894,21.515733541870116,0.007074875168502331,21.526662054350883,0.0070565983122496895
895,21.49461129394531,0.007111054945886135,21.482920183123966,0.0071319220711787545
896,21.517641448974608,0.007073700968027115,21.481152903238932,0.007132913920689713
897,21.49409746398926,0.007112122418433428,21.50519330111417,0.007096103529135386
898,21.50024767089844,0.007101173477768898,21.519552984526662,0.007064262972862431
899,21.4960621105957,0.007109991803765297,21.492654520670573,0.007113090951108571
900,21.49937552429199,0.007103116518855095,21.567105837735262,0.00698640330101956
901,21.496708571777344,0.007105676852762699,21.4867609613592,0.007119819116637562
902,21.501651333007814,0.0070959533636271955,21.493286708484998,0.007113576391429612
903,21.519042935180664,0.007073793486952782,21.552432026718602,0.00701877715969176
904,21.52166278869629,0.007066305294185877,21.5555014962861,0.0070046324802167485
905,21.512740071411134,0.007080445511937141,21.470001357107453,0.007144669691721599
906,21.49911544433594,0.007103839593529701,21.513078361280037,0.0070777461429437005
907,21.502160607910156,0.0070994196395576,21.44100768580581,0.007194456675964775
908,21.500190629882812,0.007101484232395887,21.494227526115647,0.007112561201846058
909,21.504889935913084,0.007095694088935852,21.477893510298294,0.007134044715626673
910,21.511639340820313,0.007085053222179413,21.55804002241655,0.007009626879272136
911,21.504732591552735,0.00709680830925703,21.51683739864465,0.007068741256088922
912,21.5167207220459,0.007072397199124098,21.522435885342684,0.007056299251588908
913,21.502484658813476,0.0071005496072769165,21.48008886857466,0.007127438701237693
914,21.495045341186522,0.007109398595392704,21.507257348262904,0.0070876518270057256
915,21.490437081909178,0.00711777197599411,21.504755713722922,0.007087484578404463
916,21.51032905029297,0.007082186035215854,21.523257860125916,0.007065863598025206
917,21.4904658001709,0.007116807145774364,21.498333608453922,0.007105612410514644
918,21.51386888305664,0.00707946191906929,21.524966673417524,0.007052154840167725
919,21.50462586608887,0.007094399743676185,21.487163222341827,0.0071131694587794215
920,21.50706281188965,0.007088324936628342,21.460097475918857,0.007165111671342994
921,21.495719047851562,0.007108737600445747,21.469803224043414,0.0071403471357894665
922,21.515223829345704,0.007075329303741455,21.47260749123313,0.007148412555230387
923,21.514560869140624,0.007078352701067925,21.53629710341945,0.007040775646314477
924,21.50181108215332,0.007097241534888744,21.465279305197974,0.0071571798859672115
925,21.511566037597657,0.007081812293827533,21.478927397294477,0.00713005767852971
926,21.49943602294922,0.007102756959795952,21.479645112933536,0.007134492821765669
927,21.49797253479004,0.007103663936704397,21.502587271025686,0.007090701668551474
928,21.503126217041014,0.007098686727583408,21.537091954549155,0.007037778895799861
929,21.50301199157715,0.007096159972697497,21.529666188557943,0.007052080386290045
930,21.50253643371582,0.007100038337111473,21.531588215683445,0.0070456541053047685
931,21.502429442138673,0.007097586670815945,21.46425334814823,0.007154084481298923
932,21.501505591430664,0.007099032548367977,21.493888166023023,0.007108928716431062
933,21.50021752319336,0.007100397500395775,21.526007070830374,0.007062215237229159
934,21.50091424194336,0.007103333072960376,21.491627148714933,0.007109122883641359
935,21.499941235961913,0.007102257403135299,21.533276022708776,0.007045935978266326
936,21.49790839111328,0.007105276176184416,21.516394269538647,0.007075421140726769
937,21.50898147583008,0.00708734524011612,21.55739399534283,0.007005181059692845
938,21.502799090576172,0.007097197578251362,21.54527142380223,0.0070192943575481575
939,21.498546580200195,0.007103043304681778,21.491673368974165,0.007111253269355406
940,21.517775469970704,0.007071166140437126,21.488329049312707,0.00711374345376636
941,21.515844556884765,0.007076288813948632,21.508171721949722,0.007084251037149718
942,21.4972644732666,0.0071071192398667335,21.535798742120917,0.007044680974248684
943,21.517832830200195,0.007071437621414662,21.452474774447353,0.007175293699697112
944,21.50806566772461,0.007088362704217434,21.454056722467595,0.007171099192716858
945,21.49220765686035,0.0071166194984316825,21.508211577444367,0.007087575091105519
946,21.502848817138673,0.0070964792658388615,21.528231897065133,0.007053390305602189
947,21.50899975769043,0.0070860801544785496,21.580157142407966,0.0069652302422080975
948,21.496753931884765,0.007106081268489361,21.51002333207564,0.007082021270850391
949,21.505109733276367,0.007092282927632332,21.488793297969934,0.007117417091221521
950,21.508574278564453,0.007091227659285069,21.512063332759972,0.007081045104247151
951,21.500077096557618,0.007101151899695396,21.55889434814453,0.006998728380510301
952,21.5001846875,0.007103223884105682,21.478107144904858,0.007129514740610665
953,21.50675822265625,0.007091103276014328,21.492400531190814,0.007111748452439452
954,21.507313757934572,0.007090980916619301,21.48182837977554,0.0071278591318563985
955,21.49879450805664,0.007104903204143047,21.5212523466168,0.007058928995534326
956,21.502156707153322,0.007100052006244659,21.50645387360544,0.007088536989846916
957,21.502431104736328,0.007095187802612781,21.50568182511763,0.007088945019199992
958,21.502278766479492,0.0070985006266832355,21.496936488296047,0.0071048761390601145
959,21.500771009521486,0.007100301248431206,21.55398374152906,0.007009706407446753
960,21.502714056396485,0.007095814027786255,21.577820127082592,0.006969779522694421
961,21.49718699584961,0.0071055669546127315,21.539362076268052,0.0070329838793611885
962,21.490921141357422,0.007118502939790487,21.50336062113444,0.0070924668855062035
963,21.506484975585938,0.007093750474750996,21.557298239505652,0.006995809166833307
964,21.513091616210936,0.007080511383712291,21.48646013202089,0.007115778183620988
965,21.50219972290039,0.007097622466981411,21.547522418860233,0.00701856157939994
966,21.500755228271483,0.0070995125621557235,21.55078627615264,0.007016612058223197
967,21.503409306640624,0.0070959641990065575,21.461645512436377,0.007165004432652936
968,21.51385437561035,0.007078082397431135,21.530401837898022,0.007046724015451742
969,21.49410939147949,0.007118140090405941,21.41471867416844,0.007241989920536677
970,21.509739179077147,0.007086916232705116,21.531857505567146,0.007048731570442518
971,21.499009141845704,0.007103302908241749,21.48910684296579,0.007114141465475162
972,21.510909285888673,0.007083739050328731,21.467506337021337,0.00715816907641111
973,21.517950006713868,0.007072013826668263,21.49769760131836,0.007093720569303541
974,21.500509396362304,0.0070989564853906634,21.50137537175959,0.007092097980732267
975,21.508230708618164,0.007088186970949173,21.431284459431968,0.007219505197171009
976,21.499602813720703,0.007104479303061962,21.46041845379454,0.007164866493055315
977,21.52017776489258,0.0070687204051017765,21.512449881813744,0.007081467283494545
978,21.517277037353516,0.007073102105110884,21.53963839444247,0.00703388681804592
979,21.4971474420166,0.007106853499412536,21.50486623359449,0.0070888219474617275
980,21.518406108398437,0.007070506502389908,21.526373450539328,0.007053712110289118
981,21.49763305480957,0.00710413202136755,21.555780235059334,0.007003496488499822
982,21.504774767456055,0.007094976869076491,21.48150855555679,0.007123199296607213
983,21.504807040405275,0.007093609135597944,21.542270364472362,0.007028624334683021
984,21.514907162475588,0.007079295745790005,21.51190377437707,0.007078084064591111
985,21.49607584350586,0.007109150500297546,21.50608708005963,0.007085398127409545
986,21.501790798950196,0.007096455071568489,21.55267876364968,0.007010678143776728
987,21.511471934204103,0.007082218923866749,21.51757966475053,0.007065047118248361
988,21.49751566345215,0.007106630485355854,21.503853875362513,0.00709148631798047
989,21.503014548950194,0.007096758225113154,21.514804315278024,0.007077006009604894
990,21.501168961791993,0.007100650492012501,21.501390350804183,0.007100492766634985
991,21.51943765258789,0.007069801236987114,21.523042708888198,0.0070605169287459415
992,21.494879793701173,0.0071093776366114615,21.422676523382012,0.00722407556054267
993,21.508694955444337,0.007087816332578659,21.493938286521217,0.00711020469496196
994,21.5030684765625,0.007097614629864693,21.53807877511689,0.007037984881211411
995,21.48994314758301,0.007118655680119991,21.509570728648793,0.007081545206407706
996,21.51637387145996,0.007075209859907627,21.512439196037523,0.007079951782908403
997,21.513966440429687,0.007078832531571389,21.535742441813152,0.007041932974913807
998,21.50722618469238,0.007090266990363598,21.49066676746715,0.007118802448226647
999,21.51460382873535,0.007076737516224384,21.554214639374703,0.00701225584655097
1000,21.526427345581055,0.007056771286278963,21.479510426376805,0.007125370970955401
1001,21.509217435913087,0.007086207504570484,21.512657440647935,0.007083623718583222
1002,21.507886009521485,0.007090001351833343,21.52445064197887,0.00705297243188728
1003,21.501780431518554,0.0070988586467504505,21.52472443782922,0.007053258780841574
1004,21.486576103515624,0.007123432865142823,21.53992038380016,0.007034233132885261
1005,21.492797111206055,0.007114303463995456,21.501787523211856,0.007096660796440009
1006,21.506018596191407,0.007092387130856514,21.47501990116004,0.007150126848595612
1007,21.51757772583008,0.007075515035539865,21.502730819239762,0.007092390044620543
1008,21.510354765625,0.007084694223105908,21.530704650878906,0.007047029894522645
