epoch,PSNR,loss,val_PSNR,val_loss
0,23.512367814941406,0.004467635702043771,23.528735205910422,0.0044487212603968205
1,23.527606774902345,0.004452921915054322,23.501092557040128,0.0044784378345039755
2,23.526328765869142,0.004453177633583546,23.557228402802437,0.004421050138207096
3,23.53887785522461,0.004439933342933655,23.53248063983339,0.004450230477659991
4,23.52445918762207,0.004454726877212525,23.51391765941273,0.004463357977343328
5,23.533372265625,0.004446431809812784,23.52105464588512,0.004458838731163379
6,23.52264132019043,0.0044556344962120055,23.506820930712152,0.004475053558408311
7,23.523467617797852,0.00445571391582489,23.515952765724876,0.004459072297834086
8,23.532836165771485,0.004445595984905958,23.466120362715287,0.004513167784069524
9,23.533294829711913,0.004446098445653916,23.545370210589784,0.004430869993273959
10,23.528353112182618,0.004449523065686226,23.509173745820018,0.004472732686183669
11,23.52322121887207,0.004457717447131872,23.50767047766483,0.004473501318557696
12,23.52316092224121,0.004454987577646971,23.512680019031873,0.004461245500680172
13,23.533724588012696,0.0044457583905756475,23.514120945785987,0.004465526883123499
14,23.534495884399416,0.004444837804734707,23.492725474039712,0.0044818368486382746
15,23.531773273925783,0.004447131367325783,23.537517850471264,0.00443889903638399
16,23.533387362670897,0.0044462069705128665,23.521420473040955,0.004458780376748605
17,23.535576505126954,0.004442439654767513,23.50428018280954,0.004472960200386517
18,23.532180159301756,0.004447804460972547,23.504975107366388,0.004470870993241216
19,23.521876687622072,0.004458402290940285,23.557737463748815,0.0044215290129862046
20,23.535499013671874,0.004442903216928243,23.55697363419966,0.00442139194996068
21,23.52755842895508,0.004451717176139355,23.553287221735175,0.004423078713995038
22,23.525146411132813,0.004455322550535202,23.45081585739598,0.004530508830353166
23,23.540800733642577,0.004438209048211575,23.51432837052779,0.004464032755543788
24,23.531324099731446,0.0044481488679349425,23.556393067331026,0.004419273070313714
25,23.529000994262695,0.004450330512672663,23.56887504115249,0.004406239713231722
26,23.532078529663085,0.004446557949632406,23.559254314538205,0.0044195064981326915
27,23.53284527709961,0.004446781346797943,23.490647183042583,0.0044897302590084795
28,23.524947014770508,0.004454188374876976,23.52365368467389,0.004455695038830692
29,23.523387962646485,0.004456663593649864,23.51040533354788,0.0044717728944890425
30,23.532774445800783,0.004446605532020331,23.552208917791194,0.004423643149661295
31,23.529964420166017,0.0044504683598876,23.593431491273822,0.004381687034937468
32,23.530655106201174,0.004447536125481128,23.517208090117485,0.004458119130382935
33,23.527156104736328,0.004451270881146193,23.53468150514545,0.004443146354998603
34,23.525874788208007,0.004453615129739046,23.55134293527314,0.004426218697970563
35,23.544608992919922,0.004434438429921865,23.513488140684185,0.004462049983328942
36,23.517604589233397,0.004462069974839687,23.53862890070135,0.004438665410447302
37,23.516195795288088,0.004463358305543661,23.543398920694987,0.004435330747316281
38,23.532972900390625,0.004446289162039757,23.595812377929686,0.004380762492391196
39,23.518150001831053,0.004462348217070103,23.546677555893407,0.004431174038486047
40,23.53505564025879,0.004445403208583594,23.542682631521515,0.0044332321648570625
41,23.528685419921874,0.004450827329903841,23.52501246365634,0.004452800211129766
42,23.530582274780272,0.004448625269532203,23.530227762858072,0.004447319487279112
43,23.546570820922852,0.004431955356001854,23.565055410211738,0.0044141871623243345
44,23.52498054992676,0.004455193081200123,23.54149031205611,0.0044394491460512985
45,23.52596187072754,0.004453793258965015,23.462555287679038,0.004518413735610066
46,23.534276491088868,0.004445744002461434,23.53181347471295,0.004445977655775619
47,23.53203731262207,0.004446846005022526,23.536187725645124,0.0044382457141623356
48,23.54077191040039,0.004437550518512726,23.539306046457003,0.004441428373031544
49,23.539739274291993,0.004438860560208559,23.49075976747455,0.004486098225708261
50,23.532448356933592,0.0044461461490392686,23.545147034616182,0.004429328078686288
51,23.526884657592774,0.004452384986430406,23.529853295990915,0.0044489342561273865
52,23.51111346130371,0.004469015173912049,23.56536585258715,0.004409327497423598
53,23.532710138549806,0.004446106943339109,23.51671539075447,0.0044610493483416966
54,23.543659169311525,0.00443507454931736,23.5077523133249,0.00447224134014863
55,23.52633285522461,0.0044533867212384936,23.505585209239612,0.00447117352801742
56,23.527352805786133,0.0044514684721827505,23.529379542957653,0.004446164109941685
57,23.520822078247072,0.0044596739858388905,23.50278204946807,0.004473711926151406
58,23.539930329589843,0.004439369394481182,23.57044454169996,0.004403574529357932
59,23.53938873413086,0.004439553381204605,23.5289968363444,0.004450301886395071
60,23.529184844970704,0.004450827364623547,23.568611764618844,0.004409545002448739
61,23.527630477905273,0.0044512343603372575,23.579738496722598,0.00439673264934258
62,23.506627605590822,0.004472913082242012,23.478875642256302,0.004503298593741475
63,23.533617940063476,0.00444625559002161,23.48704493898334,0.004504307914299495
64,23.521010676879882,0.004457841476798057,23.577296181881067,0.004396946650337089
65,23.529301712646486,0.004450558221936226,23.488121922810873,0.004491137981301907
66,23.530772819213865,0.004448894204646349,23.532124428026602,0.004444632945074276
67,23.525240748291015,0.004454732787609101,23.585126097708038,0.004390046870843931
68,23.546166157226562,0.004432227691411972,23.52361881834088,0.004455609768064636
69,23.53514703186035,0.004443884470760822,23.556858039624764,0.004416385807774283
70,23.525352920532228,0.004454067672640085,23.45580139160156,0.0045267930186607625
71,23.534360481567383,0.004445348808020353,23.548869531804865,0.0044303533321980275
72,23.53349635437012,0.004445834141671658,23.590547499223188,0.00438574993474917
73,23.51683474914551,0.004465005657374859,23.594186882250238,0.0043788178857754574
74,23.53369098937988,0.004444691823124886,23.479878445249614,0.004501824004744941
75,23.52100123474121,0.004458903668224812,23.548966485225794,0.004428805366835811
76,23.521919856567383,0.004457333452403545,23.44638247865619,0.00453386171184706
77,23.530869017944337,0.004449068369492888,23.55175139687278,0.004424197174834482
78,23.521149083251952,0.004459683396816253,23.505866592869616,0.00447086294435642
79,23.536176009521483,0.004442636971920729,23.552527930519798,0.004421755794548627
80,23.526673321533202,0.004453309179842472,23.5244373552727,0.004454444104410482
81,23.538298685913087,0.004440958601236344,23.5343767154578,0.004444432780146599
82,23.53610639831543,0.004442733454108238,23.545230049364495,0.0044320267382444755
83,23.537599810180666,0.004441177725791931,23.531530595259234,0.004445565194455963
84,23.52636278076172,0.004452887447327376,23.509283967451616,0.004464683932901332
85,23.52717879272461,0.0044528084319829945,23.552690145319158,0.004425338173115795
86,23.54198079284668,0.004437995352894067,23.564830373128256,0.004409864809025417
87,23.542170372924804,0.0044352918335795405,23.451128967747543,0.004532381255518306
88,23.535588882446287,0.004443781396150589,23.500839073874733,0.004474943594047517
89,23.538210530395506,0.0044406329905986785,23.56740181200432,0.0044075946210686
90,23.522582176513673,0.004456551504954696,23.49390752850157,0.004481084970475146
91,23.53495388671875,0.004444764192402363,23.565011827873462,0.00441185487716487
92,23.536037318725587,0.004441865718066693,23.58911074551669,0.004384134858846664
93,23.532928657836916,0.004447226862311363,23.558681950424656,0.004416263369899808
94,23.53305846435547,0.004445716477483511,23.502766067042494,0.004476056259238359
95,23.53019543762207,0.004448541668951512,23.523989680897106,0.004457246772380489
96,23.52259132324219,0.004457644521147013,23.503919428045098,0.0044738657050060505
97,23.532867940063475,0.004445307371914386,23.509571840690842,0.004466293868467663
98,23.52847647705078,0.00445098641872406,23.514770378343986,0.004464315290026592
99,23.508621561889647,0.0044717180794477465,23.500188240282462,0.004476958998676502
100,23.53411796081543,0.0044448093950748445,23.505103604865795,0.00447374404041153
101,23.533817938842773,0.0044453126212954525,23.533881616303415,0.00444093824618242
102,23.527141776733398,0.00445385500729084,23.49722577412923,0.004486542705333594
103,23.536426162719728,0.004442538926303387,23.49791065794049,0.0044841184455788495
104,23.523083378295897,0.004456075564920902,23.565132721409654,0.004412466913010135
105,23.52765268432617,0.004451536287814379,23.457027696551698,0.004527324386731242
106,23.533501909179687,0.004445238949656487,23.571241811116536,0.004404174906737877
107,23.526466048583984,0.004452833030223847,23.509345122828627,0.00447303050169439
108,23.538569666137697,0.004440840271562338,23.50905025135387,0.004470202274846308
109,23.522050759277345,0.004457222027182579,23.45203800317013,0.004526900152365366
110,23.528180329589844,0.004452398433089256,23.53532369671446,0.004440700394298994
111,23.541010845947266,0.00443639315366745,23.567563011863015,0.004410333790336595
112,23.540553070678712,0.004438068907558918,23.545806505607835,0.0044271831846598424
113,23.534948044433595,0.004443889345675707,23.525685776219223,0.0044465915610392885
114,23.528690067749025,0.004450422679558396,23.478594450517136,0.004503729877372583
115,23.53005975463867,0.004452063874006271,23.546636521310518,0.004428392538067066
116,23.52650609375,0.00445396510347724,23.497886193015358,0.004480426143854857
117,23.527028950195312,0.004452678502500057,23.531430994669595,0.004448725262826139
118,23.52554235534668,0.004454595572352409,23.529417518846916,0.004452261887490749
119,23.52938884643555,0.004450722842141986,23.563129418113014,0.004412641816518523
120,23.53190565551758,0.004446563009619713,23.494829566261984,0.004484270505720016
121,23.52580015136719,0.004454083425998688,23.540317042957653,0.004437256769248933
122,23.528911848754884,0.004450189122110605,23.485259806315103,0.004494529392457369
123,23.51102233703613,0.004469171134829521,23.469236373901367,0.004511794345171163
124,23.539150539550782,0.004440074959099293,23.53262637976444,0.004445594698190689
125,23.541365158691406,0.0044368914315849545,23.507376556396483,0.004473723976336645
126,23.527138188476563,0.004451701135262847,23.583937197598544,0.00439325595726118
127,23.54180008972168,0.004436413151472807,23.52603841608221,0.004451008633230672
128,23.528761011962892,0.004451066454648971,23.499501819032613,0.004483391533069538
129,23.542607525634764,0.004437045874893665,23.52569279757413,0.004450639962698474
130,23.529096209716798,0.0044509138050675395,23.487160066546817,0.00449011825194413
131,23.51220843322754,0.004468353678882122,23.523762579253226,0.004457251879414825
132,23.536977697143556,0.004442054678201675,23.58192097750577,0.004396396684601451
133,23.531540650634767,0.004448965876996517,23.511028715191465,0.004467822626007326
134,23.536795211791993,0.004441761322617531,23.52205724773985,0.004453714909878644
135,23.539187965698243,0.004440022469907999,23.533257580381452,0.004444942762793013
136,23.52137486755371,0.004460694637745619,23.55165957364169,0.00442648845583652
137,23.528052338256835,0.004451035773158073,23.52957374572754,0.004446338404985991
138,23.52655895751953,0.004452446168661118,23.520746945467863,0.004458224570773768
139,23.525400795898438,0.004454392116814852,23.50991244691791,0.004470351809127764
140,23.522363216552733,0.004457313732504845,23.50396993926077,0.0044745409652364974
141,23.52078546386719,0.004458707458525896,23.49847058614095,0.004481494808287332
142,23.538042486572266,0.004438888633698225,23.47611916744348,0.0045017760732408724
143,23.53279278564453,0.004446885601654649,23.56114339423902,0.004414929457460389
144,23.517988818969727,0.00446284751355648,23.554300507054183,0.004423012442773942
145,23.529466311645507,0.004450341708511114,23.505187780206853,0.004472487766408559
146,23.541705437011718,0.004436880915760994,23.530595360958216,0.00444530866588607
147,23.53176665710449,0.0044486567351967096,23.523027387676816,0.004454215539788658
148,23.541884501953124,0.00443769810795784,23.46933778473825,0.004510204268788749
149,23.532731171875,0.004447693956047297,23.53178287159313,0.004443539473030603
150,23.52607142211914,0.00445315664127469,23.553066369258996,0.004423763196012288
151,23.53134042297363,0.004448822965621949,23.52093893108946,0.004457321033784837
152,23.526318588867188,0.004453000086843967,23.520595737804065,0.004457522069640232
153,23.533055498046874,0.0044449508488178255,23.53813674695564,0.004439855034491329
154,23.534692177734374,0.004443716579973698,23.487276588208747,0.004490356150111466
155,23.544004565429688,0.004435103505849838,23.489901416662967,0.004490754437830412
156,23.525744478149413,0.0044541211657226085,23.487166156190813,0.004491569752607382
157,23.5455964251709,0.004433064699470997,23.534175902857925,0.004442307967128176
158,23.539134832763672,0.00443942868411541,23.489848616628937,0.0044954300728259665
159,23.530789085083008,0.004448469177484512,23.496306004379736,0.004482080370300647
160,23.538947744750978,0.004440139227807522,23.52322379141143,0.004454489355963288
161,23.54376149719238,0.004436143365502358,23.551981554898347,0.004422392784194513
162,23.51467660095215,0.004466577809154987,23.47909875349565,0.004500176642993183
163,23.52833220703125,0.004451485618054867,23.526991126320578,0.004450215591738621
164,23.534202423706056,0.004445157760679722,23.515397227894177,0.004464042102071372
165,23.5418198248291,0.004436929548308253,23.550569922707297,0.004429937977005135
166,23.53123149963379,0.004447852889895439,23.538546091715496,0.004437466844013243
167,23.536524770507814,0.004442678592205047,23.523692381887724,0.00445271611778122
168,23.537112215576173,0.004442308368235826,23.553094450054747,0.004422240796865839
169,23.53664698486328,0.004442201845645905,23.504451608368846,0.004474423450954033
170,23.5326728515625,0.004446953266113996,23.55431085066362,0.004421770606528629
171,23.537133666381838,0.004441176482662558,23.515167280254943,0.004460470051024899
172,23.536781458740233,0.004443408398479223,23.54589161497174,0.00442923616617918
173,23.53205532775879,0.004448239805102348,23.53343401590983,0.004441637975925749
174,23.53277572265625,0.004447329690307379,23.530232456091678,0.004445986876433546
175,23.538157275390624,0.004440995148569346,23.539023707996716,0.004436530440932874
176,23.53312718078613,0.0044463709473609924,23.48523727648186,0.004493368989364668
177,23.535205645141602,0.00444421672731638,23.5188808741714,0.0044598056861397
178,23.53345083618164,0.004445963762104511,23.525470925533412,0.004454320415177128
179,23.53164290649414,0.004449984619617462,23.551598011363637,0.0044246865752519985
180,23.54715042236328,0.004431827620565891,23.496470110344163,0.004485914312077291
181,23.52766934387207,0.00445343134790659,23.529283195264412,0.004446238196370277
182,23.537061525878908,0.004442086847722531,23.516468443437056,0.004462151673029769
183,23.53636063659668,0.004442418957948685,23.571925723913942,0.004406842129361449
184,23.53098166503906,0.004448445006906986,23.54917912569913,0.004429319276841301
185,23.533166020507814,0.004444704008698464,23.603793744173917,0.004368939824740995
186,23.54110631347656,0.0044389457190036775,23.56141185876095,0.004415211146979621
187,23.531697889404295,0.004447764891386032,23.54519883820505,0.00443116733296351
188,23.520008787231447,0.0044597172899544235,23.5590594366825,0.004413999705152078
189,23.523824556274413,0.004456468655019998,23.496470329978248,0.004478623264215209
190,23.53265418029785,0.004445773670375347,23.54185901295055,0.004434719606669563
191,23.52824768737793,0.004453017817363143,23.484045128099847,0.004492673208429054
192,23.52647422180176,0.0044518274675309655,23.514358864986534,0.0044647683841035225
193,23.537147194213865,0.004442835848107934,23.51603322578199,0.004464392960071564
194,23.517499974975586,0.004463617368787527,23.588224626020953,0.004385490411271652
195,23.536247315063477,0.004442698792368174,23.525234451293944,0.004452998394315893
196,23.543236909179686,0.004434167196750641,23.50322816097375,0.004475523782047359
197,23.520893219604492,0.004459491652995348,23.506959963711825,0.00447447315027768
198,23.533621701660156,0.004445369676351547,23.573641422156133,0.004402322712721247
199,23.531665252685546,0.004448080047369003,23.544036310369318,0.004435316619435043
200,23.51830447265625,0.004460987941473722,23.560588203198982,0.0044145916650692625
201,23.53099060546875,0.004447608554959297,23.551078352494674,0.004425013606634104
202,23.539080993041992,0.004440489472597837,23.5045061192368,0.004469859591036132
203,23.527826754760742,0.0044519065932929515,23.519349601052024,0.004459570447039423
204,23.528233214111328,0.004450934236347675,23.58728725317753,0.0043861901161797116
205,23.528909763793944,0.0044496266770362855,23.534431732640122,0.004443413542978692
206,23.525313530273436,0.0044534209737181665,23.515881641272344,0.004462392463941466
207,23.51980292541504,0.004459784214943648,23.532692343971945,0.004442588222410643
208,23.525145546875,0.004454661162793637,23.50504890904282,0.0044720907661725175
209,23.537699106445313,0.004441611890196801,23.51540338458437,0.004461729765841456
210,23.521791248779298,0.004458850453346968,23.525735591541636,0.00445309522815726
211,23.527970108642577,0.004450808790773153,23.51643676295425,0.004461912907885782
212,23.534656060791015,0.004443567261397839,23.523114709565135,0.0044544254457860285
213,23.52324568359375,0.004456766466349364,23.553353484182647,0.004422445032519824
214,23.52694317260742,0.004451724614500999,23.51029906532981,0.004466990876491323
215,23.53155286010742,0.004447899494022131,23.498803958314838,0.004480717148293148
216,23.53647074707031,0.004444490662664175,23.526421356201173,0.004452326891548706
217,23.531134493408203,0.004448667708039283,23.459478595618044,0.0045185254926257065
218,23.52897472167969,0.004449619216322899,23.538567484075372,0.00443804618479176
219,23.54176616760254,0.004437288928478956,23.529420196070816,0.004445969338782809
220,23.535380651245116,0.004442731415629387,23.559324174360796,0.004416611691880407
221,23.527330017700194,0.0044515179470181465,23.557749097419507,0.004418999777937477
222,23.535680772705078,0.004443558691889048,23.53298953894413,0.00444226629072518
223,23.534073747558594,0.004444421476572752,23.47878085974491,0.004511443944365689
224,23.527737120361326,0.0044521423012018205,23.506283030654444,0.004472349782220342
225,23.541317607421874,0.004438174739181996,23.560198822021484,0.0044146952439438215
226,23.54694130126953,0.004429767290055751,23.556367037224046,0.004419065034299186
227,23.532526080932616,0.004447807990089059,23.557152469519412,0.00441948141959129
228,23.524065770874024,0.004454821955263615,23.515939895167495,0.0044613475984696185
229,23.541542955932616,0.004437046701610089,23.50772542317708,0.004469720432817033
230,23.530959021606446,0.004448172474205494,23.560404748627633,0.004416709144345739
231,23.53418365539551,0.004444904962927103,23.515788812348337,0.00445998337063374
232,23.538978591918944,0.00443944454908371,23.53081857623476,0.004448594456030564
233,23.52923076171875,0.004450415944755077,23.53046112060547,0.004445075682844177
234,23.530543150634767,0.004447895347177982,23.522892194805724,0.0044534327992887205
235,23.544174186401367,0.004434372268915176,23.50269075798266,0.004481065151930758
236,23.52716077697754,0.00445116865336895,23.545398138797644,0.004431207137125911
237,23.541299826049805,0.004438259735703469,23.50592009342078,0.0044725799650856945
238,23.531080037231444,0.004447306160926819,23.536023663607512,0.004439519499851899
239,23.54279331237793,0.0044355316016077995,23.524985041762843,0.004453235392769178
240,23.52984520690918,0.0044501147657632825,23.500836745753432,0.0044771200892600145
241,23.534169892578124,0.004445384551584721,23.543618695808178,0.00443320462310856
242,23.532944572143556,0.004446330531090498,23.557556801998253,0.004418545959122253
243,23.52701792480469,0.004452089594006539,23.49528836337003,0.004480438242581757
244,23.523245685424804,0.004457500729560852,23.552776392156428,0.004424317102089073
245,23.530086510009767,0.004448793503940105,23.517410601991596,0.004460453669343031
246,23.543427958374025,0.004435375050455332,23.512599868774416,0.004467499881531253
247,23.538996478881835,0.004440064292103052,23.522665569421015,0.0044692628271877765
248,23.540169398803712,0.004438458067476749,23.564516509084992,0.004408857286766623
249,23.52611125,0.004453730442225933,23.521859926165956,0.004455252785912969
250,23.55426770202637,0.004424022479951381,23.505047075676195,0.004475393288514831
251,23.52040577697754,0.0044589885380864145,23.554602457682293,0.004422836914432771
252,23.533586396484374,0.0044454415260255335,23.595462419914476,0.004378592715683308
253,23.532439427490235,0.0044470071791112425,23.564943468498463,0.004408856244814215
254,23.538367373657227,0.004441174518615008,23.524538599650064,0.004454447910979841
255,23.540248322753907,0.004439557780995965,23.54503069790927,0.004430437316610055
256,23.528080408325195,0.004451346644163132,23.540835867217094,0.004431976059621031
257,23.542980897216797,0.004435694133341312,23.52999486287435,0.004450212877356645
258,23.52054755432129,0.004459386096000671,23.53002709359834,0.004448256196849274
259,23.53087353149414,0.004448153309673071,23.568279724121094,0.004406684066422961
260,23.538205703125,0.004442010203897953,23.546535547429865,0.004431156291993279
261,23.5433148425293,0.004435746888667345,23.554136276245117,0.004422259203186541
262,23.522740755615235,0.00445619598723948,23.4865622549346,0.004491511294900468
263,23.542221876831054,0.004435357143580914,23.542971510453658,0.004431920223163836
264,23.53588524658203,0.004443339087814093,23.53440165201823,0.004442743426471046
265,23.52664296081543,0.004452643357217312,23.48918848211115,0.004489292342102889
266,23.544487639160156,0.004434498344808817,23.52806654034239,0.0044518039821449555
267,23.533926466674803,0.004445003995895386,23.52138713721073,0.00445670183973782
268,23.539111947021485,0.004440434436947107,23.523112184929126,0.004453614892607385
269,23.5361371484375,0.004442678321897983,23.599470626368667,0.004376281376815203
270,23.526834130859374,0.004452568462193013,23.547205630215732,0.004431805331259966
271,23.520077708740235,0.004460176641047001,23.54479510451808,0.004431684893753492
272,23.53385066040039,0.004445005143508315,23.520508304942737,0.004455329197825808
273,23.520957271118164,0.004458037531077862,23.560340197014085,0.004415812184751937
274,23.530434030761718,0.004449555631130934,23.543363733002632,0.004439361524965727
275,23.544291896362306,0.004436442132592202,23.544391604336827,0.004436255554019501
276,23.532581314697264,0.0044466676016151905,23.54141260089296,0.004434870434078303
277,23.521320501708985,0.0044583558140695095,23.570105854381215,0.004405581775601163
278,23.530964306640627,0.0044489241500198845,23.4844668301669,0.004492915165469502
279,23.535275050048828,0.004444197232723236,23.526434513438833,0.004448227044194937
280,23.528179080200196,0.0044511823658645155,23.541882102272726,0.004435404426785129
281,23.532832713623048,0.004445034810900688,23.4952895378344,0.004482917954975909
282,23.528307997436524,0.004450662367492914,23.528173148415306,0.004451395212249323
283,23.52869640930176,0.004450527336150408,23.553567759195964,0.00442167714463942
284,23.52650941711426,0.004452896733880043,23.54749233130253,0.0044312930067606044
285,23.536167252807616,0.00444214125469327,23.49039947047378,0.004489612739646073
286,23.52659021850586,0.004453191933706403,23.53566794193152,0.004442808711619088
287,23.535802994384767,0.004443570171296597,23.544007785681522,0.00442975228652358
288,23.534317398071288,0.004443828722238541,23.49509619741729,0.004488839201177612
289,23.527464418945314,0.0044528094373643395,23.518485588304923,0.004461920335888863
290,23.539432774658202,0.004439710139036179,23.560786569768734,0.004415789905258201
291,23.530684567871095,0.0044471980158239605,23.463498068144826,0.004516473065948848
292,23.526238302001953,0.004452857894301414,23.51943957010905,0.004459438641188722
293,23.5196633782959,0.004459906395077705,23.493783042214133,0.004488536008831226
294,23.543487286376955,0.004434894156754017,23.505890218561348,0.004472285052479217
295,23.5390714251709,0.004440286858081817,23.45742614283706,0.00452369627458128
296,23.52232772216797,0.0044563888461887835,23.517323557535807,0.004459934973468383
297,23.521373451538086,0.004458408477604389,23.542418314615887,0.004436461356553165
298,23.533290822753905,0.004447377435788512,23.503811162312825,0.004473831368553819
299,23.534893146972657,0.004444847087860107,23.540903334184126,0.004435001336828326
300,23.535716640625,0.004443242970705032,23.52623963095925,0.00445500219692335
301,23.53721748779297,0.004442317916825414,23.537973318388968,0.004437204396747278
302,23.532065362548828,0.004447869528532028,23.481371379043118,0.004501383930557605
303,23.526919692382812,0.0044527690695971255,23.541155675252277,0.00443492089482871
304,23.541327280883788,0.004437920140251518,23.494690068562825,0.004487936366349459
305,23.529111962890624,0.004450612432286143,23.586884157585374,0.004389967575217739
306,23.533500931396485,0.0044447142477333544,23.59867875763864,0.004376874807657617
307,23.533143908081055,0.0044455389047414065,23.54451791705507,0.004433110628389951
308,23.52069051452637,0.0044578936499357225,23.5665005123254,0.00441034837033261
309,23.52041766052246,0.004461048696190119,23.541038349036015,0.0044329859914653226
310,23.533910587158203,0.0044466897645592685,23.499204087690874,0.004477076858394977
311,23.533567127685547,0.00444487893268466,23.58245327573834,0.004392210058303494
312,23.538874747924805,0.004441067605912685,23.536958222822708,0.004441608293264201
313,23.529792846069334,0.004449074465930462,23.497863751035748,0.004481122247648962
314,23.53277294189453,0.0044477064836025235,23.555802226211085,0.004419033141298727
315,23.521537970581054,0.0044580370490252975,23.497471216375178,0.004481396359589064
316,23.527125271606444,0.004453116105496884,23.50355216517593,0.004471406441633448
317,23.521044453125,0.004459726045131684,23.54206788958925,0.004434710459388567
318,23.53722465209961,0.004443384597599506,23.539542116107363,0.004436625922380975
319,23.536336061401368,0.004443144574165344,23.545057181156043,0.004430759474070687
320,23.536247369384764,0.004443618098199368,23.519315939238577,0.004459478113461625
321,23.527129249267578,0.0044521607437729835,23.54399116516113,0.004434907572964828
322,23.5271323046875,0.004451424842178821,23.504774035829485,0.0044749642891640014
323,23.533221268310548,0.004445996891260147,23.563603092540394,0.004413824671822967
324,23.530315416870117,0.004449200497716665,23.553291609793,0.004419541522070314
325,23.53578555053711,0.004442855967879296,23.509900746201023,0.004469248327341946
326,23.520433306884765,0.00445890277788043,23.452914678400212,0.004526401825926521
327,23.537592603759766,0.004441345570236444,23.519904389814897,0.004459560569375754
328,23.52823251159668,0.004451062403917312,23.5058002726237,0.004471224050855998
329,23.526302363891602,0.00445463420689106,23.474245316476534,0.004506778870568131
330,23.533884682617188,0.004446039479821921,23.513456860166606,0.004465423562761509
331,23.5273940032959,0.004452597889751196,23.495395204948657,0.004484464830972932
332,23.54278891845703,0.004437079483121634,23.570520837957208,0.004404070713754856
333,23.52421458190918,0.004455112035274505,23.542066118644946,0.00443679392902237
334,23.523015372314454,0.0044567780220508574,23.506520968350497,0.004471917772157626
335,23.532654155273438,0.004447192683815956,23.494392117587005,0.0044830639908711115
336,23.522062490844725,0.004457339005172253,23.49567629033869,0.00448250901518446
337,23.53577426513672,0.004443896585404873,23.529345157507695,0.004447855039527922
338,23.5336512890625,0.004445404036343098,23.465933387062766,0.004515687890463706
339,23.544172681884767,0.004435017875134945,23.547705216841265,0.004428312746299939
340,23.520981486206054,0.0044587855849415065,23.54460891492439,0.004431743493134325
341,23.53164045654297,0.004448321605622769,23.52119601162997,0.0044548179045545335
342,23.531895386352538,0.00444657764390111,23.53436289700595,0.0044404322337923624
343,23.541187380981444,0.004436801850497722,23.50145290259159,0.004475366798878619
344,23.539518880004884,0.004441931155622005,23.514562625307025,0.0044614192245133
345,23.532816810302734,0.004445603139102459,23.578090455026338,0.004399198796600104
346,23.522761341552734,0.004457578406333923,23.47240555271958,0.004505972217655543
347,23.530796461791994,0.004448635755181313,23.492693818988222,0.004487761763122045
348,23.53835509643555,0.004440583491772413,23.497928855202414,0.004482532213583137
349,23.51924951965332,0.004461183221638203,23.5580901036118,0.004418698994047714
350,23.525833532104492,0.004452582161128521,23.507605415113044,0.004467966748457966
351,23.548086557006837,0.0044306267066299915,23.532873824148467,0.004445873256772756
352,23.53318535217285,0.004446240326315165,23.539396096431847,0.004437996064397422
353,23.534423569946288,0.004445404036641121,23.545280595259232,0.00443378253303694
354,23.54316549621582,0.004435624346584082,23.546111424763996,0.004433077205762719
355,23.532737902832032,0.004447066202312708,23.592039968317206,0.0043845359851239305
356,23.529204185791016,0.004450318738222122,23.53577788844253,0.004440683681856502
357,23.5268154486084,0.00445287262186408,23.520508295694988,0.004458749631250447
358,23.52086506591797,0.004458209107965231,23.5631575867624,0.004412828734088125
359,23.535985171508788,0.004442769356071949,23.509473305904503,0.0044657007328262836
360,23.530977825317382,0.004450652971565723,23.536012873794093,0.004444827799769965
361,23.532780674438477,0.00444577251560986,23.517231396761808,0.004461482463573868
362,23.527761637573242,0.004451044297516346,23.52838443409313,0.004451935924589634
363,23.52829746459961,0.004451377795785665,23.494785255663324,0.00448329145314567
364,23.53514329956055,0.004444333537518978,23.507076672640714,0.004468697854741053
365,23.52542922729492,0.0044543568494915965,23.493322719227184,0.004485667649882309
366,23.539837005615233,0.004439292700886726,23.53033835208777,0.004450278325062809
367,23.53312959411621,0.0044457244355976585,23.54967423178933,0.004427897354418581
368,23.525854766845704,0.004453791540712118,23.540323988018613,0.004436266768836614
369,23.525395243530273,0.00445369772195816,23.489404671408913,0.004488846955425812
370,23.534305415649413,0.0044448091589659455,23.500342957467744,0.004481913694603877
371,23.53473520202637,0.004442617670595646,23.535298570575137,0.00444199009036476
372,23.529662150878906,0.004448947953134775,23.512221256602896,0.004465669418939135
373,23.52779624145508,0.004450792881548405,23.494490788777668,0.004482770706668045
374,23.52920721069336,0.00444965500280261,23.568902717359137,0.00440883027558977
375,23.5360852154541,0.004441504954695702,23.461897314823034,0.0045186587739171405
376,23.529873477172853,0.004449421940743923,23.56048817027699,0.004415463149321802
377,23.534553987426758,0.004444311117976904,23.549803050648084,0.004425065268508412
378,23.52910920654297,0.004451477506458759,23.53677032470703,0.0044393247439328464
379,23.531265114135742,0.004448735968768596,23.56361881834088,0.004410409847217979
380,23.51169761779785,0.004468193036019802,23.53133929165927,0.004448835959827358
381,23.545430598754884,0.004433167010098695,23.588410558989555,0.004390524087868857
382,23.53010795227051,0.00444957176476717,23.500481953476413,0.004480370400529919
383,23.541321962890624,0.004436546506434679,23.516033163359673,0.004459698039925459
384,23.529902524414062,0.004449129510819912,23.53873203855572,0.00444119724981261
385,23.532394838867187,0.004446030652821064,23.54240791320801,0.004435814440701947
386,23.53898160644531,0.00444013542458415,23.508284976843633,0.004473537764314449
387,23.540825616455077,0.004437949296832085,23.515647915926845,0.004460632521094698
388,23.532275139160156,0.0044477087065577505,23.524791077122543,0.004448356735661174
389,23.539995982666017,0.0044398711493611335,23.483174165667908,0.004497896329020009
390,23.537517658081054,0.004440325983464718,23.50498234835538,0.004477046519292123
391,23.521222846679688,0.004458348219394684,23.5257186126709,0.004452302913096818
392,23.52582365661621,0.004453215361833573,23.502588359948362,0.004476195058474938
393,23.534893400268555,0.004443940107226371,23.5415391887318,0.004439069750069669
394,23.536655779418947,0.004443131698668003,23.532557666662967,0.00444656720497843
395,23.533221380615235,0.0044454839086532595,23.504748169870087,0.004472018754053297
396,23.526575694580078,0.004451237863451242,23.576096270012133,0.004403372787390694
397,23.539166982421875,0.004440718095004559,23.55321037986062,0.004420520671727982
398,23.516783681640625,0.004462165879160165,23.4824793659557,0.004498976888417295
399,23.544129700317384,0.00443502117075026,23.513132086089165,0.004465396059959224
400,23.524911166381838,0.004455738729983568,23.51343753930294,0.004466901326721365
401,23.533639555664063,0.004444700234234333,23.551971937237365,0.004423092154955322
402,23.52265256286621,0.004457092159092426,23.54176360621597,0.004435138384049589
403,23.537290458374024,0.004441807688474655,23.51703344634085,0.004459135970382979
404,23.52957159790039,0.0044514965002238754,23.5369371471983,0.004441846182964968
405,23.523530160522462,0.00445561073243618,23.52773892026959,0.0044494130761560165
406,23.52198562133789,0.004457774085700512,23.545441420584012,0.004432427483526143
407,23.529863264160156,0.0044487982480227945,23.517879056063567,0.004470551390426628
408,23.541025267944335,0.004437173484563827,23.545729966597122,0.004432898022121552
409,23.551016303100585,0.004428220542818308,23.474783720536667,0.00450800556350838
410,23.528779978027345,0.004449886232465505,23.526470903338808,0.004450802718373862
411,23.53128677307129,0.004447425121366978,23.52505744934082,0.004451735073869878
412,23.516239188842775,0.004463363562449813,23.560052314527105,0.004419955033244508
413,23.53213120666504,0.004448103983998299,23.495373660000887,0.004479922767954342
414,23.538378776245118,0.004440990358740091,23.55882887175589,0.004421504435101242
415,23.529618255615233,0.004449612622559071,23.470116586396188,0.004512395606460896
416,23.536958102416992,0.004440712150931358,23.524891632542467,0.004453119239346548
417,23.532709955444336,0.004447162855640054,23.497594831062084,0.004486672694823056
418,23.544645610961915,0.00443484755679965,23.528796328920308,0.004447332346303896
419,23.53353422180176,0.0044452304726839064,23.543185889504173,0.00443308594664841
420,23.53930746826172,0.004440126218646765,23.507452159072415,0.004475535242394968
421,23.525765876464845,0.004453962845653295,23.581740454471472,0.0043950474583967164
422,23.550692647094728,0.004427756299376488,23.54827912532922,0.004426137944965652
423,23.534739070434572,0.004443562048524618,23.49210411534165,0.0044865016740831465
424,23.518454564208984,0.00446103193461895,23.54526649937485,0.0044277011857114055
425,23.539847817382814,0.004439326114952564,23.5646464954723,0.004406666397258188
426,23.53118419433594,0.004448615335524082,23.476105358239376,0.004509015130725774
427,23.534430719604494,0.0044451094043254855,23.465883076985676,0.004518356601510084
428,23.529839270019533,0.004449012927860022,23.51712434017297,0.00446415739416173
429,23.523101049194334,0.004458283444046974,23.53891623063521,0.004437292650003325
430,23.540316334228514,0.00443999126970768,23.53278682824337,0.0044446893329873225
431,23.537879896850587,0.004441231569051743,23.54728563482111,0.004429316393692385
432,23.534872384643556,0.0044438790449500085,23.53116182269472,0.004450726794699828
433,23.53539596923828,0.004441991480886936,23.49411801887281,0.004483049473527706
434,23.534851194458007,0.004445165273100138,23.460908434318775,0.0045204954187978395
435,23.540417006225585,0.004439363762885332,23.516909722992867,0.004463964793266672
436,23.53333935913086,0.004447107212617993,23.52812079227332,0.004450957201647036
437,23.537183365478516,0.004441437288969756,23.512242489439068,0.004467606315332832
438,23.52198794494629,0.004458468872606754,23.510070192741626,0.004475137823910424
439,23.525543748168946,0.0044536163870245215,23.54246617635091,0.004435307344026638
440,23.53541227294922,0.004444335352182388,23.515008706757516,0.004463118199033268
441,23.529500900878908,0.004450489715337754,23.513685353597005,0.0044619206175433865
442,23.531496276245118,0.004448203692734242,23.532051121104846,0.004445424417428898
443,23.54338493774414,0.004435378233790398,23.480132464784564,0.004500541486071818
444,23.522686684570314,0.0044576564630866055,23.528146489461264,0.004447905730004563
445,23.53546421569824,0.004443762494623661,23.51762038722183,0.00445877672652855
446,23.53594117492676,0.0044445927597582344,23.525608520507813,0.00445210070095279
447,23.524015236816407,0.00445642354503274,23.520635671904593,0.00445964998085842
448,23.534343336181642,0.00444456901371479,23.55471300760905,0.004421083247006842
449,23.525428839111328,0.0044542668361961845,23.543643454349404,0.004436148148820256
450,23.53449782348633,0.004445305909216404,23.533215826785927,0.004445639984174209
451,23.529612662353514,0.004449253182858229,23.50353483026678,0.004475629004000715
452,23.52288705749512,0.004457696897238493,23.54948978770863,0.004430692733237237
453,23.537870799560547,0.004440928209424019,23.500772164084694,0.004477761647466457
454,23.523576112060546,0.0044557958266139034,23.513641766634855,0.004460158188912001
455,23.52610972290039,0.004452232564985752,23.531816658251213,0.004441171142865311
456,23.53457780151367,0.004445607614964247,23.475397186279295,0.004503817226399075
457,23.532526705932618,0.0044461863051354885,23.57129268530643,0.004406627197608803
458,23.548725623168945,0.0044308232879638676,23.557226319746537,0.00441723966914596
459,23.51828955932617,0.004462452994436025,23.550586728182704,0.004425240098075434
460,23.539068947753908,0.004440456803739071,23.524059859767103,0.004451199109581384
461,23.53160147644043,0.004447862888276577,23.504879455566407,0.004473163357964068
462,23.539707857666016,0.004438803738355637,23.512864833022608,0.004469574089867599
463,23.543430693359376,0.004435954357534647,23.450284268928296,0.004533632323145866
464,23.527495942382814,0.004450776268392801,23.540844837535513,0.00443438466525439
465,23.54482950805664,0.004434577123522758,23.544253470680932,0.0044295745038173415
466,23.539369826660156,0.0044392885193228725,23.540210548169686,0.004435362112002843
467,23.528360966796875,0.004450360071957112,23.499154258496834,0.004479325604483937
468,23.539034403686525,0.004439893901646137,23.545288171479196,0.004431912558096828
469,23.53546299255371,0.004443530625104904,23.493028532085997,0.004484166936440902
470,23.534950928955077,0.004445138507634401,23.564977296771424,0.00441210300520514
471,23.53149948730469,0.004448952688127756,23.529956170284386,0.004447389347760966
472,23.544806033935547,0.0044344658228755,23.541401341756185,0.0044339730697825095
473,23.536589083251954,0.0044428238390386105,23.51853563713305,0.004465182163950168
474,23.537574002075196,0.004441448445171118,23.51408426920573,0.004464171865221226
475,23.515931322021483,0.004465273417830467,23.548125420772667,0.004430226961320097
476,23.527783034057617,0.004452199077010155,23.543131142818567,0.004431121913208203
477,23.529091162109374,0.004451489733830094,23.51487477158055,0.004460484480315989
478,23.529734710693358,0.004449411700665951,23.535737300063623,0.004443863918722579
479,23.530329635620117,0.004449638983309269,23.54135271245783,0.004439515541448738
480,23.531468296508788,0.004448640471100807,23.57042973605069,0.004406677509347597
481,23.523186643066406,0.004454695505648852,23.542056646636038,0.0044353765367784286
482,23.52793709655762,0.004451955456212163,23.552762358694366,0.004419512593497833
483,23.542363999023436,0.0044359545460343364,23.51831628510446,0.004463140599881158
484,23.53740091430664,0.00444154078066349,23.554086539528587,0.004420685747807676
485,23.534994764404296,0.004445350194349885,23.471211023041697,0.0045115403164968345
486,23.54053833190918,0.004438474256694317,23.566982629949397,0.004409710670623815
487,23.531522422485352,0.004447306175529957,23.526326721653795,0.004457693775607781
488,23.537134000854493,0.004441916089951992,23.53660232081558,0.004439687017690052
489,23.526061263427735,0.004452748288214206,23.557253309307676,0.004420963839599581
490,23.525056423950197,0.0044537560364603995,23.52414202603427,0.00445568217641928
491,23.525206013183595,0.0044547774644196035,23.53842768351237,0.004440523275371754
492,23.520637571411132,0.004460478361472488,23.544299045909536,0.0044340702530109525
493,23.528783949584962,0.00445047566011548,23.540753504435223,0.0044365690428424965
494,23.525725587158203,0.004454768314734101,23.55566996950092,0.004418544960067127
495,23.53237212219238,0.004446575558632612,23.51355097915187,0.004468511416943688
496,23.538482923583985,0.004441713279187679,23.506487077655216,0.004468562113629146
497,23.513878419799806,0.004467344516217708,23.522005955089224,0.004455362180755897
498,23.527376860351563,0.004453035681024194,23.523319847800515,0.004452147602922086
499,23.536027560424806,0.004444243649244308,23.50153847665498,0.004475251501708319
500,23.537244358520507,0.004440206199884415,23.518589692549273,0.004458405662215117
501,23.53915885559082,0.004440294870883227,23.55704449046742,0.004421246387064457
502,23.53013086730957,0.004449483738839626,23.524418432062323,0.004454620383454092
503,23.541455607299806,0.004436902520954609,23.51862605239406,0.004459648154337297
504,23.532830233154296,0.004446607761755586,23.519556013165097,0.004456892510819615
505,23.526522716674805,0.004452662952840328,23.55496863162879,0.0044216753689177105
506,23.530362150268555,0.004449037425667048,23.51299113880504,0.004463277799500661
507,23.541078538818358,0.004437270805239677,23.470521126949425,0.004509545080928188
508,23.53032279663086,0.004449885840713978,23.49587572964755,0.00448492260988463
509,23.520027284545897,0.004460980003327131,23.548835155602656,0.0044271044043654745
510,23.535438912353516,0.004443900505304336,23.498754036643287,0.004480093286908937
511,23.55375913269043,0.004425068227052688,23.500106506347656,0.004479389381453846
512,23.540154025878905,0.0044389206616580485,23.558190783876363,0.004419163534361305
513,23.533139137573244,0.0044457014206051824,23.50697220542214,0.004473643210914099
514,23.519299774169923,0.004461204203814268,23.535676181677616,0.004440332183219267
515,23.538428103637695,0.004441187219023705,23.53048835523201,0.0044463505409657956
516,23.529498508911132,0.004449114289879799,23.500390127933386,0.004475816023169142
517,23.53255157409668,0.004446485598683357,23.554513991384795,0.004421857395632701
518,23.530351943969727,0.0044500601358711716,23.565542017618814,0.0044123894156831685
519,23.517976177978515,0.0044617903879284855,23.49401106632117,0.004484015799720179
520,23.532791217041016,0.004446672256812453,23.494017375599253,0.004483665880944693
521,23.548231726074217,0.004431410829871893,23.515422277739553,0.00446000955603791
522,23.534584522094725,0.0044438260301947596,23.500724212184096,0.004480880754576488
523,23.527361420288084,0.004452353849858046,23.56131651213675,0.004414143634564949
524,23.52142342163086,0.0044591865129768845,23.555392798221472,0.004420162963709145
525,23.531256924438477,0.00444719799220562,23.547032909971296,0.004429309978290941
526,23.523026896972656,0.00445745223402977,23.52883701208866,0.004451811154457656
527,23.523924370117186,0.004455215983390808,23.54316703796387,0.004432817603828329
528,23.52862590515137,0.004451369284391403,23.541498683582653,0.004434700488592639
529,23.52534297180176,0.004453856140375138,23.5358669535319,0.004444018040191043
530,23.527050065307616,0.004452623251974583,23.530413788304184,0.0044441806728189644
531,23.537713442993166,0.004440686406642198,23.50619909806685,0.004474829108538953
532,23.533097052612305,0.004446151770353317,23.53629501805161,0.004441331669010899
533,23.54280191467285,0.004436069637537002,23.531695688421078,0.004447518891908905
534,23.541718059082033,0.004436096502989531,23.501106659860323,0.004475949889218266
535,23.52956099914551,0.004449211277663708,23.51539363514293,0.0044633214762716585
536,23.51996424987793,0.004459460348039865,23.536885510068952,0.004441940476835677
537,23.533466868286133,0.004446800290644169,23.528656773422703,0.004448541074313901
538,23.53758326904297,0.004440698728859425,23.55855215592818,0.004419650046549963
539,23.538661221923828,0.004440718160122633,23.51040885694099,0.004466957139472167
540,23.530628201904296,0.004449417108595371,23.518882668235086,0.0044553602261073666
541,23.528579788208006,0.004449963259398938,23.521641970547762,0.004458427200037422
542,23.548308516845704,0.004430886569619178,23.566515341094046,0.004410733860550505
543,23.51986433654785,0.00445949912160635,23.50165470007694,0.0044767489035924275
544,23.524245306396484,0.004456001012474299,23.530286805123993,0.004446216397213213
545,23.53518850402832,0.004443454139232635,23.515707716508345,0.004462715639083675
546,23.52597811401367,0.004453466997891665,23.541315145781546,0.004439972799384233
547,23.54108208679199,0.004437574062943458,23.486320416999586,0.004499180549473474
548,23.540867420654298,0.004437330601811409,23.55092021595348,0.004424308603347251
549,23.521262212524412,0.004457812370061875,23.552314487804065,0.004423379857431758
550,23.53051223815918,0.0044487751618027685,23.492044626871746,0.004485947092374166
551,23.513979545288088,0.004465228762775659,23.553573418819543,0.00442284364930608
552,23.52548109375,0.0044533814424276355,23.524980064160896,0.004453110055377086
553,23.536029106445312,0.004443325755447149,23.57983159383138,0.004393621289143056
554,23.531205263671875,0.004449174608588219,23.5019829120058,0.004474569456934026
555,23.519790037231445,0.004458629823178053,23.520072345155658,0.004457860205209617
556,23.52394538330078,0.004455290810465812,23.518103473547733,0.004459666138458432
557,23.525911997680662,0.0044539759074151515,23.546143690167053,0.004431984315090108
558,23.532161665649415,0.004447337993085385,23.463408369584517,0.004519026572392746
559,23.538879821166994,0.004440710002779961,23.505602278275923,0.004470947008354194
560,23.534057756958006,0.004445975840985775,23.540630846890537,0.004434291615969304
561,23.54120880126953,0.004437051272690297,23.551322428385415,0.004423940651908968
562,23.528146407470704,0.004451308250576258,23.517546971638996,0.004457475662118558
563,23.529619401245117,0.004449649851620197,23.56129103227095,0.004415001384913921
564,23.53181625366211,0.004448116326928138,23.524247859608042,0.004452122513656363
565,23.53348734802246,0.004445100391209125,23.552504707105232,0.004421468641270291
566,23.540556652221678,0.004438493848964572,23.49284270546653,0.004485308120986729
567,23.54287914550781,0.004435677590221167,23.5455824025472,0.0044303798551360764
568,23.52841176940918,0.004450555503070355,23.569903358690667,0.00440833194463542
569,23.533212411499022,0.004446943722963333,23.57525313175086,0.004398535804427934
570,23.541768876342772,0.00443618107676506,23.575330840602067,0.004401048022237691
571,23.522749829711913,0.004457904930710793,23.547537689208983,0.004428968716864333
572,23.518775893554686,0.004460298152118921,23.47751497442072,0.004505988222292878
573,23.54854936340332,0.00442989467471838,23.53575684518525,0.004446296247117447
574,23.5453143560791,0.004432826959192753,23.587435291174685,0.0043894719874317
575,23.535000479125976,0.004444994233995676,23.512258682250977,0.004466216662390665
576,23.514186748657227,0.004465969146490097,23.546342729510684,0.004433345716785301
577,23.52715894104004,0.004452194771915674,23.548351310961174,0.004427260973236777
578,23.540788717651367,0.004439116778373719,23.54881753170129,0.004429024854166941
579,23.52456926635742,0.004453911249041557,23.45947640621301,0.004519449443076596
580,23.539273416748046,0.004440158351808787,23.553615637114554,0.004422014985572208
581,23.541079212646483,0.004440002464354038,23.48670175263376,0.0044904346639911335
582,23.539838737182617,0.004439693717956543,23.547533604015005,0.004428345185676307
583,23.518093889160156,0.004462625022232532,23.490622479987866,0.00449079540925044
584,23.53417253417969,0.004444394592344761,23.47857400373979,0.0045017118593960095
585,23.525834027709962,0.004453151939511299,23.475458755493165,0.004512984731206388
586,23.54040764404297,0.004439927581399679,23.555782246445165,0.0044196778106870074
587,23.539325750732424,0.004439072936475277,23.491630027077417,0.0044899862457179664
588,23.52679737854004,0.004453668746650219,23.529131428111683,0.004449398335859631
589,23.537352290039063,0.0044413986179232595,23.517877266623756,0.00445691066652988
590,23.53667883972168,0.004441866455972195,23.575856498949456,0.004397455349451664
591,23.53770394897461,0.004442070640325546,23.583021383574515,0.004394403696624619
592,23.529641098632812,0.0044497644364833834,23.577958193692293,0.00439577206743486
593,23.52202603088379,0.0044580912936478855,23.528820773037996,0.004445818204884276
594,23.52856108886719,0.004451133065819741,23.488211131240384,0.00448919908397577
595,23.53757835632324,0.004440614892691374,23.538795341722892,0.004441400777097001
596,23.532238408203124,0.004448669299930334,23.456815347382516,0.004525379445968252
597,23.545090482177734,0.004434105747640133,23.53780030452844,0.0044419057283437615
598,23.537331927490236,0.004441442657113075,23.574807147401753,0.004399878247782136
599,23.53950872680664,0.004439252745211124,23.507725157304243,0.004471007422402953
600,23.529705563354494,0.004450146922916174,23.56301774920839,0.0044168167967687955
601,23.541328506469725,0.004437498660087585,23.554056354869495,0.004422966574854923
602,23.53947733581543,0.00444034602791071,23.54451789162376,0.004435455025822827
603,23.52377211730957,0.0044558424034714696,23.559707840428207,0.00441679895149939
604,23.530004212646485,0.004448776075839996,23.514747642748283,0.004466365830351909
605,23.535293153686524,0.004442925827801227,23.494544696229877,0.004483679689354066
606,23.534097943725587,0.0044450320465862754,23.537372653845583,0.004437006994178801
607,23.54044141784668,0.004438125619143247,23.52315420439749,0.004452141265413075
608,23.533975583496094,0.004445433901846409,23.543409157955285,0.004435246645501166
609,23.534030955200194,0.004445176320075989,23.539038684729373,0.004434639109355031
610,23.541074497680665,0.004437285210490227,23.544603204438182,0.0044315238900934206
611,23.531943161621093,0.00444702852204442,23.5437516969623,0.004431273316343625
612,23.528555869140625,0.0044516860565543175,23.51346117655436,0.0044604779531558355
613,23.525133029785156,0.004454948114156723,23.520583724975587,0.004458392675627362
614,23.54029664489746,0.004439694946408272,23.522237904866536,0.0044552698889465045
615,23.534730630493165,0.004444896836280823,23.52557935078939,0.004452048432307713
616,23.553130740356444,0.004425709144473076,23.548390976876924,0.0044271941477376404
617,23.533102349853515,0.0044480822168290616,23.546944332700786,0.004427842678445758
618,23.522612686767577,0.004457016020566225,23.532259491429183,0.00444679173048247
619,23.531063748779296,0.0044474566262960435,23.47464687463009,0.004508724077745821
620,23.535880052490235,0.004443960329294205,23.562639032999673,0.0044119094272680355
621,23.524398435668946,0.004454680736064911,23.52196009318034,0.004456727727118767
622,23.54472008972168,0.004433322229087352,23.55413626468543,0.004420961252216137
623,23.52756666137695,0.004451785923987627,23.55682731628418,0.004417753155258569
624,23.53130953430176,0.004448010104298592,23.521013486457594,0.004454847183642965
625,23.52999405517578,0.004449314568638801,23.541634868275036,0.004435909785556071
626,23.533956876831056,0.004445336834192276,23.54261459350586,0.004432005573515639
627,23.533241068725587,0.0044453496980667116,23.499581946170693,0.0044809832785165675
628,23.52694922607422,0.004453207685723901,23.49685154539166,0.004482511763432713
629,23.53706610961914,0.004441543665081263,23.52576690905022,0.004452358305341367
630,23.546998439941405,0.004432358669489622,23.508620080658883,0.00447440755976872
631,23.54172102050781,0.004437505061626434,23.567467836322205,0.004410160351544619
632,23.51961741394043,0.004461388912200928,23.502169980135832,0.004476027401220618
633,23.53936298828125,0.004440134970098734,23.56003833655155,0.004416182760826566
634,23.530202741088868,0.004448800169825554,23.485037474198776,0.004493554232246948
635,23.53723796081543,0.004441477110981942,23.598338817249644,0.004377927579775905
636,23.535359616699218,0.004444925804287196,23.58692081335819,0.004391254825573979
637,23.5270235736084,0.004452302376329899,23.487007046323836,0.004493888723240657
638,23.530477426757813,0.00444947797447443,23.52622735456987,0.004450745585967194
639,23.532448865356447,0.004446994822919369,23.50297573667584,0.00447712032688838
640,23.538024110107422,0.004441183318644762,23.516443467573687,0.004460756913617705
641,23.543891654663085,0.00443535429418087,23.58237909721606,0.0043905165616535775
642,23.53299442077637,0.004446761283874512,23.479693550341057,0.004498458182947202
643,23.549396536865235,0.004430400240793824,23.53288209626169,0.004442456059835174
644,23.53887616394043,0.004440196045935154,23.55216620936538,0.0044264406761662526
645,23.52901734375,0.004449779723286629,23.532381305116594,0.004446013682719433
646,23.542299386596678,0.0044354548594355584,23.560883967081704,0.0044198693865627955
647,23.522895970458983,0.00445789564371109,23.49254408865264,0.004485804618646701
648,23.526249343261718,0.004453286101520061,23.533704089540425,0.00444818323929653
649,23.541245947875975,0.0044387415301799776,23.537002052538323,0.004438578630374237
650,23.531550120239256,0.004447144026607275,23.522300588434394,0.004462067356163805
651,23.539899530029295,0.0044391178530454635,23.530521822842683,0.0044472206587141214
652,23.536476924438478,0.004442751911431551,23.51933758128773,0.0044597678292881355
653,23.53333333312988,0.00444719949260354,23.58451930884159,0.004390724095882792
654,23.527127120361328,0.004453914808928966,23.518531258322977,0.004458280849750295
655,23.531857485961915,0.004447087451517582,23.500152853763463,0.004478007864884355
656,23.539256838378908,0.004439720244407654,23.543225111527878,0.004434666808017276
657,23.534678295898438,0.004444359190016985,23.520080062403824,0.004458109429388336
658,23.534498323364257,0.004444856216609478,23.55346596920129,0.0044217987776254165
659,23.53465488647461,0.004445304595530033,23.52690239877412,0.0044486756126085915
660,23.530713790283205,0.004448913821876049,23.539045049493964,0.004440126660082377
661,23.527445763549803,0.004451565358638764,23.516371133977717,0.0044616235245132085
662,23.537349369506835,0.0044422830121219154,23.55906779202548,0.004415157132528045
663,23.52369011230469,0.004455834809541702,23.495085201841412,0.004482522355110356
664,23.51604824157715,0.004464248336106539,23.52130310058594,0.004454073070012258
665,23.537845522460938,0.0044418584825098514,23.458162994384764,0.004528273430963357
666,23.527897112426757,0.004452914744019508,23.584106937755237,0.004391015976893179
667,23.54259477416992,0.004435690148025751,23.5703173828125,0.004406291161184058
668,23.53505323120117,0.004444395691230893,23.52677006114613,0.004453064093196934
669,23.52469266052246,0.004455290122926235,23.512243462764857,0.004467414323466294
670,23.542215459594726,0.0044369327616691585,23.526453707145922,0.0044532774597632165
671,23.547811881103517,0.004430050896182656,23.556550218986743,0.0044184668683870275
672,23.531462581176758,0.004449378145933151,23.525959740841028,0.004450890649900292
673,23.537413341674803,0.004442595104575157,23.550834315906872,0.004423259448147181
674,23.521994779663085,0.004458251574784518,23.498293833877103,0.004479606636432988
675,23.537178856811522,0.004441003449708224,23.579213196725558,0.004395878880538723
676,23.537045681762695,0.004441824758797884,23.56201755176891,0.004412391743989605
677,23.538672287597656,0.004441160423457623,23.560720822883376,0.004418893987595132
678,23.52640879394531,0.00445289861291647,23.528265158913353,0.004450111955855832
679,23.54358954284668,0.004434726870805025,23.50283711751302,0.004473699043984666
680,23.534835231933595,0.004445209708064795,23.543286847201262,0.004432890173047781
681,23.52961008483887,0.004451275899112225,23.550773102731416,0.004425191485859228
682,23.53359510192871,0.004445580376237631,23.532043826941287,0.0044520111737603495
683,23.519309702148437,0.004462039647996426,23.519604670206707,0.004458166855302724
684,23.536858828125,0.004442835620194673,23.5039559358539,0.004474127448417924
685,23.525128551635742,0.004454984007328749,23.535784974531694,0.004441027078551776
686,23.531217447509764,0.004448641844689846,23.532927606756036,0.0044456004605374555
687,23.536493509521485,0.00444224659204483,23.503953510631213,0.004472605886897354
688,23.53826671142578,0.0044417844012379646,23.577737514611446,0.004398874852129004
689,23.541630954589845,0.0044368408106267455,23.540980398004706,0.004433159743520347
690,23.52973717163086,0.0044498814212530855,23.553716793638287,0.004426004032632618
691,23.536663973388674,0.0044424536930024626,23.4954651965517,0.004482669148481253
692,23.524118134155273,0.00445599129140377,23.611538289388022,0.004365053641976732
693,23.53575370300293,0.00444367358237505,23.547657870668353,0.004427850566465746
694,23.53424104736328,0.004444644845277071,23.51087922298547,0.0044652748638481805
695,23.5297665032959,0.004450105083286762,23.547232744621507,0.004430205868839314
696,23.53196129272461,0.004447410669922829,23.58968007405599,0.004386917638846419
697,23.538383782958984,0.004440443131029606,23.47523308725068,0.0045013500874241195
698,23.5386583203125,0.004439406455755234,23.499255200010357,0.004481991384968613
699,23.530712372436522,0.004450990613549948,23.556415088537968,0.004417852889181989
700,23.53981651184082,0.00443949125751853,23.549123010346385,0.004423689166027488
701,23.526601616210936,0.004454235389083624,23.515171284531103,0.0044602753938824844
702,23.52250465576172,0.004458143294602633,23.480714601458924,0.004495562484882998
703,23.53891812866211,0.004440442082881927,23.518625592318447,0.00446282415622563
704,23.528416149902345,0.004453049382865429,23.510910517374676,0.004466550278505592
705,23.52839315246582,0.004452114512622356,23.50304841706247,0.004474484400654381
706,23.53915807495117,0.004439988098889589,23.472900182550603,0.0045040003046619165
707,23.541454035034178,0.004437512958943844,23.52765606735692,0.004448202477598732
708,23.5307173638916,0.004448160657584667,23.542970146410394,0.004433559938475038
709,23.54249446960449,0.004436170661151409,23.540536346435548,0.004433586690010446
710,23.52788153869629,0.00445254986256361,23.54006792935458,0.004437328884660295
711,23.54290767150879,0.004436004936248064,23.476148429639412,0.004507997493174943
712,23.546651369628908,0.004431872469633818,23.476403249104816,0.004503142015274727
713,23.532541812744142,0.004446425789073109,23.543122380574545,0.004432921681666013
714,23.526000952148436,0.004453767946362495,23.509144509055396,0.004470836355379134
715,23.540823284912108,0.004439053798317909,23.57733247236772,0.004398685264768023
716,23.533457450561524,0.004444814834147692,23.485706523548473,0.004492582323198969
717,23.53154686828613,0.004448966906517744,23.436260248819988,0.004555113276636058
718,23.527225888671875,0.004451441458910703,23.502625189116507,0.004481078057239453
719,23.533381896972656,0.004446852425634861,23.57516767328436,0.004402245070898172
720,23.519858495483398,0.0044603404746949675,23.515101260560932,0.004457301359736559
721,23.51955221130371,0.004460454836785793,23.617332629579487,0.004360270785788695
722,23.539288270263672,0.004439514343738556,23.575658664125385,0.004397802386771549
723,23.5375203137207,0.004441329617500305,23.51666258609656,0.004462191801743977
724,23.52961983581543,0.004450273918136955,23.522512264829693,0.004452711242730871
725,23.533354387817383,0.004445202214121819,23.50781062964237,0.004470903682663585
726,23.53095317993164,0.00444827121347189,23.520309899070046,0.004455642606498617
727,23.545845651245116,0.00443316583827138,23.547988806059866,0.0044275522457830835
728,23.5303177734375,0.004450382118821144,23.524370713667437,0.0044520227526399225
729,23.532492590942383,0.00444754262149334,23.559289083769826,0.004416025981419917
730,23.538371782836915,0.0044418771934509275,23.488633563879766,0.00448948803611777
731,23.527948312988283,0.004451243189796806,23.51703507856889,0.00445995281027122
732,23.535199259033202,0.004444932082444429,23.512695846557616,0.004463047628488505
733,23.520949924926757,0.004459669245779514,23.483079769250118,0.004496335151294867
734,23.521142939453124,0.004459100893288851,23.554047904737068,0.004421207251196557
735,23.536366090087892,0.00444303745418787,23.515637757272433,0.004465230318971655
736,23.53428677001953,0.004444786973074079,23.572099544640743,0.004405058645502185
737,23.54297824279785,0.004435672950148582,23.597832320242215,0.004379470899814006
738,23.54042391052246,0.004438822793662548,23.50937222105084,0.004468357746461124
739,23.53286236206055,0.004445883800983429,23.575740784153794,0.004399036015525009
740,23.524248671264647,0.004455916645377874,23.528900606559986,0.004445290779977133
741,23.532119487304687,0.004446363962292671,23.54695437344638,0.004431391751788782
742,23.538332014770507,0.004442326307594776,23.45990292404637,0.00451990906939362
743,23.513726619873047,0.004466107035428286,23.53414642565178,0.0044437866144333826
744,23.534750628051757,0.004443334612473845,23.551260505445075,0.004419740838083354
745,23.52764914123535,0.004451248789727687,23.566744426380506,0.004409805101088502
746,23.54006138366699,0.0044404351651668545,23.521638983524205,0.0044583093854739814
747,23.545376041259765,0.004434211748242378,23.584578889789004,0.00439147342899532
748,23.53138385803223,0.004449512037336826,23.5606237561775,0.004414859003189838
749,23.534678478393555,0.004444335774034262,23.540693558201646,0.004438229112914114
750,23.53593234313965,0.004443031394332647,23.529338096849845,0.004449689664849729
751,23.540078799438476,0.0044382174053788186,23.566058289498994,0.004408202107544198
752,23.531448485717775,0.004449058234989643,23.532098499644885,0.004443064088171179
753,23.529470145263673,0.004449407944381237,23.542335857044566,0.004434701052466125
754,23.53408800415039,0.004444711506366729,23.475473269838275,0.004502880250414213
755,23.527001943969726,0.0044540221634507176,23.522717800718365,0.004453562538167744
756,23.537859337158203,0.004440900008678437,23.495657133622604,0.004482487897868409
757,23.531749839477538,0.004447998112216592,23.526530528213037,0.004450698279860344
758,23.531964425048827,0.004446200219094754,23.582587814331056,0.004392801164790536
759,23.54352558166504,0.004435202380865812,23.510556636001123,0.004465919411317868
760,23.53205256713867,0.004447551838606596,23.53572817253344,0.00444228844152707
761,23.536187305908204,0.004443508433997631,23.55504586653276,0.00442133545423999
762,23.536023129882814,0.004442844252288342,23.52986875360662,0.004447702422850963
763,23.524341557617188,0.00445585938423872,23.44905023054643,0.0045353583596421014
764,23.52070762512207,0.0044605562540888785,23.53397921475497,0.0044451791087560585
765,23.53059834289551,0.004450178829431534,23.50662313519102,0.004471145419008804
766,23.52434028564453,0.004455752068907023,23.553707416418828,0.004424251022776871
767,23.533949681396486,0.0044448588567972186,23.52075719197591,0.004455035490858735
768,23.528330310058593,0.004450985250473023,23.51339100230824,0.0044643425004500335
769,23.548967055053712,0.004431051308363676,23.53325807282419,0.0044446430677040055
770,23.54091943725586,0.004439416924715042,23.536346886374734,0.00444394243711775
771,23.542669098510743,0.0044374739077687264,23.520122303818212,0.004458402880665028
772,23.52302857055664,0.004456321341693401,23.474657819343335,0.00451290749803637
773,23.532037210083008,0.004448143635392189,23.56800413420706,0.004408471505298759
774,23.539250452270508,0.004439104295969009,23.50725241458777,0.0044720916179093444
775,23.53269157836914,0.0044461384040117265,23.529779612223308,0.004450357454744252
776,23.521827494506837,0.004458530744761229,23.50547031518185,0.004473683642167034
777,23.535290237426757,0.004442509216964245,23.48095308939616,0.004498215671064276
778,23.539592185668944,0.004440755881667137,23.533494119355172,0.004441635377253547
779,23.533447353515626,0.004445801482200622,23.520712356567383,0.004453710414130579
780,23.545338122558594,0.004432448897063732,23.53194935654149,0.004445975282314149
781,23.523950524902343,0.004456457399129868,23.482523336699515,0.004495774996890263
782,23.533684307250976,0.004445771788656711,23.546768521395595,0.004427990398623727
783,23.52678384338379,0.004452822537720204,23.553965696855023,0.004422979661348191
784,23.530841596679686,0.004449017299115658,23.54177335103353,0.004435445757187677
785,23.544053327636718,0.0044346266129612925,23.560220977320817,0.004415578752417456
786,23.534753497314455,0.004444997961223125,23.5612137557521,0.004416844158461599
787,23.538846146850585,0.004441723465025425,23.522098774765478,0.004458870581266555
788,23.536230771484377,0.004443325540870428,23.571893044674034,0.004405552414669232
789,23.528130146484376,0.00445131153523922,23.531498678958776,0.004443842886072216
790,23.543727251586915,0.004435667206346989,23.52962546146277,0.004447163614924207
791,23.537413012695314,0.004442592611610889,23.576073469682175,0.004398943131055796
792,23.54874134643555,0.004429717551469803,23.532873713175455,0.004447316523415573
793,23.528443388671874,0.004452670271098614,23.532906688343395,0.004442741028738744
794,23.5209898046875,0.004459139049500227,23.58736772479433,0.004390026639695421
795,23.54624981994629,0.004432701277434826,23.53698306459369,0.004436677735524647
796,23.538153372802736,0.004440293973833323,23.50826779452237,0.004474611009160677
797,23.542366946411132,0.004436950001716614,23.524320190892077,0.004452333518049934
798,23.545043309936524,0.004433295660465956,23.522212933627042,0.004455870891723669
799,23.550423562622072,0.004428232024610043,23.530345930619674,0.004450083774599162
800,23.54044843078613,0.004437946838438511,23.530969256776753,0.00444437693127177
801,23.52732081359863,0.004452454736977815,23.552713692405007,0.004422417580516953
802,23.534133483276367,0.0044459794253110885,23.50360070662065,0.00447586531158198
803,23.544349022216796,0.00443444069609046,23.577903121023468,0.004396653023520203
804,23.52713680480957,0.004451489550173282,23.54021550727613,0.004438564147461545
805,23.535543084716796,0.004443581739142537,23.537453349720348,0.004439417924167532
806,23.536262791748047,0.0044414493425190445,23.49038397586707,0.004490003852794568
807,23.52916090209961,0.004449698831737041,23.564590225219728,0.004411069020403154
808,23.51539773803711,0.004465972359478473,23.51377209518895,0.004466051512369604
809,23.535842313842775,0.004442562097758055,23.496525083599668,0.004482888157169024
810,23.529494196166993,0.004449404745697975,23.5134461628307,0.004463358105470737
811,23.52754906738281,0.004452806827276945,23.50674830350009,0.004474751688539982
812,23.525859235229493,0.0044537348599731925,23.488323200110234,0.004492825712782867
813,23.54135892944336,0.004437313093096018,23.516456645618785,0.0044587994028221474
814,23.535848262939453,0.004442428648173809,23.57256168018688,0.004404857603437973
815,23.53445878051758,0.00444532494276762,23.547300720214842,0.0044286421850097905
816,23.542566104125978,0.00443631975710392,23.52944586320357,0.004446267013748487
817,23.526491063842773,0.004453178646415472,23.502517922141337,0.004477211970723037
818,23.526078173828125,0.004453411470651626,23.549441803440903,0.0044279341783487434
819,23.535108537597655,0.004444405735731125,23.500868137244023,0.004479984256692908
820,23.536410510864258,0.0044429835526645185,23.569167778708717,0.004407272743004741
821,23.53405219604492,0.004446013652682304,23.48111858021129,0.004496570814288023
822,23.54302296813965,0.004436546257138252,23.532057918201794,0.004448214689777656
823,23.539735083618165,0.004438882695436477,23.534181204131155,0.004443653350639524
824,23.538809045410158,0.0044409234029054645,23.560774180094402,0.004417646172823328
825,23.534303001098632,0.004445390924066305,23.486334443525834,0.004495328923292232
826,23.523617310791014,0.004456783940196037,23.503138929424864,0.004474651904381586
827,23.52575821166992,0.004453712966442108,23.55493043610544,0.004426607690525777
828,23.538575378417967,0.004441817346811295,23.57597412109375,0.004400037884373557
829,23.523874590454103,0.004454691219925881,23.518551718971946,0.004459704954854466
830,23.533651226196287,0.004445154471695423,23.588364049738104,0.004385278537079241
831,23.534820657348632,0.004445067900121212,23.521392413052645,0.004457434606032841
832,23.538503355102538,0.004440616292953491,23.57167221762917,0.004403093155247695
833,23.53501331604004,0.004444317934811115,23.537054332386365,0.004443525749286919
834,23.53093167175293,0.004448530702739954,23.525510122125798,0.004452757130969654
835,23.53775835632324,0.004440939319506287,23.465548010161427,0.0045214056404251045
836,23.537664221191406,0.004442090726792813,23.51838962901722,0.004463313910545725
837,23.539857939453125,0.004439501340985298,23.547457307757753,0.004430745711945223
838,23.537026005859374,0.0044419444878399375,23.572153923728248,0.004403977709060366
839,23.515599916381834,0.004465095545649529,23.599095142248906,0.0043782250504150536
840,23.545066653442383,0.004433345608413219,23.495547429865056,0.004483420577351794
841,23.530400188598634,0.004448445924818516,23.554720805775034,0.004420864677451777
842,23.53825970397949,0.004442243136316538,23.527694408532344,0.004450396381205681
843,23.53376005371094,0.0044466848224401475,23.559614919026693,0.004419758256637689
844,23.543477121582033,0.00443599992275238,23.575370598995324,0.004397972701964053
845,23.538038438110352,0.004441756562888623,23.485732271599048,0.00449705291426543
846,23.538892713623046,0.004441356909275055,23.49911624099269,0.004479473670662352
847,23.52693794189453,0.004451800748258829,23.534836266257546,0.004440930197862062
848,23.53496135559082,0.004443437001109123,23.525590565999348,0.004451275595435591
849,23.53018768737793,0.004448178671747446,23.505195959842567,0.004471661968890464
850,23.545739813232423,0.004432218988090753,23.518776483246775,0.004459476741313031
851,23.53301610534668,0.004446469565033913,23.54759750135017,0.004426462806083939
852,23.533577700805665,0.004445574303716421,23.53105055144339,0.0044436690527381315
853,23.529289680175783,0.004450775361657142,23.500851227731417,0.004477879380750837
854,23.52029054321289,0.004460397007390857,23.57865408001524,0.004399468965941306
855,23.521846423339845,0.0044585794933140275,23.52203231117942,0.004456236718617605
856,23.546536463012696,0.004431706373691559,23.554360471783262,0.004422496271630128
857,23.53313276550293,0.004445774730741978,23.534434164798622,0.004440678691660816
858,23.527424232788086,0.00445206719070673,23.505705714370265,0.004472380067137155
859,23.52987902770996,0.004450151592940092,23.496229083899294,0.004483687246048992
860,23.527040444946287,0.0044520857244729995,23.50694433732466,0.0044699465376183845
861,23.525492891235352,0.004453038083016872,23.542254007512874,0.0044375360796623155
862,23.538293396606445,0.004441159012913704,23.531949848984226,0.004444931038288456
863,23.541300549316407,0.00443876626431942,23.55154756719416,0.004424258614466949
864,23.533497847900392,0.004445301520526409,23.534562796390418,0.004440368497461984
865,23.531259036865233,0.004447885623574257,23.554592615763347,0.004422158253463832
866,23.55298776977539,0.00442587110131979,23.522907640861742,0.004454002380935532
867,23.540839923706056,0.0044381906509399415,23.554130526455967,0.004424223773971651
868,23.535662008666993,0.004442454596161842,23.57453709226666,0.004405448144358216
869,23.543230361328124,0.004436657022982835,23.52138722968824,0.004454172611462347
870,23.53235858154297,0.004446558546721935,23.566805040764088,0.004409966217071721
871,23.530517229003905,0.00444925686404109,23.500411702936347,0.004482069404965097
872,23.542904396362303,0.004435570528060198,23.549799860174005,0.004429854376410896
873,23.543823911743164,0.00443657169252634,23.593136712276575,0.00438303997345043
874,23.52129230773926,0.004458695171922445,23.505285138216884,0.004472634765799299
875,23.531329332885743,0.004448315354064107,23.505836970011394,0.004470146714399258
876,23.53696803894043,0.004441639462858439,23.50987951336485,0.00446617849622712
877,23.54270527770996,0.004435906465277075,23.560600865681966,0.004416448988697746
878,23.533992078857423,0.004447260474264622,23.48986772710627,0.00448866825437907
879,23.53651679626465,0.004442152344286442,23.56358795859597,0.004409495247245738
880,23.536549451904296,0.004442989344596863,23.506890672625918,0.004469173022856315
881,23.527788856201173,0.004452686206400394,23.54319730122884,0.004435119978857763
882,23.543677053222655,0.004435211134701967,23.507316795117926,0.004471107780030279
883,23.531054952392576,0.004448864529877901,23.56650903643984,0.0044070039125102935
884,23.534994315185546,0.004445293782949448,23.49284734321363,0.0044859590624092205
885,23.53011877380371,0.004449417917728424,23.50676285021233,0.004472826820318446
886,23.53983432067871,0.004439431538283825,23.559552235458835,0.004414591380592549
887,23.50911998718262,0.004473004457354546,23.525581683534565,0.004448803638418515
888,23.530734577636718,0.004448880884945393,23.525130254572087,0.004452677077867768
889,23.522333564453124,0.004456832486540079,23.509257093487363,0.004466436177943692
890,23.521796537475584,0.00445728215560317,23.571538344874526,0.00440560051211805
891,23.53372803161621,0.004446727977395057,23.545245012225525,0.004429619979452003
892,23.533840479736327,0.0044452573864907025,23.49761924974846,0.004480455424636602
893,23.544885347290037,0.004434752119481564,23.445746106234463,0.004545471536729372
894,23.54603778869629,0.004432274838536978,23.517845049771395,0.0044578781707043
895,23.528379942016603,0.004451732343733311,23.53705304926092,0.004440280727929238
896,23.54003735656738,0.0044399427965283395,23.56933744719534,0.0044090634336074195
897,23.528835584106446,0.004450173499286175,23.53943180893407,0.004437468268090126
898,23.53269023864746,0.004446836784929037,23.503873108372545,0.004475755466317588
899,23.5245848046875,0.004455719582438469,23.49174703655821,0.0044865014042818185
900,23.52981522216797,0.0044497038222849365,23.527918557831736,0.0044483170161644615
901,23.532457509765624,0.004446273556649685,23.51546890258789,0.004461257844373132
902,23.535951168823242,0.004442054156959057,23.578100172100644,0.004397048335522413
903,23.54447290588379,0.004434893561005592,23.568997171575372,0.004405656054503087
904,23.540232622680666,0.004440298380106688,23.539921865752248,0.00443744355474006
905,23.522025416870118,0.004457509100139141,23.5530303700765,0.004422874723307111
906,23.53042483215332,0.004448682908117771,23.51503699100379,0.0044616064909055375
907,23.541912361450194,0.0044368599429726605,23.53059346516927,0.004448003420662699
908,23.536445327758788,0.004442371314167976,23.441938726251777,0.0045402248570639075
909,23.545336712036132,0.004435380390286446,23.52988437768185,0.0044514941474930805
910,23.537886873168944,0.00444212059378624,23.53610184871789,0.00444041894466588
911,23.543319591064453,0.004436458936780691,23.53860173543294,0.00443734298883514
912,23.538504474487304,0.004440847435295582,23.551633767792673,0.004425768119593461
913,23.528488194580078,0.004452389039248228,23.542042793505118,0.004433003423566168
914,23.531948469848633,0.0044466564473509785,23.5485959555886,0.004423431400774103
915,23.51990999206543,0.004458982201516628,23.544933901700105,0.004433227220380848
916,23.525878361816407,0.004453675672039389,23.524925157951586,0.004451187236065214
917,23.51032401489258,0.004469742296636104,23.527045537775212,0.004450785501323866
918,23.535326369628905,0.004443881482183934,23.534681116739907,0.0044417543009375084
919,23.542676900634767,0.004436054220944643,23.567668623490768,0.004409237505134308
920,23.524097381591798,0.004454220153689384,23.566493847008907,0.004409944187059547
921,23.52957270751953,0.0044496632167696955,23.551966735377455,0.004428118970809561
922,23.542169552612304,0.004437525991871953,23.541079004461114,0.004437622285702012
923,23.543131900634766,0.004436289350092411,23.51378402478767,0.004463835337171049
924,23.535660653686524,0.0044425387790799145,23.533093143809925,0.004444898590445518
925,23.527201840209962,0.004451759142577648,23.554748992919922,0.0044210883320280996
926,23.545881470947265,0.0044318630757182835,23.50131386496804,0.0044770318563237335
927,23.518982391357422,0.004461839957535267,23.55759584600275,0.004419465311097376
928,23.538175696411134,0.004441175505369902,23.542614607377487,0.004433768883234624
929,23.528260033569335,0.00445047857016325,23.531741910992245,0.004444305099208247
930,23.53482491760254,0.004445268563181162,23.575195807254676,0.004402178317647089
931,23.52533360473633,0.004454305517524481,23.58045500090628,0.004395732701276288
932,23.525491848144533,0.004453631865978241,23.486230494181314,0.004491865428333933
933,23.53010957519531,0.004449674617648124,23.556384191802053,0.004418845973118688
934,23.537417841186524,0.00444166782706976,23.544845176465582,0.004428797181357037
935,23.535251043701173,0.004444063814282417,23.48685636809378,0.004493515105974494
936,23.540587014160156,0.004438968718200922,23.510830882679333,0.004468651238377347
937,23.522078059692383,0.004457545914873481,23.509664930863813,0.004470378424633633
938,23.528154098510743,0.004451929745972157,23.500787353515626,0.004478661299993594
939,23.525827891235352,0.0044536015073955056,23.568627236106177,0.004403638087890365
940,23.543823974609374,0.004435094932764769,23.503592730435457,0.004479196609534097
941,23.546506911621094,0.0044333247821033,23.490009310173267,0.004489661424674771
942,23.531972468261717,0.004447527569383383,23.509287109375,0.004467075031363603
943,23.535412380371096,0.004443322418928146,23.56453256780451,0.004413938541529757
944,23.536471501464845,0.004443248898088932,23.537101394190934,0.004438120947981423
945,23.53296599182129,0.0044451482565701006,23.51887410250577,0.004459627169099721
946,23.538326313476563,0.004440965829640627,23.505445637558445,0.004477675087524183
947,23.532063629760742,0.004446078416109085,23.55509681932854,0.004418068169192834
948,23.532199971313478,0.004446879486441613,23.54152867866285,0.004437682083384557
949,23.544811246948242,0.004433466935455799,23.540876531889943,0.004436375302911708
950,23.525067789916992,0.004454885472953319,23.49698714053992,0.004483895570491299
951,23.529158889770507,0.004450648268908263,23.55020109465628,0.004424759423303785
952,23.532038567504884,0.004446588781177998,23.520122939601087,0.004456172312299411
953,23.52742179016113,0.004451940250396728,23.522483236139472,0.004456873932345347
954,23.525147662353515,0.004455068576037884,23.483423172921846,0.0044967329259397405
955,23.53317326965332,0.004446127143353224,23.524603911891127,0.004455698787827383
956,23.526043927612303,0.004453652430772781,23.56786838647091,0.004408366666034316
957,23.533113153076172,0.004446203966736793,23.514603354714133,0.0044624628013733665
958,23.537575154418946,0.0044408759905397895,23.578817957097833,0.004398330986274011
959,23.534072212524414,0.004443887637257576,23.557523614132045,0.004417850112147403
960,23.532284520263673,0.0044474531611800195,23.527800239794182,0.004451365300425977
961,23.535206708984376,0.004443726477324963,23.525170202544242,0.00445223717809175
962,23.522682324829102,0.00445720936641097,23.522541429924242,0.004453988373279571
963,23.53302851196289,0.004447531436681747,23.58532734495221,0.004393495873294093
964,23.534233974609375,0.004444855504035949,23.566295228437944,0.004410113200658199
965,23.52888080444336,0.0044528615716099736,23.492742323441938,0.004487016126513481
966,23.546668665161132,0.004432934903800488,23.530440271550958,0.004445766213942658
967,23.52937578125,0.004451373521387577,23.489088095462684,0.004487978353193312
968,23.52955251220703,0.004449909093081951,23.549045639038084,0.004430284274346901
969,23.53074427734375,0.00444905487626791,23.553915992505623,0.0044264374933008
970,23.53887314025879,0.004440034806281328,23.51688514247085,0.004462907503951679
971,23.53879604614258,0.004439816527366638,23.519002965291342,0.004455048856748776
972,23.531175275878905,0.004447180925309658,23.529562810262043,0.004446410099326661
973,23.540943327026365,0.004438374311029911,23.52869984713468,0.004449458976812435
974,23.533524280395508,0.004447119907736778,23.566297022501626,0.004407343365477793
975,23.53666039916992,0.0044409211632609365,23.511008550470525,0.004469920580247135
976,23.540208121948243,0.00443987033367157,23.497744092074306,0.004481686893850565
977,23.533735100097655,0.004446999342143536,23.55395848823316,0.004425711456799146
978,23.536824880981445,0.004441401800513268,23.528836780894885,0.0044485304623164915
979,23.54989532775879,0.004429466921389103,23.510885197032582,0.004465020846462611
980,23.532501509399413,0.004446030503213406,23.556698404947916,0.004419763311743736
981,23.546911401367186,0.00443224040016532,23.525807095151958,0.004449859498576685
982,23.531468666381837,0.004448269402831793,23.468726469097714,0.004515140913991314
983,23.527913923950194,0.00445407590687275,23.480233045635803,0.00450155834018281
984,23.54002572570801,0.004439710410535335,23.544120467214874,0.004434898332551574
985,23.54403546508789,0.004434923980534077,23.496598859844784,0.004483183467139801
986,23.5269839642334,0.004451871740669012,23.545542507749616,0.0044336836581880396
987,23.532390670776365,0.004446655824184418,23.56082684141217,0.0044131918313602605
988,23.533211962890626,0.004447709164172411,23.520702607125948,0.004454662089207859
989,23.52952524169922,0.004449009550511837,23.51649095246286,0.00446205203393192
990,23.532440941162108,0.00444683398604393,23.504452937733042,0.004476393907133377
991,23.539571104125976,0.004438234469890594,23.538830416130295,0.0044378548070336836
992,23.517607821044923,0.004462002618908882,23.514073770696466,0.004463817487950578
993,23.5313319934082,0.004449057393670082,23.50886105855306,0.004470181527237097
994,23.54649917907715,0.004432190104722977,23.518683957186614,0.004461075773067547
995,23.541031510009766,0.004437473597228527,23.555245839899236,0.004419921959439913
996,23.534144528808593,0.004447112536281347,23.555870555530895,0.0044203454905161355
997,23.53054547607422,0.004449311491250992,23.551849101673472,0.004424662244590846
998,23.534879275512694,0.00444438500314951,23.520259265321673,0.004457083964212375
999,23.531901598510743,0.004446412102580071,23.59915883844549,0.004379612302802729
