epoch,PSNR,loss,val_PSNR,val_loss
0,15.13052291015625,302795.586785,16.35964622844349,218710.7631060606
1,16.773489083251953,199537.056475,17.383928507024592,172832.18729166666
2,17.31895921142578,175823.083095,17.289732247554895,176843.5456060606
3,17.788223260498047,157928.423365,17.92208810748476,152878.7466287879
4,18.0617531439209,148301.812645,18.046487651015774,148554.34212121213
5,18.17304081726074,144555.74084,18.124688064112807,146083.6218560606
6,18.306038063354492,140259.1470725,18.470010017626212,134932.33195075757
7,18.4056947064209,137072.440465,18.386610174468068,137538.78081439395
8,18.48346476257324,134615.275515,18.49188900340687,134389.76515151514
9,18.539423509521484,133035.64629,18.163970741503167,145065.04369318183
10,18.61929308898926,130542.40045,18.76807154337565,125949.81482007576
11,18.683295455322266,128619.85284,18.281712443033854,141115.60259469697
12,18.691017399902343,128474.971785,18.811049691402552,124787.98645833334
13,18.762850414428712,126312.0789975,18.71948544357762,127478.57133522727
14,18.809491177978515,125012.878675,18.5575654370857,132480.87345643938
15,18.84236922912598,124077.0189825,18.92405831308076,121621.32422348484
16,18.87606419921875,123080.3532975,18.89879424355247,122313.33890151515
17,18.923065938720704,121773.040895,19.04843170628403,118232.6390530303
18,18.924556721191408,121728.9318525,18.95287425879276,120844.38225378787
19,18.9686619921875,120551.567525,19.02848454099713,118799.97433712121
20,18.994586803588867,119815.331105,19.02617044391054,118815.72379734849
21,19.01574608886719,119248.518745,19.077718945127543,117425.36104166666
22,19.040774467163086,118569.556745,18.804809651230322,125053.3309469697
23,19.081808064575196,117428.86125,19.11458227215391,116485.74321969697
24,19.077647720336913,117612.69327,19.06860298387932,117708.44269886364
25,19.09737483215332,117037.43662,19.06895464116877,117901.18623106061
26,19.11596414855957,116521.463915,19.130277152783943,116104.9008996212
27,19.13521434753418,116047.368025,19.062155114376182,117958.28730113637
28,19.129579432373045,116195.696335,19.206556387236624,114166.33122159091
29,19.174151571655273,115006.2483,19.07142281965776,117659.175625
30,19.190819559936525,114573.943605,19.357622886426523,110169.40674242424
31,19.18612813598633,114689.9728875,19.243400495124586,113266.26622159091
32,19.200366614379885,114364.0696475,19.175679684263287,115084.30184659091
33,19.2219475189209,113745.072345,19.07404875090628,117609.98755681819
34,19.23594552307129,113396.972175,19.13802620858857,115860.24664772727
35,19.242030377197267,113275.48006,19.350924204046077,110389.3556344697
36,19.257293385009767,112903.19626,19.266798481796727,112650.63145833333
37,19.293460475463867,111908.5613225,19.365612478545216,109983.26166666667
38,19.24967730834961,113083.408885,19.348179790612424,110438.40366477273
39,19.32915256286621,111034.566695,19.360358965324632,110186.66540719697
40,19.316821134643554,111316.2308625,19.39277717590332,109375.4084090909
41,19.341659937133787,110721.8065875,19.13894625114672,116036.60068181818
42,19.349597420654298,110545.0831475,19.405955123901368,109035.50979166667
43,19.36190289855957,110195.4439425,19.281992427941525,112213.96859848485
44,19.359926384277344,110259.708055,19.341717305038916,110709.34226325758
45,19.387383688964842,109587.78404,19.39291551994555,109365.29971590909
46,19.37004294128418,110011.54243,19.505950100060666,106527.26175189394
47,19.418851939086913,108800.907595,19.37379065773704,109884.11795454545
48,19.39397442138672,109426.539185,19.50020415797378,106652.72491477273
49,19.445939381103514,108111.5964575,19.209049495350232,114137.16985795455
50,19.431031111450196,108501.30835,19.31896258498683,111205.91540719697
51,19.451681014404297,107976.6880125,19.392334696451822,109432.37670454546
52,19.457962416381836,107862.478245,19.57507588704427,104867.48905303031
53,19.466697322998048,107629.1593225,19.52991738984079,106047.00870265151
54,19.477411908569337,107363.7700925,19.341823737404564,110701.05323863636
55,19.4796281439209,107289.3316275,19.50165078827829,106692.43375
56,19.492432381591797,106979.06994,19.510023766719932,106484.74304924242
57,19.496810935668947,106889.25218,19.620397699529473,103866.22887310605
58,19.497502763061522,106852.41288,19.57677957014604,104887.0103125
59,19.49805717956543,106882.1113975,19.59167264764959,104490.62465909091
60,19.529462723999025,106091.35422,19.52587167219682,106053.5484185606
61,19.532423240356444,106026.02525,19.234492654511424,113485.40971590909
62,19.52682311340332,106199.135025,19.51786860148112,106293.8206344697
63,19.546757234497072,105710.5984475,19.451108324455493,107924.14839015152
64,19.538327852172852,105915.7745825,19.63235842618075,103555.5465719697
65,19.544787550048827,105733.0317875,19.617547845551464,103988.08744318182
66,19.566717490234375,105207.3486925,19.372424679380476,109908.00585227273
67,19.566257465820314,105218.8388325,19.61202359748609,104031.1743371212
68,19.573345784301758,105068.307465,19.613677677963718,103998.30143939394
69,19.562323928833006,105307.1976,19.653349778146456,103073.32887310606
70,19.584619490966798,104776.32502,19.560457876956825,105344.45388257576
71,19.613774528808595,104085.3579875,19.48558280020049,107149.06307765152
72,19.612987518310547,104069.63283,19.58226700522683,104830.41766098485
73,19.607303212890624,104235.8928525,19.64613182992646,103268.1981060606
74,19.59129495605469,104621.90622,19.26632913762873,112715.54682765152
75,19.604645942993162,104288.93833,19.662182337443035,102882.94006628788
76,19.60856431274414,104236.2016625,19.70226498228131,101976.26639204545
77,19.622696444091797,103890.7227675,19.612750530820904,104140.57910984849
78,19.6191468560791,103980.1351875,19.561777091748787,105388.94071969697
79,19.617292025146483,104014.709565,19.59908031348026,104384.21396780304
80,19.62945009399414,103709.270895,19.54554308573405,105697.52033143939
81,19.65057706604004,103232.64607,19.717916190407493,101559.5249810606
82,19.639878532104493,103476.37491,19.672513150301846,102626.29363636364
83,19.657115741577147,103067.9104175,19.786335782137783,99990.85326704546
84,19.65587189880371,103117.01728,19.749551299124054,100889.2503219697
85,19.646676451416017,103330.98562,19.563508929628313,105309.51069128788
86,19.660862708129883,103018.6582025,19.688302163788766,102235.2596780303
87,19.666096080322266,102873.7326675,19.562894994562324,105211.07047348486
88,19.657696443481445,103055.03479,19.560728105487247,105311.87194128789
89,19.668994739379883,102829.740025,19.705631880326706,101897.46521780304
90,19.679222818603517,102573.0159275,19.62332148696437,103800.93353219697
91,19.684768353881836,102464.7848075,19.766914677475437,100515.51388257576
92,19.690397193603516,102309.0619925,19.751676113244258,100739.42337121212
93,19.699733268432617,102066.932275,19.741962252530186,101035.59421401515
94,19.707521863403322,101906.7743175,19.860551977446583,98329.83892045454
95,19.68111553161621,102541.77273,19.712391755075167,101687.44443181818
96,19.706773967285155,101954.9124975,19.67884708288944,102505.56572916667
97,19.728770076293944,101443.5230425,19.628432173295455,103673.4259375
98,19.70813238342285,101900.695345,19.703938547770182,101845.28334280303
99,19.71695095275879,101707.57132,19.399030990600586,109315.0780965909
100,19.70912359863281,101875.568565,19.730671097726532,101290.5618844697
101,19.748873240356446,100944.7197025,19.774594259551076,100246.27106060606
102,19.725290646972656,101485.587025,19.645844120834813,103275.69238636363
103,19.754818771972655,100805.55553,19.752451895511513,100788.23252840909
104,19.738981940307617,101209.40846,19.764351480657403,100493.1784280303
105,19.73910646057129,101155.162405,19.65803853815252,102971.78667613637
106,19.716292894287108,101721.0754,19.77195659753048,100476.37842803031
107,19.740045748291017,101166.8580475,19.718397371696703,101595.90674242424
108,19.731367748413085,101353.587355,19.851463817249645,98497.89978219697
109,19.76407869628906,100633.1273725,19.76493381615841,100524.05267992424
110,19.742907989501955,101111.7968,19.84320738590125,98721.19445075758
111,19.76040771057129,100686.3399575,19.857421500466085,98407.60944128787
112,19.731204413452147,101369.390945,19.663518327655215,102919.91639204546
113,19.76355575744629,100599.1631025,19.247369394013376,113213.27744318183
114,19.74484391479492,101049.72266,19.715063199129972,101760.20228219697
115,19.761217631835937,100678.1212175,19.79984148198908,99728.60700757576
116,19.77705905517578,100326.446585,19.632156094637786,103579.00556818182
117,19.76949425354004,100487.9875325,19.77614945151589,100276.80900568182
118,19.75185044128418,100889.278045,19.642335850108754,103279.92800189395
119,19.781890022583006,100200.74807,19.63403569770582,103591.91033143939
120,19.749711669921876,100961.0485125,19.716905464403556,101641.64602272728
121,19.760739708862303,100684.80798,19.89227219321511,97665.87848484848
122,19.772571338500978,100424.4312025,19.531506685199158,106150.50471590909
123,19.760345570678712,100731.5252275,19.76462243976015,100541.24897727273
124,19.80681987915039,99659.7709975,19.81001157356031,99495.25668560606
125,19.788159260253906,100087.1598725,19.901366588708125,97420.1171780303
126,19.810283364868162,99545.327915,19.699641850789387,101952.29778409092
127,19.782908790893554,100171.2040225,19.846537806193034,98577.36771780303
128,19.80772218017578,99626.365695,19.865624567667645,98186.34403409091
129,19.836592694091795,98951.93701,19.862903287482983,98277.14145833334
130,19.81096771911621,99540.832105,19.68336047085849,102426.62885416667
131,19.806817854003906,99632.64881,19.704629592895508,101956.5596780303
132,19.78212050415039,100194.2664325,19.814016721320876,99388.16738636364
133,19.788789530639647,100072.83091,19.79287012273615,99855.6078125
134,19.806955369873048,99634.4577775,19.835029148910984,98864.83668560606
135,19.81450110168457,99480.6549775,19.647285713426996,103294.09046401516
136,19.804186424560548,99700.80189,19.794238572554153,99927.1678125
137,19.8207070904541,99301.4220975,19.79296192747174,99905.61316287878
138,19.82580986694336,99241.836935,19.809290514859285,99502.65023674243
139,19.826868488159178,99173.1504,19.782526596531724,100143.61173295455
140,19.80203462097168,99745.9713675,19.83837489041415,98881.53888257575
141,19.821535419921876,99339.7085925,19.89296646118164,97681.18608901516
142,19.81681109069824,99434.5282675,19.767326643972687,100532.0809090909
143,19.809985944213867,99594.86739,19.854255979133374,98436.40952651516
144,19.836299708251953,98966.2147575,19.73058226845481,101309.70717803031
145,19.82693912475586,99190.2647875,19.757859536373253,100737.7180965909
146,19.81886090942383,99384.51166,19.84848191463586,98603.18258522727
147,19.834950623779296,99010.56973,19.653287196303857,103159.96478219697
148,19.831198665161132,99099.200135,19.8660100254868,98206.53409090909
149,19.797751254272463,99897.706425,19.865198648626155,98282.90398674243
150,19.833197365112305,99023.4919875,19.628509389703925,103813.32079545455
151,19.84724156982422,98738.02597,19.79250203450521,99866.5824810606
152,19.836566687011718,98991.59549,19.73222246574633,101261.8881060606
153,19.828867496337892,99168.8275175,19.71386679909446,101723.16696022727
154,19.847439997558595,98727.3022625,19.914935709635415,97218.21374053031
155,19.847375716552733,98732.551155,19.91345654343114,97197.45960227272
156,19.837363318481444,98954.16528,19.890881097966975,97629.8818560606
157,19.838639637451173,98909.3047575,19.95728766932632,96205.74605113636
158,19.83594846374512,98977.579125,19.895525743889085,97592.515625
159,19.83746375732422,98936.079845,19.732573709198924,101313.44540719697
160,19.81658919006348,99423.7768,19.68482236688787,102440.52013257575
161,19.840230037231446,98873.8091425,19.73758595090924,101138.52672348484
162,19.842065649414064,98849.7482575,19.930410898382014,96905.99700757576
163,19.843532670288084,98854.698785,19.75459500399503,100755.17326704545
164,19.85693647216797,98516.9363375,19.906473929665307,97309.06362689394
165,19.876415932006836,98086.6733275,19.80819237680146,99483.03117424242
166,19.870030589599608,98220.86699,19.927954043764057,96876.50208333334
167,19.84110014831543,98867.079425,19.993682822025182,95406.32256628788
168,19.857236430664063,98500.461235,19.957398549860173,96167.74764204545
169,19.813664260864257,99522.5565925,19.787057742494525,100155.43919507576
170,19.8510274810791,98662.383505,19.79340139909224,99871.91837121212
171,19.840968838500977,98900.641505,19.935387187148585,96716.21464962121
172,19.858109978027343,98472.734845,19.85160965197014,98655.27371212121
173,19.868860701293944,98247.9776225,19.87829546148127,98051.00342803031
174,19.849544346923828,98697.7149025,19.893423940485174,97618.83292613637
175,19.858579725952147,98481.391385,19.710678336403586,101771.7549905303
176,19.88277396362305,97942.2235475,19.78152614477909,100245.13930871213
177,19.868174420166017,98274.00831,19.937222511985084,96616.8487689394
178,19.864024415283204,98365.2542075,19.836024692419805,98916.66577651515
179,19.843240645751955,98878.9390275,19.818141444813122,99459.42178030303
180,19.854803123168946,98558.0988525,19.721845673069808,101539.84160984849
181,19.861346563110352,98405.34526,19.776013699155865,100285.09024621212
182,19.857370646362305,98497.9322025,19.91868997747248,97106.54647727273
183,19.882615280151366,97942.662825,19.914900723081647,97134.1818465909
184,19.845344765625,98775.59114,19.94310280308579,96555.81177083333
185,19.890688164672852,97745.880025,19.837718718557646,98922.40701704545
186,19.85727852416992,98512.5645875,19.835987352313417,98915.93011363636
187,19.863310725708008,98378.7505725,19.83331767689098,98983.54498106061
188,19.849372036743166,98689.859745,19.87854342142741,97999.30470643939
189,19.874578156127928,98129.2802225,19.89342479127826,97658.25768939394
190,19.869288848876952,98248.07831,19.76303697528261,100601.70997159091
191,19.886827958984377,97858.74264,19.83842934117173,98865.30706439394
192,19.89536657470703,97683.3146275,19.961553853352864,96150.27895833334
193,19.872637178955078,98183.7154525,19.716487329656427,101703.07821969697
194,19.870184071655274,98227.764115,19.757872679739286,100714.45894886364
195,19.86455586730957,98357.6646175,19.653171777436228,103164.0471780303
196,19.880979911499022,97973.46771,19.919104863947087,97052.51134469696
197,19.887714168701173,97823.81591,19.84748276912805,98698.8649810606
198,19.87216545288086,98198.43504,19.82349427656694,99237.61361742424
199,19.884658502807618,97910.52567,19.86296892339533,98276.13122159091
200,19.874313513183594,98157.6541325,19.944347155021898,96464.49474431819
201,19.8980782232666,97594.701895,19.794647036465733,99912.02003787878
202,19.90916400024414,97354.124455,19.76276314012932,100553.03673295454
203,19.868497044067382,98250.80357,19.99083112080892,95470.20917613637
204,19.88899508911133,97816.3788875,19.943969997059217,96552.64738636363
205,19.872381666259766,98173.626925,19.876044683745413,98064.07915719697
206,19.882948039550783,97977.52958,19.823883357192532,99230.93368371212
207,19.868410041503907,98258.1652775,20.008580620505594,95085.46246212121
208,19.895752402954102,97656.10099,19.98659417817087,95647.63640151515
209,19.901828332519532,97529.39754,19.940308826330938,96536.51319128789
210,19.89570649291992,97624.156085,19.456087503144236,107940.3909375
211,19.88257257446289,97945.693995,19.92141976789995,97061.07976325757
212,19.899494821777346,97581.3605325,19.915330257993755,97119.78678030302
213,19.892113170776366,97747.6118925,19.749444610133317,100925.8337405303
214,19.900336484375,97575.063965,19.687293479225854,102296.11275568182
215,19.855597774658204,98553.563535,19.931555159597686,96790.84962121212
216,19.908196462402344,97359.3376575,19.969234635324188,95999.17613636363
217,19.89745523376465,97631.83215,19.76947873202237,100428.0297064394
218,19.885503341674806,97921.552355,19.8578490933505,98500.92961174242
219,19.898983175048826,97567.546385,20.050561269124348,94183.64227272727
220,19.895953951416015,97658.1110425,19.955464923743044,96303.94396780303
221,19.912320264282226,97274.6831875,19.944449155402907,96467.27363636364
222,19.89021482421875,97773.632195,19.961321092085406,96099.03975378787
223,19.8705920703125,98226.788775,19.89807213754365,97417.64836174242
224,19.88616140197754,97880.760815,19.99787985599402,95367.43848484849
225,19.874210177612305,98148.4933075,19.94206277327104,96591.72250946969
226,19.8891063873291,97827.24267,19.949752747506807,96380.42545454546
227,19.894889811401367,97695.8000925,19.967974495165276,96004.54358901516
228,19.899603670043945,97600.475325,19.855842331395003,98462.50910037878
229,19.901611553955078,97557.7381825,19.98576576464104,95571.88887310606
230,19.90829033325195,97375.64593,19.737666466452858,101361.1343939394
231,19.91221119018555,97283.6082275,19.967791514541165,95935.30104166667
232,19.911506823120117,97292.1688675,19.92213018243963,97053.92248106061
233,19.908083966674806,97354.72229,19.867739426583956,98213.85243371212
234,19.91701141357422,97204.863375,19.950491913304184,96388.09535037879
235,19.88466568359375,97944.5249975,19.757824348680902,100742.37409090908
236,19.91817101501465,97160.303255,19.976078803322533,95817.10420454545
237,19.919860357055665,97122.8232575,19.936959737141926,96729.69359848485
238,19.908574063720703,97395.6443425,19.951670828154594,96416.95892045455
239,19.910256968383788,97332.35592,20.037587407430014,94447.58948863637
240,19.9029102935791,97476.60165,20.021327315821793,94814.89023674243
241,19.89441133544922,97700.4204325,19.849036710334545,98735.8059469697
242,19.911913474731445,97267.7362375,19.961176182140004,96143.86333333333
243,19.906030837402344,97426.0424175,19.842324151703806,98771.88824810606
244,19.901942540283205,97504.529875,19.933338012695312,96754.19523674242
245,19.919406154785158,97128.600485,20.01112290353486,95042.29613636364
246,19.916120685424804,97227.980705,19.96990915703051,96039.34003787879
247,19.91458498840332,97225.6245,19.83027808449485,99058.77345643939
248,19.904474500732423,97470.751905,19.735846435084486,101278.00233901515
249,19.911794959716797,97312.4595075,19.891538807262073,97613.35861742424
250,19.933351870727538,96797.9898475,19.908086975560042,97305.06010416667
251,19.901561952514648,97527.703285,19.8909583606142,97654.07387310606
252,19.907333068847656,97432.94004,19.77783247051817,100358.28055871213
253,19.910122902832033,97363.0889625,19.956968862360174,96281.14853219697
254,19.90253173522949,97512.712725,19.95728510307543,96189.76790719698
255,19.92815354248047,96939.85933,20.01017625982111,95041.9965530303
256,19.910617660522462,97351.75275,19.925421903205642,96935.99863636364
257,19.900706552124024,97595.9545225,20.021912793246184,94912.58451704546
258,19.891482432861327,97768.114825,20.00660178675796,95172.37729166666
259,19.914921436157226,97277.9574725,19.868711950128727,98177.29369318181
260,19.925625888671874,97009.575905,19.939269679676404,96675.09536931818
261,19.919456153564454,97141.60802,20.003568290941644,95226.38135416666
262,19.89657239135742,97660.027375,19.822576666167286,99286.4184659091
263,19.91236570678711,97304.7019,19.83527768684156,98983.2069034091
264,19.910995268554686,97353.0412325,19.902849158084752,97482.2694034091
265,19.911424143676758,97361.1461475,19.78020988233162,100183.11847537878
266,19.917446408691408,97213.86056,19.960850800022936,96136.34942234849
267,19.905939231567384,97458.8229575,19.993606752337833,95419.9868655303
268,19.940560822143556,96655.0285275,19.96181863495798,96104.89987689393
269,19.910565477905273,97331.7923275,19.969682143240263,96039.45775568181
270,19.92124026123047,97094.830845,19.856018877896396,98502.37061553031
271,19.93863871459961,96711.2627425,19.950452439279267,96324.3262878788
272,19.932926076049803,96836.1282325,20.04860354799213,94212.19097537879
273,19.910297493896483,97347.558065,19.951423263549806,96365.27796401516
274,19.93040338989258,96918.5913275,19.967783910577946,96130.31145833334
275,19.94513549255371,96540.1635825,19.981201000791607,95778.36331439394
276,19.923372487792967,97050.475315,19.94562418157404,96704.81077651515
277,19.938157085571287,96715.07262,19.931804908983636,96784.80958333334
278,19.911716311645506,97331.8645975,19.93759221163663,96672.9562405303
279,19.943951141967773,96575.3585,19.970627147790157,95958.25284090909
280,19.92475632019043,97048.06907,19.94220080751361,96555.654375
281,19.945604810791014,96559.8316275,19.927963046449605,96926.71581439395
282,19.927442963256837,96988.0222475,19.9976148593787,95368.88634469696
283,19.940972066650392,96658.9174675,20.051217614376185,94173.06244318181
284,19.945971332397463,96557.47878,19.916628237637607,97096.2091003788
285,19.933599554443358,96815.8452,19.985302891586766,95657.59434659091
286,19.914286657714843,97240.178125,19.985061458240857,95620.82816287878
287,19.91294612487793,97294.24634,19.81745543046431,99329.26321969696
288,19.94313185974121,96607.7296675,19.988399505615234,95594.58941287879
289,19.910122393188477,97365.930145,20.00916652101459,95086.61601325758
290,19.917454306640625,97203.2290925,19.995519328261867,95369.18984848485
291,19.941784415893554,96622.765755,19.938404312133787,96674.05757575757
292,19.94756927001953,96517.01419,20.00882839087284,95117.17946022727
293,19.926819124145506,96968.2859825,19.936549830581203,96691.70492424243
294,19.93972249633789,96685.3540825,19.92429061427261,96942.0784564394
295,19.955917494506835,96335.1089675,19.916765955144708,97059.72675189393
296,19.938857177734373,96710.92552,19.990677980365174,95536.41368371212
297,19.906703368530273,97432.8036625,19.951710947210138,96295.28474431818
298,19.94511376831055,96574.020935,19.88417634674997,97921.95681818182
299,19.928976684570312,96942.8225025,19.871069809884737,98136.19709280304
300,19.94056069152832,96680.0266475,19.95291920748624,96315.91799242425
301,19.929832889404295,96925.0574775,19.803123534231474,99674.09149621212
302,19.934184371337892,96808.549545,19.987613802823155,95556.04314393939
303,19.925665561523438,97005.672635,19.990755011818624,95536.31131628787
304,19.936326505737306,96777.1682725,19.97257548014323,95953.32303977273
305,19.92270690673828,97071.7911275,19.897462701508495,97498.57046401515
306,19.94463590332031,96604.351725,20.0613234872529,94002.88509469698
307,19.936660345458986,96756.3000175,19.974738480539035,95859.20275568182
308,19.924036851196288,97033.8819825,20.021534645774146,94844.9984280303
309,19.956838872070314,96312.1048975,19.916929270426433,97131.2540719697
310,19.931299022827147,96855.7770975,20.02386254050515,94787.02910984849
311,19.923196184692383,97073.3112425,19.847526938698508,98645.77148674242
312,19.96130472167969,96217.4692875,20.023101795080937,94817.16308712121
313,19.932549838256836,96860.969425,19.98370743491433,95652.04817234848
314,19.93870637939453,96737.466215,20.00500339161266,95192.70729166667
315,19.922932435913086,97075.160855,20.005838276256213,95187.27095643939
316,19.943437872314455,96611.8829275,19.91071270566998,97288.770625
317,19.934599170532227,96818.453845,20.059308883204604,94009.6534375
318,19.943625588989256,96607.865015,19.972622911857837,95918.35818181818
319,19.942729563598633,96649.55957,19.980978754216974,95718.51017045455
320,19.939797314453124,96681.124325,19.934609860506924,96733.12648674242
321,19.941951577148437,96667.7144825,19.879925476998995,98027.1640719697
322,19.948909638061522,96490.3233175,20.009126383463542,95135.78392992425
323,19.955312229003905,96333.87837,19.940697231870708,96679.369375
324,19.92638099609375,96988.4677725,19.87508882927172,98125.0156534091
325,19.94313142211914,96568.9734075,19.815497478138315,99531.59448863636
326,19.93561304748535,96763.027305,20.01214032722242,94999.79846590909
327,19.948533701782228,96511.29235,19.96547644181685,96059.57354166667
328,19.93731645690918,96760.5902,20.023285873875473,94824.88524621211
329,19.957612416381835,96302.1480525,19.986041241270122,95571.69642045455
330,19.932563139038084,96879.099065,19.81549703424627,99381.77453598485
331,19.942512521362303,96632.9782725,19.996816309148613,95346.1927840909
332,19.96013727294922,96245.2447875,20.017834495775627,94977.29671401514
333,19.955157142333984,96316.5880675,20.084546272971412,93482.43339962121
334,19.94592076538086,96546.3362925,20.002240339336975,95244.6828030303
335,19.95530917602539,96344.0581025,19.879123925873728,98049.99043560606
336,19.924787001342775,97012.903185,19.833550801132663,99008.05584280303
337,19.945932604370118,96583.139735,20.085308807835435,93486.10389204546
338,19.94727795715332,96515.50972,19.907296232743697,97357.2256060606
339,19.96864938354492,96046.28405,19.845693077318597,98643.85316287879
340,19.945547861328127,96533.05817,19.859394105853458,98500.28553030304
341,19.932628428344728,96856.211865,20.01253791809082,94976.83143939394
342,19.958630534667968,96300.098025,19.97557817170114,95810.99786931818
343,19.942655526123048,96616.50881,19.962521838563863,96115.33052083333
344,19.953119897460937,96389.3565625,19.841476338704428,98819.44291666667
345,19.96272026611328,96201.652315,19.93151580348159,96847.90888257576
346,19.963159029541014,96159.5553125,19.985441233317058,95563.69900568182
347,19.946698645629883,96528.3200575,20.06468770345052,93861.69160984848
348,19.923688926391602,97056.179365,20.05168227224639,94131.37142045454
349,19.94500825378418,96583.4928075,19.910123240152995,97341.30134469697
350,19.961075768432618,96208.9943925,20.005407381924716,95172.76090909091
351,19.97568266784668,95921.7943875,19.849034631902523,98781.77928030303
352,19.95023092102051,96481.7247825,19.914939702351887,97309.32882575758
353,19.969767533569335,96037.1206275,19.852647381406843,98620.87055871212
354,19.9776682611084,95847.6802,20.089562063506154,93344.90036931819
355,19.943456860351564,96589.4603875,19.915374561656606,97136.03756628788
356,19.939579368286132,96713.57778,19.98029324618253,95723.15335227273
357,19.92852451904297,96938.96718,19.970609163226502,95859.05808712122
358,19.96216085510254,96223.5102,19.861373584631718,98377.57491477273
359,19.94222178161621,96626.3467525,19.955938283746892,96304.97896780304
360,19.9286380847168,96945.0742875,19.836277634591767,98933.76553977272
361,19.958698263549806,96269.14314,19.841562708074395,98985.4281439394
362,19.93943247314453,96710.08455,19.89866632634943,97501.43505681818
363,19.97350846740723,95943.7308225,19.888801886818626,97793.89319128788
364,19.929179581909178,96944.84157,20.033772102124765,94561.55332386364
365,19.92725392578125,96964.0095875,20.00407468622381,95252.9852935606
366,19.94502199951172,96590.0391725,19.92570687496301,96973.54896780303
367,19.97240810119629,95961.880805,20.015600548946495,94994.98457386364
368,19.951188359985352,96453.1296425,20.049523074988162,94176.96237689393
369,19.95861631652832,96292.193055,19.799365410082267,99735.84978219696
370,19.95275673461914,96410.7995125,19.919370889374704,97072.80756628788
371,19.945627318115235,96541.9821,19.97658698573257,95859.65482007575
372,19.953150073852537,96413.7773025,20.04415581443093,94276.93117424242
373,19.938355524902345,96717.1297425,19.915492942116476,97182.63233901515
374,19.97637377746582,95871.423,19.9744234605269,95987.93273674243
375,19.96508724243164,96118.8861125,19.944049102320815,96528.66285984848
376,19.945679655151366,96549.8340025,20.065689757376006,93864.91698863637
377,19.975440610351562,95906.4200075,20.049024595780807,94158.92563446969
378,19.98291195800781,95725.4035775,19.877833233457622,98132.49223484848
379,19.920215541381836,97158.065535,20.048399094090318,94220.06544507576
380,19.95803151916504,96289.626115,19.887795881791547,97831.33664772728
381,19.94891432373047,96540.4254625,19.892574608542702,97737.12879734849
382,19.93553406616211,96799.5220525,19.988731046734433,95492.08887310605
383,19.97086865234375,96019.64974,19.922374306881068,96961.24886363637
384,19.97185065307617,95983.45453,19.839844080607097,98916.90043560606
385,19.93056303894043,96918.77296,19.934445590394915,96714.19387310607
386,19.959508286132813,96275.1875525,20.12071731567383,92650.40524621212
387,19.96095357849121,96218.138575,19.982447530573065,95660.29758522728
388,19.97274962524414,95962.04167,20.04025746201024,94451.43214015152
389,19.94130871032715,96666.4542925,19.913813765554718,97190.62205492424
390,19.9539608795166,96372.230285,19.900790201822918,97545.15446022728
391,19.966973123168945,96079.3716325,20.038276515151516,94603.31082386363
392,19.93513763671875,96825.28563,19.918549053307736,97143.79557765152
393,19.954772246704103,96344.85928,19.916723068699692,97188.10006628788
394,19.966925116577148,96098.0252425,20.02207587733413,94837.1412784091
395,19.96803389831543,96077.6221825,19.84188395875873,98825.42892045455
396,19.94442211730957,96603.00427,20.060465947931462,93961.45897727273
397,19.969508420410158,96041.892535,20.079952290852866,93594.54142992424
398,19.95444254760742,96370.234325,19.88887020226681,97799.03895833333
399,19.955211480102538,96318.8793475,19.944579245827416,96542.37766098484
400,19.97292317565918,95984.1201625,20.00040192343972,95300.40339962121
401,19.962082840576173,96183.4582725,19.96289257627545,96120.11826704546
402,19.968690825195313,96048.175915,20.01439150723544,94993.65981060606
403,19.92904860046387,96922.1792925,20.014395169344816,95032.63011363636
404,19.97495973876953,95941.6755325,19.705888567837803,101944.34076704546
405,19.962397540893555,96217.7580625,20.052409651785187,94155.71460227272
406,19.953229744873045,96417.2933,19.97445900888154,95960.47877840909
407,19.968061727294923,96060.87169,19.921929390647193,97099.97434659091
408,19.964775018310547,96152.1097275,20.035093860048235,94609.30886363637
409,19.963475275878906,96174.06503,20.082281995831114,93547.20989583334
410,19.946280103149412,96538.3324725,19.836361164902197,98997.24888257576
411,19.97083442565918,96005.0666425,20.10529401143392,92981.45655303031
412,19.979019837646483,95822.8113875,19.974040337764855,95776.76942234849
413,19.959694678955078,96272.4581575,20.021182546904594,94821.92394886364
414,19.951798647460937,96413.8943575,20.047305478182707,94318.92514204545
415,19.970615645141603,96010.052305,19.975025912198152,95911.09211174243
416,19.950968981323243,96457.00565,20.01698065555457,94936.88133522727
417,19.96600738708496,96109.9025875,20.009556642012164,95061.19840909091
418,19.978281038208006,95829.81946,19.752781617135714,100843.60901515151
419,19.958771442871093,96277.0890875,19.573470428929184,105184.18353219697
420,19.96865393859863,96088.1411025,19.836651615952,99012.86789772728
421,19.988042473754884,95624.60486,19.966849896980055,95974.43308712122
422,19.947513529052735,96531.4757425,19.945936438820578,96524.11747159091
423,19.971400053100584,96014.4063225,20.079238274314186,93590.53276515151
424,19.97118932006836,96003.0858475,19.945849667173444,96604.0171780303
425,19.971626419677733,95993.0650175,19.82786110386704,99239.8128314394
426,19.972142221069337,95994.010235,19.92796174251672,96818.69691287879
427,19.972947295532226,95952.9227625,19.84530938350793,98752.74707386363
428,19.955581021118164,96375.1302075,19.974680300625888,95891.8952935606
429,19.96273993713379,96203.328765,19.929977893251362,96824.17202651515
430,19.951059244384766,96461.2146325,19.997565635912345,95444.5565719697
431,19.96826572265625,96053.3683625,19.99046941352613,95509.94250946969
432,19.959905885009764,96259.918025,20.076863158254913,93616.19416666667
433,19.96917843383789,96034.24204,19.87313003540039,98056.55279356061
434,19.962482036132812,96219.358025,19.922677859682025,96981.93
435,19.980266908569337,95833.000295,19.891705692175663,97916.79040719697
436,19.98536746459961,95711.0184225,19.997211252848306,95308.50161931818
437,19.969071735839844,96052.0446975,19.890992554173327,97722.06888257575
438,19.961730115966798,96214.579455,19.87394751115279,98034.0272064394
439,19.979466755371092,95787.9222275,19.7758360452363,100380.03658143939
440,19.965054183349608,96136.60431,19.91648592862216,97174.82425189394
441,19.957335931396486,96299.1446275,19.984311897971413,95757.23780303031
442,19.96828862060547,96100.2563925,20.03371451175574,94608.90150568182
443,19.974122494506837,95942.716185,19.965232287320223,96043.62358901516
444,19.973034111328126,95985.6364275,19.978643225467565,95788.86978219697
445,19.962618247680663,96187.9283325,19.975242977720317,95850.43944128788
446,19.971661946411132,96027.097715,19.889788136337742,97861.83857954545
447,19.958670588989257,96269.928635,19.686584770896218,102405.2815530303
448,19.958203314208983,96315.76941,19.98270402619333,95642.45589015151
449,19.98028246398926,95776.5570025,19.955229281801167,96257.34110795455
450,19.951733178100586,96422.805915,20.116286923957592,92843.48603219698
451,19.97597293334961,95886.23338,20.087165155121774,93499.5934280303
452,19.98041089416504,95798.4326025,19.96798652417732,96017.2590719697
453,19.956766353149415,96316.543795,20.068624482588334,93857.84802083333
454,19.95700600402832,96324.268085,19.778772213097774,100302.39571969697
455,19.988944671630858,95587.1856425,20.043393358172793,94375.93436553031
456,19.967510157470702,96096.1855575,20.090036942453096,93406.82427083333
457,19.98462450683594,95725.147435,19.921968605735085,96987.48274621212
458,19.99361919433594,95520.7914325,20.029794690681225,94641.8665340909
459,19.968921768188476,96068.2644825,19.923922787290632,97040.89764204546
460,19.959048770141603,96288.1516325,19.940622688062263,96667.98055871212
461,19.97699891723633,95889.1449175,19.84508117906975,98748.20509469697
462,19.98529544250488,95696.5184325,19.955043182373046,96345.07674242424
463,19.981757572631835,95760.6130575,19.96849594809792,96026.77140151516
464,19.981741173706055,95783.11746,19.929170714869645,96876.51416666666
465,19.97696373840332,95860.7101425,20.06512487931685,93857.41730113636
466,19.975845905151367,95901.031435,20.0123340884122,95057.36452651516
467,19.9765784954834,95880.83052,20.02476814732407,94743.06323863636
468,19.98439182067871,95686.9432225,19.957307142777875,96169.16779356061
469,19.987421962280273,95640.3611825,19.953411844426935,96363.3212594697
470,19.976086455688478,95894.011185,19.90319239992084,97477.03875
471,19.96195413635254,96209.04965,20.00600170019901,95109.3624905303
472,19.97761906738281,95868.580105,20.037427120786724,94527.41101325757
473,19.96420248046875,96183.060055,19.992798052701083,95438.13012310606
474,19.97369981994629,95950.4907025,19.914568620161578,97174.98167613636
475,19.971604928588867,95980.04336,19.997060348048354,95442.21257575757
476,19.96503467224121,96152.0184325,19.975342060435903,95805.50330492425
477,19.98305677368164,95746.4020825,19.94036714033647,96613.44385416666
478,19.9721865826416,95973.4960275,20.122390159838126,92607.59324810606
479,19.94339062927246,96625.114735,19.970263667251125,95948.41296401515
480,19.993308251342775,95513.3793775,20.00514870152329,95121.81603219696
481,19.961863694458007,96196.86916,19.94583306977243,96508.07928030303
482,19.95647072998047,96317.54897,20.046113572554155,94330.87734848485
483,20.00307996520996,95300.58813,19.939227368903882,96595.6853314394
484,19.959106405029296,96264.591525,19.861907598322087,98385.77357007576
485,19.980770908813476,95799.1040025,20.00001212611343,95336.46788825758
486,19.96445187866211,96175.855475,20.043923295916933,94339.9078314394
487,19.97125347717285,96002.218555,20.04467887878418,94295.8350189394
488,19.97671459777832,95908.047395,20.12061812429717,92686.1181060606
489,19.999885358276366,95385.5065025,20.06691064083215,93826.34197916667
490,19.98183208496094,95772.06753,19.910329411824545,97229.02854166667
491,19.967079295043945,96107.3751125,20.00983075459798,95090.01297348485
492,19.9817965032959,95762.3460975,19.995799123590643,95424.18011363636
493,19.97089694274902,96009.3354675,20.007885198882132,95099.51511363636
494,19.970532749023437,96040.4465275,20.01988596829501,94926.3362405303
495,19.988791118164063,95630.8533,19.89844745982777,97522.93024621213
496,19.970859028320312,96012.0771425,20.05674174453273,94052.46460227272
497,19.976932333984376,95873.4577525,20.036142931851472,94492.69200757575
498,19.985874075317383,95706.1272775,19.926346712979402,96920.4434469697
499,19.968866030883788,96073.4279875,19.85020322857481,98684.94628787879
500,19.982953837890626,95753.57052,19.970845822420987,95991.58949810606
501,19.975519091186523,95927.5770525,19.962516447125058,96133.82175189393
502,20.003391677856445,95299.59169,20.007057502053,95192.92125
503,19.963309055786134,96183.4961725,20.088693269671815,93375.54053977273
504,19.976018939208984,95899.4723375,20.10359827446215,93005.65311553031
505,19.974330115356445,95949.528035,20.069287359064276,93892.77242424243
506,19.983256361694337,95759.7356375,20.00221963593454,95302.43356060606
507,19.972772472534178,95969.3871025,19.87508154666785,98147.39083333334
508,19.983973876342773,95740.44913,20.0802470814098,93609.03201704545
509,19.986155839233398,95662.8052,19.97150861566717,95859.43909090909
510,19.971799901733398,96031.641525,19.95504461115057,96454.47605113636
511,19.957269609375,96302.6168975,20.01926821159594,94827.9347159091
512,20.005851367797852,95223.967685,19.90971356940992,97303.40358901516
513,19.96510757385254,96135.3606475,19.981753470680932,95658.16591856061
514,19.991261171875,95547.7348525,19.982614870938388,95747.58496212121
515,19.972039200439454,95970.6706775,19.893181702584933,97762.2490435606
516,19.986102830810548,95709.5862325,20.00146332018303,95231.49822916667
517,19.977709884643556,95864.8495425,19.945879525849314,96437.52759469696
518,19.96924393737793,96068.025905,20.02677994930383,94787.94125
519,19.997257868652344,95446.94014,19.9921175661954,95467.91964962121
520,19.95584828857422,96355.7632875,20.08183400703199,93515.65301136364
521,19.974550979614257,95935.046275,20.05225885333437,94183.49544507575
522,19.97728241027832,95865.3926275,19.985893702651516,95574.30540719697
523,19.97757966064453,95881.6056,19.91094297466856,97346.84149621212
524,19.965735371704103,96138.1978675,20.02752731554436,94641.82411931817
525,19.991501600952148,95553.81387,20.033077637643526,94582.44165719696
526,19.96350981994629,96181.0927175,19.954745256828538,96382.64860795454
527,20.00285265258789,95313.79961,20.058409763682974,94021.14904356061
528,19.958379487304686,96304.1794975,19.895588612411963,97626.82745265152
529,19.973314513549806,95978.829715,20.029858014655836,94665.37922348485
530,19.983645330200197,95736.0441,19.952038386951795,96316.00433712121
531,19.98057115539551,95804.73607,20.095816837657583,93235.08793560606
532,19.99003941894531,95594.884645,20.045400261156487,94410.05901515152
533,19.973308756713866,95961.372855,19.987121757738517,95572.64839015152
534,19.970532102050782,96035.4902375,20.039492180564185,94383.11194128788
535,19.98758062011719,95678.6659275,19.875609415227718,98025.40479166666
536,19.956147719726562,96348.24306,19.934257125854494,96783.85232954545
537,20.00616336791992,95230.3257,20.020773123538856,94907.01224431818
538,19.983593242797852,95759.9676725,20.00819768038663,95109.00550189395
539,20.01078289001465,95117.5153875,20.027504836573744,94725.80179924243
540,19.990380923461913,95562.8518725,19.930944745612866,96759.57448863637
541,19.982348376464845,95740.2526375,19.945076298569187,96636.94913825758
542,19.9877344921875,95663.3220375,20.06193000562263,93988.13257575757
543,19.973903756713867,95961.3162,19.925848541259764,96863.36608901515
544,19.998565794677734,95436.1433625,20.081084099971886,93598.92917613636
545,19.99341784301758,95515.092525,19.90752566019694,97360.67819128788
546,19.988667623901367,95610.469535,20.065597363096295,93860.22887310605
547,19.990699028930663,95584.5255425,19.944828486587063,96576.7837121212
548,19.991640213623047,95569.44045,19.861273318204013,98446.7134659091
549,19.98895190612793,95637.4626025,19.802047033598928,99696.50176136363
550,19.987384166870118,95672.021365,19.907729580041135,97267.77971590908
551,19.977870346069334,95874.9619025,19.85315061858206,98594.03043560607
552,20.006387314453125,95214.7292825,20.025830265391956,94757.84047348484
553,19.987131151733397,95664.561485,20.06655122236772,93847.3378409091
554,19.980578956298828,95794.5963375,19.93579072894472,96682.31665719696
555,19.99957150512695,95368.7047925,20.036229042284415,94466.89379734849
556,19.97745624633789,95879.73424,20.026760841138437,94788.82232954545
557,19.995609006347657,95481.3669275,19.990269590435606,95510.91633522727
558,19.994636536865233,95473.9602625,20.023706579497365,94822.55109848485
559,19.981037033081055,95782.4816925,19.91009953354344,97324.05936553031
560,19.982810350341797,95754.6255475,20.030056240197386,94680.48644886364
561,20.002528090820313,95338.2228775,19.980478166522403,95730.52354166667
562,19.97025837463379,96000.10222,20.012395585955996,95023.05315340908
563,20.001683162231444,95340.8048,20.035666527025626,94556.24865530303
564,19.971327869873047,95990.01794,20.00028227372603,95364.38552083333
565,20.00384917114258,95313.34133,20.100385695948745,93141.60492424242
566,20.001732615966798,95331.324325,20.075613678440902,93728.50327651516
567,20.003380244750975,95296.3907325,19.98567769137296,95612.72520833333
568,19.964286743774416,96155.130695,19.77883209922097,100230.56724431818
569,19.991344146118163,95551.1816175,19.667900725855972,102850.07448863637
570,19.965602794189454,96158.049925,19.80220395637281,99795.91629734848
571,19.980579868774413,95803.451645,19.86878885673754,98165.58356060606
572,19.98874528869629,95615.04524,20.001122387972746,95394.60913825757
573,20.005767654418946,95224.4343425,20.035872881340257,94557.52710227272
574,19.982622232666017,95773.693525,19.718463248050575,101618.91928030303
575,19.985986784057616,95685.2929225,20.027229949488785,94764.66613636364
576,19.993790603637695,95514.940375,20.003588349313446,95266.29325757576
577,20.004172723999023,95285.897395,19.92449686686198,97021.7944128788
578,19.969335576171876,96070.7442725,19.995458214499735,95399.44510416666
579,19.984115032958986,95734.1889575,20.046114451090496,94274.50316287878
580,20.004295535888673,95270.0183,20.004961760549833,95184.76616477272
581,19.991175866088867,95577.136205,20.09343484358354,93293.4365435606
582,19.98964688720703,95611.6137525,19.91552975510106,97226.84740530304
583,19.99095231750488,95590.915145,19.87506904139663,98100.11928030303
584,19.99712237548828,95450.6797725,20.033924807924212,94621.84355113636
585,19.996281110229493,95465.12462,20.01932681690563,94879.64785984848
586,19.983271292114257,95738.1947425,19.924107705318566,97053.91490530303
587,19.970620485839845,96022.15434,20.014391534978692,94975.49209280303
588,19.9535728515625,96434.7081275,20.073728831898084,93746.1587121212
589,20.003214051513673,95268.51418,20.06826449769916,93835.49371212121
590,20.007028068847656,95209.2018675,20.047334155458394,94267.6840530303
591,19.999289227294923,95385.1435,20.055169360998907,94003.65111742425
592,19.991314114379882,95565.174875,20.06151594913367,94024.47989583333
593,19.96410479248047,96158.3891325,19.92115040403424,97052.98453598486
594,19.998667891235353,95382.132595,19.834409621267607,99017.7690625
595,19.960524027709962,96233.429145,20.009207335963392,95109.53474431818
596,20.00733706237793,95199.290895,20.0095341907848,95136.9300094697
597,19.992816936035155,95543.0803575,20.026273061578923,94663.08768939394
598,20.014323150024413,95044.79194,20.07746230616714,93657.29822916667
599,19.981187947387696,95793.79958,19.95288111368815,96329.91323863636
600,20.0007449798584,95362.4926375,19.97273786833792,95923.4174810606
601,19.985539863891603,95691.117345,20.015439050847835,94972.75862689393
602,19.996503272094728,95443.6577725,20.00097221143318,95318.10849431818
603,19.999696275024416,95375.9711275,20.01351113984079,95019.91427083334
604,19.975764088134767,95924.0680575,19.91364851518111,97217.14911931819
605,20.00330618286133,95314.51714,19.952660841508344,96347.63917613636
606,19.985103344726564,95733.1359875,19.97879549893466,95811.26708333334
607,20.00985724243164,95159.9139325,20.0940888560902,93280.25514204545
608,19.99332073852539,95491.5611675,20.055747320001775,94111.43358901516
609,19.998556303100585,95409.45964,20.01208399223559,95060.12121212122
610,19.997804920654296,95445.8281625,20.044946168841737,94352.65017045455
611,20.017290017089845,95020.91785,19.985340104536576,95565.07331439394
612,19.971063368530274,96017.57234,19.832447734023585,99055.78496212121
613,19.997913013305663,95419.288715,20.049678906527433,94188.5012405303
614,20.00504513977051,95293.0372925,19.951668969356653,96456.97546401515
615,19.998907567138673,95394.9706175,20.075808630278615,93632.69055871211
616,19.986667420043947,95684.2839425,20.024756865067914,94802.36541666667
617,20.003269520874024,95316.83279,20.011605009599165,95059.41986742424
618,20.011260791625975,95138.9600225,19.90697608022979,97378.90015151515
619,19.99163209838867,95540.2705825,19.97643114494555,95807.77417613636
620,19.986238552856445,95681.0101,19.81320158293753,99611.03234848485
621,20.027220531616212,94762.025165,19.99076209790779,95509.02870265151
622,19.971469973754882,96016.7827,20.061111015551017,93931.94849431819
623,20.000764970703123,95372.8825275,19.881260741262725,97958.4437310606
624,19.999463075561522,95395.3782125,20.03051368713379,94593.27947916667
625,19.990413934936523,95589.402475,20.08928240920558,93321.88884469696
626,20.025145048828126,94837.4953325,20.0156466143059,95090.06708333333
627,20.01059051147461,95162.4605325,19.976680448127514,95793.91648674243
628,19.991201824951172,95561.5299,19.96217274983724,96131.27099431818
629,20.007589738769532,95185.121815,20.048441911177203,94176.59790719696
630,20.003346001586912,95313.8868375,20.04738201488148,94259.82606060606
631,19.98517496398926,95704.785595,19.916944210168086,97089.74660984849
632,20.014791758422852,95045.805865,19.88939699346369,97741.30727272727
633,19.98421608093262,95690.0375925,19.987521496397076,95582.43203598485
634,19.985658522338866,95701.5982325,20.03159097151323,94593.35926136364
635,20.000363587646483,95376.08638,20.046144362940932,94320.90223484849
636,20.006190682373045,95225.79441,19.692272625547467,102263.53957386364
637,20.011894263916016,95109.0305975,19.914257678407612,97210.83920454545
638,19.985290591430665,95722.24846,20.001987919662938,95266.66227272728
639,19.992467639160157,95548.90716,19.90995666966294,97353.60660037879
640,20.157236802368164,92011.2564875,20.149287241155452,92136.03480113637
641,20.20416082824707,91027.900665,20.190430277044122,91281.52206439394
642,20.20370330444336,91030.9249225,20.188470276341295,91258.1793655303
643,20.211513071899414,90893.4309725,20.158730140454843,91918.79007575757
644,20.210969522094725,90867.196385,20.200889666008226,90971.43958333334
645,20.22633139831543,90565.0459,20.226352652347448,90491.71239583334
646,20.20233201477051,91043.692145,20.154672763708867,92016.67972537878
647,20.220917157592773,90628.6346025,20.224349633419152,90535.75736742424
648,20.212633158569336,90813.72043,20.238388438369288,90269.30502840909
649,20.222113087158203,90606.0264875,20.23163920315829,90384.81305871213
650,20.229241118774414,90458.4476575,20.222541816017845,90495.8572064394
651,20.22017672241211,90643.1316625,20.225202731508197,90453.72734848486
652,20.213824595336913,90769.01206,20.2121656221332,90698.72339962122
653,20.221981237792967,90600.7623775,20.210810574618254,90715.33351325757
654,20.238859221191408,90233.5751,20.191641413370768,91310.1031060606
655,20.230484774169923,90428.4144175,20.22283384149725,90589.83703598485
656,20.236662731933595,90314.2618825,20.198966055205375,91052.45015151515
657,20.228356649780274,90477.915725,20.248334873083866,89974.36756628788
658,20.231795150146485,90374.2767025,20.231778469663677,90373.69760416666
659,20.230245049438476,90422.5227175,20.283481556285512,89300.89652462122
660,20.22793351135254,90461.477445,20.203367339625505,90982.6212594697
661,20.236257145385743,90261.0713675,20.185014135187323,91349.19555871212
662,20.245178173217774,90098.5074275,20.292669890432645,89168.27176136363
663,20.239242224731445,90227.59906,20.2134053848729,90760.45022727273
664,20.237216630859375,90255.180925,20.2068151994185,90796.88964015151
665,20.243727758789063,90103.220795,20.244719550392844,90044.94013257576
666,20.2318577142334,90364.288195,20.251093687577683,89933.81835227273
667,20.223798107299803,90533.0075575,20.25254729762222,89930.41547348484
668,20.245385032958986,90100.4193175,20.272072414051404,89483.74270833333
669,20.229228505249022,90436.42902,20.200834688128847,90947.92730113637
670,20.242934630126953,90123.073075,20.221798874826142,90558.44764204546
671,20.22695241333008,90463.5726375,20.240181119514233,90167.6003125
672,20.24320362060547,90112.2291225,20.208012050281873,90809.80586174242
673,20.24845813232422,90007.4252575,20.240415656349874,90144.38071969697
674,20.23489491027832,90288.6998475,20.28882639798251,89110.9371969697
675,20.236574984130858,90277.1166375,20.240946412519975,90079.51136363637
676,20.231484756469726,90379.920245,20.225672052556817,90391.89165719697
677,20.25270161621094,89933.79506,20.21441169276382,90779.48355113636
678,20.228353618164064,90451.4599575,20.186012291185783,91329.6402935606
679,20.234146936035156,90306.2229525,20.26891527811686,89515.77320075757
680,20.238187834472658,90222.2968425,20.177440953110203,91564.6465719697
681,20.243332473754883,90097.28344,20.18804973486698,91179.41287878787
682,20.237733082885743,90214.0006325,20.25196187106046,89965.29993371211
683,20.25774183654785,89821.5326225,20.237029393513996,90116.77635416666
684,20.252301755371093,89905.78666,20.196385935003107,91034.85735795455
685,20.244582247924804,90102.26496,20.27430938720703,89485.81053030303
686,20.238516701049804,90221.515315,20.264978226170395,89627.15828598484
687,20.243412650756834,90108.4832175,20.265083877101087,89653.96986742424
688,20.242676579589844,90128.1259175,20.237945281520034,90138.33607954545
689,20.244155454101563,90087.4616325,20.170313272187204,91603.96200757576
690,20.254020310668945,89891.4153225,20.15149221015699,91944.961875
691,20.24293934814453,90093.2445425,20.223073457660096,90485.23410037879
692,20.242228098754882,90120.909145,20.23569916233872,90267.95479166666
693,20.24834521118164,89996.99519,20.199419911702474,90958.62254734848
694,20.25232093383789,89910.1561575,20.303178868149267,88775.71367424242
695,20.238080556030273,90217.870255,20.184260480476148,91225.58984848484
696,20.239499758911133,90171.5094175,20.248268691554212,89942.78952651515
697,20.237657966918945,90232.5395875,20.25426579099713,89798.49223484848
698,20.242410322265624,90126.575285,20.21188693191066,90899.90952651516
699,20.2426963873291,90117.051505,20.207033441716973,90860.39535037879
700,20.2530154095459,89882.90126,20.193320851181493,91100.71796401514
701,20.25259919128418,89901.4935325,20.207403800270775,90792.6628030303
702,20.252560833740233,89898.08339,20.19847014918472,91004.74578598485
703,20.24121531616211,90158.0494525,20.23639991760254,90220.79074810605
704,20.240730993652345,90133.9409325,20.282280400594075,89219.77257575758
705,20.236767059936522,90250.5455325,20.233708743471087,90256.95232954546
706,20.24219699157715,90110.9339975,20.229639446374144,90399.36380681818
707,20.234215634155273,90318.618935,20.258353074969666,89744.04362689394
708,20.236156934814453,90249.572855,20.28985027891217,89126.75198863636
709,20.23842506286621,90211.00377,20.21363560300885,90672.05916666667
710,20.252500880126952,89896.78414,20.199250578446822,91033.34628787878
711,20.248097399291993,89980.2251575,20.253034610170307,89848.86470643939
712,20.252862901611326,89916.769615,20.258732433897077,89724.72164772727
713,20.258279517822267,89775.263785,20.26173392787124,89647.1265625
714,20.245919982910156,90041.6039725,20.25606286944765,89742.10858901514
715,20.254980322265624,89868.3219175,20.196970006769355,90996.98419507575
716,20.24736690734863,90027.5857425,20.18975912845496,91203.10417613636
717,20.234889040527342,90289.3064575,20.23258430480957,90306.66441287879
718,20.253093004760743,89916.4481025,20.249949155865295,89884.24980113636
719,20.248973876953126,89986.3035975,20.26481289950284,89604.70588068182
720,20.24390666870117,90086.9367625,20.299023955374054,88882.71506628788
721,20.241857158203125,90129.6190425,20.241182646317917,90047.20396780303
722,20.247870024414063,90007.670725,20.22626045227051,90381.20793560606
723,20.259769818725587,89732.0357025,20.31048978400953,88614.06947916666
724,20.244997701416015,90049.918165,20.29255501718232,89076.46432765151
725,20.236150626831055,90256.188555,20.25346734711618,89862.66978219697
726,20.231257337646486,90335.0493825,20.21882016731031,90672.56822916666
727,20.272107947387696,89512.00814,20.28948367956913,89085.38490530303
728,20.253869722290037,89875.561705,20.259636163422556,89706.78865530303
729,20.247826561279297,89983.18807,20.21493325666948,90681.99025568181
730,20.244918618774413,90076.7128675,20.242828792225232,90025.73152462121
731,20.27041342163086,89512.7542675,20.26040207602761,89726.16224431818
732,20.25453096130371,89858.432415,20.300667206735323,88857.40514204545
733,20.26966873046875,89528.485455,20.268050802982216,89575.42675189395
734,20.251981484375,89926.2621625,20.236805498527758,90168.91801136364
735,20.255091559448243,89857.8102525,20.290655739524148,89095.29946969697
736,20.253162680053713,89873.890825,20.239208369399563,90058.8465435606
737,20.247577556152343,90023.20465,20.30854707891291,88655.6702935606
738,20.240710790405274,90159.5753725,20.32587158203125,88330.3300094697
739,20.235460737915037,90312.81182,20.205527318318683,90881.69366477273
740,20.261615084228517,89697.2460225,20.257320540457062,89746.61707386364
741,20.247100533447266,90022.417195,20.247609948822948,89981.16618371212
742,20.25171798156738,89913.0534025,20.216721424911963,90567.34454545454
743,20.253315742797852,89883.6046025,20.21836884469697,90599.01340909091
744,20.256467104492188,89819.092115,20.275896708170574,89383.75070075758
745,20.254974056396485,89834.1898775,20.254948889992455,89839.129375
746,20.25656371520996,89827.103875,20.247109116062973,90035.71601325758
747,20.262784993286132,89665.74035,20.285238985003847,89171.23190340909
748,20.241992395629882,90103.1060325,20.248650838678532,89996.75580492424
749,20.257689181518554,89782.45781,20.270358364220822,89407.23850378788
750,20.258588822631836,89773.236245,20.225707196322354,90421.86023674242
751,20.253758569335936,89865.80675,20.28412943753329,89213.91647727272
752,20.25668203918457,89816.2406325,20.260094925851533,89674.15023674243
753,20.259056068115235,89747.9746275,20.238784228238192,90095.88852272727
754,20.250192142333983,89931.869,20.21624013264974,90541.62461174243
755,20.254334724121094,89867.2820325,20.21819942821156,90550.70364583333
756,20.25793188293457,89797.367465,20.29589408412124,88982.32538825758
757,20.2561301953125,89813.31432,20.27112313010476,89470.07890151515
758,20.254202821655273,89853.0200825,20.20234741904519,90946.6787405303
759,20.259701683349608,89732.51768,20.258436270049124,89761.85424242425
760,20.25265039733887,89871.5565525,20.192801014293323,91094.34238636364
761,20.256151221313477,89803.3270825,20.202923024495444,90857.67346590909
762,20.25008776184082,89957.181625,20.22958191842744,90274.96974431818
763,20.24529873413086,90041.7556375,20.275588566173205,89346.70645833333
764,20.268210061035155,89573.75186,20.282193571148497,89209.69762310605
765,20.245044131469726,90058.1623775,20.255389651674214,89743.52110795454
766,20.247869578857422,89977.1137075,20.199934713190252,90949.55263257575
767,20.26634400817871,89609.152755,20.230381377249053,90270.26276515152
768,20.25982208984375,89751.960825,20.259879751494438,89674.1859469697
769,20.259511395874025,89763.09785,20.193410406401664,91089.37160037878
770,20.255877307128905,89808.2960525,20.25045870694247,89929.06387310606
771,20.253893014526366,89879.2480575,20.301751956361713,88851.28880681818
772,20.26520301147461,89644.2169675,20.283982574000504,89150.62460227273
773,20.25293267211914,89866.6011575,20.31065566785408,88651.71429924242
774,20.245707306518554,90038.11234,20.21785794576009,90532.63568181818
775,20.256769871826172,89815.9318225,20.28581517537435,89135.37049242425
776,20.25706678955078,89808.048365,20.24597921660452,89967.53287878788
777,20.25706341064453,89796.0275575,20.245400790590228,89977.69069128788
778,20.243673493652345,90085.5335775,20.264991283994732,89633.33524621213
779,20.263174729003907,89668.0586325,20.241655063051166,90022.52634469698
780,20.259953395385743,89741.7993375,20.211650050770153,90689.88337121213
781,20.258720897216797,89757.5021025,20.200090563225025,90999.09388257576
782,20.254798151855468,89854.460115,20.238854238336735,90113.66229166667
783,20.24851671508789,89952.6789725,20.245267824115174,89990.99450757576
784,20.254482796020508,89834.24489,20.288525883067738,89069.21458333333
785,20.24854700317383,89962.16477,20.255258243445194,89737.13085227273
786,20.25666844421387,89808.424645,20.21191692236698,90692.40071969698
787,20.261266314086914,89726.2917575,20.26831139535615,89548.29291666667
788,20.255695420532227,89823.0612225,20.22228242816347,90481.46107954545
789,20.27313871948242,89453.48581,20.23867445049864,90184.50517992424
790,20.256746727905274,89789.8037,20.26483879320549,89567.28234848485
791,20.257644417114257,89801.443285,20.25263583790172,89837.98129734848
792,20.256141817626954,89798.951655,20.24365516431404,90042.41899621212
793,20.259437092895507,89753.5845625,20.164991240067916,91682.80233901515
794,20.26134289367676,89721.5965875,20.154998011733547,91893.95431818182
795,20.25886638244629,89760.73957,20.21192987846606,90738.74948863636
796,20.262706814575196,89678.326485,20.305012877493194,88742.5771875
797,20.249537549438475,89932.0271625,20.2259333523837,90395.76870265152
798,20.255816694335937,89833.644315,20.25603739189379,89816.9259469697
799,20.259150954589845,89750.230085,20.265096116499468,89591.48991477273
800,20.259669255981446,89730.276895,20.284469833374022,89185.2015435606
801,20.282237975463868,89294.45743,20.1576225419478,91849.37611742424
802,20.247806274414064,89986.26927,20.211047243060488,90709.63851325758
803,20.262925404663086,89660.3904225,20.215034658258613,90587.22023674242
804,20.25092741333008,89949.41727,20.180331760753283,91424.49116477273
805,20.254134205932615,89854.7105325,20.26826327237216,89485.72149621212
806,20.254360102539064,89857.2171375,20.28470717459014,89165.08350378789
807,20.253656220703125,89863.8321725,20.26208757805102,89651.3855965909
808,20.270448654174803,89523.4164225,20.24634284510757,90007.72883522727
809,20.267869685058592,89561.01689,20.25358098116788,89802.69691287879
810,20.250345792236327,89936.272835,20.261639679417467,89656.95196022728
811,20.24025798400879,90144.3921625,20.285121441465435,89143.41183712121
812,20.25649565246582,89814.8064975,20.249939515084932,89900.55238636363
813,20.262786925659178,89668.55157,20.271786205407345,89439.27680871212
814,20.263864570922852,89695.0035775,20.265349000872988,89547.98612689394
815,20.25997021484375,89752.84409,20.267962389859285,89480.10174242425
816,20.268297333984375,89551.4320725,20.2357615777218,90175.78068181819
817,20.260941544799806,89703.8932225,20.267151362101238,89619.60752840909
818,20.25681423828125,89824.14386,20.289750176632044,89053.78584280303
819,20.26130168762207,89702.5644075,20.22951149449204,90344.74814393939
820,20.269856635742187,89553.6743825,20.250186439282967,89909.33646780303
821,20.256685075073243,89783.419165,20.27024385394472,89515.6362689394
822,20.259831141967773,89735.84744,20.225284474690756,90446.13051136363
823,20.270597864990233,89513.3551975,20.298999825679896,88815.34793560606
824,20.272666708984374,89489.45104,20.26143690629439,89665.47268939394
825,20.254696681518556,89879.926895,20.23363850217877,90213.68267992424
826,20.265499475097656,89606.0655875,20.31117509321733,88648.58768939394
827,20.257317933349608,89809.8464125,20.227169422958838,90357.01110795455
828,20.256480261230468,89781.2201,20.243360900878905,90047.62144886363
829,20.258703532714843,89791.2460575,20.24129092129794,90077.98535037879
830,20.273381038208008,89440.7384175,20.30185029925722,88818.07020833333
831,20.266926865844727,89593.60668,20.287914179021662,89081.57083333333
832,20.26427258239746,89665.199185,20.234197366887873,90255.36353219696
833,20.26695482116699,89565.7355475,20.277519117413146,89265.04353219697
834,20.259978739624025,89750.2633175,20.335313376224402,88135.86521780303
835,20.259041317749023,89781.6297475,20.21930654814749,90546.88274621213
836,20.25831106140137,89762.8731025,20.29456766764323,89014.00067234848
837,20.271050827636717,89519.56529,20.273261561538234,89394.03518939394
838,20.276234617919922,89392.70999,20.289486176461885,89147.57540719697
839,20.256806964111327,89813.73476,20.24758609193744,89973.23227272727
840,20.257707466430663,89799.47836,20.232997027310457,90177.87160984849
841,20.261067014770507,89694.6628725,20.261927388509115,89629.66013257575
842,20.25758418334961,89794.6719275,20.245685408621124,89976.24475378788
843,20.26152043701172,89692.2736,20.218335876464845,90591.05852272727
844,20.26708164001465,89585.0906875,20.280470664284447,89221.96491477273
845,20.276366959228515,89417.90489,20.22470812248461,90439.06475378788
846,20.259719637451173,89717.8048125,20.22319781447902,90415.88994318181
847,20.270845920410157,89495.60106,20.202723992087623,90793.44221590909
848,20.258869742431642,89773.8169025,20.249340734770804,89829.34111742424
849,20.263349489746094,89685.79593,20.248726029829545,89879.55486742425
850,20.276238981323242,89389.292915,20.270054462317265,89474.3346875
851,20.26407099609375,89655.21673,20.260297347560073,89775.70233901514
852,20.2728281829834,89462.4604075,20.29560731830019,88930.61217803031
853,20.250469028320314,89920.6235875,20.32449642759381,88352.72533143939
854,20.27268394104004,89473.5503175,20.269688783125442,89509.428125
855,20.252204385375975,89887.4274825,20.206990178426107,90737.95981060606
856,20.273338916625978,89469.078415,20.25994668902773,89707.06891098485
857,20.271861004638673,89492.2597,20.30948940161503,88676.96839962121
858,20.254864407958983,89830.8704325,20.27203125924775,89455.15510416667
859,20.25623508666992,89814.89762,20.268510758371065,89457.40303977273
860,20.26722317993164,89569.5653575,20.251144284335048,89868.41012310606
861,20.258662915039064,89741.1944325,20.286725156379468,89202.37012310605
862,20.259535298461913,89733.6554925,20.179147267197116,91553.25421401515
863,20.261700418090822,89703.3714,20.269039614128346,89535.04106060606
864,20.25955277770996,89750.829695,20.234203955910424,90231.37834280303
865,20.26627954345703,89616.9978175,20.247636640144115,89919.33778409091
866,20.25800219909668,89743.8140725,20.22957145459724,90393.05631628788
867,20.26300382873535,89670.879705,20.252531823822945,89774.69391098485
868,20.267375705566405,89570.41471,20.241911248871773,90063.59801136363
869,20.261944157714844,89679.9059425,20.220736317490086,90501.85860795455
870,20.278154227294923,89364.4130725,20.297273413918234,88931.94918560606
871,20.263458419189455,89661.0604575,20.236046357588336,90134.45793560606
872,20.27041286743164,89522.649725,20.25897760333437,89652.44247159091
873,20.2615673638916,89709.943355,20.264323996341588,89568.95695075758
874,20.277242492675782,89361.400095,20.191238285411487,91081.92264204545
875,20.250004957885743,89941.559255,20.266504599831322,89499.37219696969
876,20.254180049438478,89834.23953,20.272402859312116,89410.55734848484
877,20.275023638916014,89417.6197375,20.27247738462506,89432.0571496212
878,20.255674909057618,89783.8408775,20.252062045010653,89813.71294507576
879,20.26076910217285,89721.123905,20.319425962043532,88494.04582386363
880,20.258005490722656,89760.3274525,20.248836792454576,89956.78463068182
881,20.248026301879882,89986.3624775,20.247433166503907,89911.87100378788
882,20.27500529418945,89412.868405,20.18941376426003,91236.49673295455
883,20.264901117553713,89629.0756875,20.227729758060338,90382.80638257576
884,20.261989181518555,89676.202145,20.211890776663115,90654.42339962121
885,20.271037919311524,89488.3713925,20.26514899745132,89622.51828598484
886,20.265946502075195,89628.33778,20.310379310376717,88624.39022727273
887,20.256685176391603,89793.229075,20.300279448538117,88830.97197916667
888,20.263139087524415,89660.8688375,20.24338882215095,89988.48476325757
889,20.267725485839843,89572.7501075,20.247131800796048,89925.74866477272
890,20.27211061035156,89483.922905,20.276186724576082,89360.24464015152
891,20.25793631164551,89797.9944075,20.22045111916282,90497.14517992425
892,20.256882194213865,89804.821885,20.276343573367956,89358.95076704545
893,20.27248701171875,89465.9953375,20.276190400557084,89298.9996969697
894,20.275633533935547,89427.75614,20.31649918527314,88471.94737689394
895,20.263966166381834,89640.9505175,20.218460644808683,90523.0868560606
896,20.258933651123048,89764.7445775,20.253069783991034,89915.10548295455
897,20.270363032836915,89496.0731875,20.22668961496064,90437.77632575757
898,20.274657674560547,89412.321495,20.234062067667644,90199.10774621212
899,20.27626416870117,89416.2061325,20.307290945342093,88731.9291003788
900,20.2540329296875,89837.570055,20.295255022915928,89006.48453598486
901,20.267130251464845,89582.65312,20.245310123328007,89952.89552083334
902,20.27236851135254,89478.4653575,20.277770552201705,89309.27052083334
903,20.266286524047853,89613.2142275,20.231436011574484,90412.53424242424
904,20.267243233032225,89607.14693,20.27312750382857,89335.74919507575
905,20.24646152770996,90005.1991625,20.278314521095968,89248.07511363637
906,20.26681948791504,89579.6821725,20.292009004535096,89039.09664772727
907,20.26423828979492,89632.738215,20.28772818594268,89065.01571969697
908,20.279125951538084,89346.5747775,20.262426376342773,89662.86789772728
909,20.275961163330077,89398.57856125,20.2714316443241,89398.73785037879
910,20.266898283081055,89599.8466575,20.283364752567177,89278.23817234849
911,20.271806342163085,89497.06111,20.251000565037582,89827.43884469697
912,20.275391325073244,89414.1634725,20.245528552893436,90009.20210227273
913,20.272609296875,89453.840545,20.26960329922763,89518.03990530303
914,20.256100469970704,89826.1509175,20.305033317334725,88715.22821022727
915,20.27592537109375,89385.693275,20.239565087520717,90088.63821969696
916,20.28153634277344,89280.397155,20.30003268848766,88868.77575757576
917,20.261838376464844,89679.7683725,20.224073618108577,90404.24191287879
918,20.2837778515625,89245.4348925,20.302921429258404,88841.15044507576
919,20.281655821533203,89279.3297075,20.221235594315964,90473.51386363637
920,20.265324826660155,89633.6419275,20.232107356678355,90317.95714962122
921,20.277256939697267,89356.7119525,20.26341189066569,89682.48958333333
922,20.25764341003418,89777.41452,20.28889819752086,89049.90625
923,20.252110690307617,89911.8862175,20.27360797997677,89385.43982954546
924,20.274691061401366,89417.016435,20.280155653520065,89295.6884564394
925,20.265955123901367,89601.0608025,20.24913402441776,89919.26356060606
926,20.25395202392578,89871.9991775,20.222953643798828,90407.90210227272
927,20.272974829101564,89470.8040025,20.288552396369703,89084.96455492424
928,20.26373652282715,89649.5522275,20.17998982516202,91338.61519886364
929,20.26834875793457,89559.4484325,20.206891421693744,90728.22927083333
930,20.25826034790039,89782.4708525,20.302465959028765,88746.52709280304
931,20.260916522216796,89687.6823,20.297170211329604,88950.2434280303
932,20.278175173339843,89357.4714575,20.254447285045277,89796.50490530302
933,20.289566825561522,89103.7594175,20.268738021850584,89524.16665719697
934,20.261534381103516,89691.940715,20.246260503133136,89998.39102272727
935,20.26147450805664,89724.5721525,20.219171554103042,90510.98771780303
936,20.25322005432129,89880.28263,20.322964983853428,88352.49751893939
937,20.283451768188478,89234.1242025,20.251744255297112,89933.6590719697
938,20.26618370666504,89594.7490325,20.240082020615088,90129.87682765152
939,20.27586053833008,89384.459985,20.360414787061288,87599.44620265151
940,20.266148328857422,89619.9990825,20.317089110865737,88503.93797348485
941,20.283322590942383,89251.84205,20.309422108043325,88689.07758522728
942,20.274335968017578,89434.0825875,20.202772207549124,90836.2256060606
943,20.266846893310547,89622.3607925,20.258254602605646,89717.985
944,20.270924130859374,89501.158025,20.257202217795633,89753.46386363637
945,20.275803507080077,89422.88104,20.28744617577755,89094.6809469697
946,20.266909798583985,89599.665955,20.255904136426523,89784.22035984849
947,20.264884113769533,89620.455125,20.220562734892873,90486.94458333333
948,20.27387297607422,89443.9522075,20.24866789153128,89951.67461174242
949,20.267449608764647,89585.049335,20.23511300058076,90167.23707386364
950,20.281119135742188,89292.87788,20.293313143181077,89037.18222537878
951,20.26121154663086,89704.2234975,20.247099577007873,90045.67849431818
952,20.25698383178711,89786.766515,20.21543102611195,90636.66204545455
953,20.283756748046876,89235.4701875,20.250072289669152,89901.92196022728
954,20.277733914794922,89371.1815475,20.226143195412376,90370.07914772727
955,20.26999553161621,89509.2019075,20.26547613664107,89516.27330492424
956,20.265067810058593,89616.7768775,20.242580651947947,90085.7753030303
957,20.26958647277832,89537.48885,20.257807887684216,89762.54120265151
958,20.26247612915039,89683.642185,20.2118808630741,90691.16140151516
959,20.277872001342775,89375.34684,20.24586261633671,90022.50369318182
960,20.275361513671875,89435.2167225,20.297538657910895,88913.53191287878
961,20.27792070373535,89349.3657575,20.215947189331054,90685.32770833334
962,20.268684583129883,89539.37933,20.259390695745296,89689.87339962121
963,20.259495699462892,89755.1543875,20.331972006595496,88199.12910984848
964,20.268692026367187,89542.83267,20.264838781645803,89612.4575189394
965,20.28031517578125,89314.4019625,20.27791789892948,89318.08265151516
966,20.260261588745117,89731.1291175,20.274009528882576,89383.83088068182
967,20.271694494018554,89447.7207225,20.245427014899978,89987.24647727273
968,20.26736026123047,89552.2925425,20.252766980257903,89795.4402935606
969,20.26807594482422,89574.861735,20.258045610370058,89692.5615719697
970,20.271021994018554,89488.2923775,20.23910453796387,90107.02879734848
971,20.268975358276368,89552.6322725,20.290100643273554,89038.55671401515
972,20.265236195068358,89613.15536,20.239218375466088,90060.82957386364
973,20.274335522460937,89435.79957,20.270241266886394,89436.07523674243
974,20.265855150146486,89605.9565725,20.22752731554436,90469.64839015152
975,20.290404852294923,89093.1935275,20.25888566681833,89775.5059280303
976,20.256831759033204,89808.4763125,20.300942214041044,88821.9784375
977,20.270227261352538,89515.1673225,20.23240662314675,90319.42741477273
978,20.28695221557617,89164.843395,20.249970025727244,89925.82733901514
979,20.273017727661134,89477.173085,20.289455150257456,89018.56614583333
980,20.274236482543945,89418.071395,20.221939877596768,90471.99166666667
981,20.27857942932129,89342.98774,20.240251150420217,90096.27086174242
982,20.264867697143554,89604.915935,20.264850836089163,89630.07325757576
983,20.27506389038086,89425.2290875,20.268013375022196,89554.43212121211
984,20.2725824798584,89456.8898575,20.299382056033973,88893.88413825758
985,20.25668176269531,89787.032545,20.284520254424123,89192.33553977273
986,20.26346166442871,89671.2523525,20.25883822816791,89732.43799242424
987,20.270189006347657,89511.1606275,20.3017758918531,88795.86481060606
988,20.265555709228515,89615.05358,20.31369949572014,88560.35135416666
989,20.265588771972656,89599.05339,20.318253613096296,88525.09357007575
990,20.258125744628906,89777.29584,20.283999078924005,89207.0340625
991,20.265500696411134,89611.11116,20.264924115267668,89612.72488636363
992,20.259628770751952,89742.80555,20.23859716010816,90112.0974905303
993,20.28133026916504,89298.5000725,20.266529439290366,89489.20733901515
994,20.265457372436522,89594.972205,20.239743330984403,90150.21678977273
995,20.27021494140625,89517.7017425,20.270228213685932,89459.24981060607
996,20.271546116333006,89492.76738,20.275070724487303,89353.46636363637
997,20.265179722900392,89626.705155,20.269304929791076,89474.076875
998,20.24727891052246,89992.076545,20.224228252064098,90422.68482007575
999,20.26690707458496,89575.06867,20.295740127563477,88878.57369318182
1000,20.263263021850587,89656.75409,20.231262810447,90312.63624053031
1001,20.27558143310547,89389.57075,20.288721866029682,89067.21794507575
1002,20.270915460205078,89525.0334175,20.30658581358014,88737.4512594697
1003,20.275270817260743,89410.05678,20.281250487818863,89288.65861742424
1004,20.26357484375,89652.815055,20.28277520382043,89226.43367424242
1005,20.27525315612793,89431.8905375,20.255264955000445,89813.59709280303
1006,20.265759724731446,89591.6218875,20.279749663381864,89216.98142992424
1007,20.26051120788574,89723.081495,20.218248494466145,90606.00456439394
1008,20.270254577026368,89506.25133,20.226528209339488,90353.50415719696
1009,20.272232349853514,89482.68075,20.22251503684304,90442.04589962121
1010,20.265810643920897,89606.1305125,20.21244977315267,90788.2359469697
1011,20.270482463989257,89496.9684925,20.278336611661043,89322.62887310606
1012,20.28980761779785,89101.272205,20.288322430234967,89085.24253787879
1013,20.256199575195314,89809.7497,20.30222172823819,88797.94857007575
1014,20.27681946838379,89383.2988,20.312812703450522,88650.43074810607
1015,20.276449182739256,89405.6198825,20.287375707915334,89135.5074810606
1016,20.2755511920166,89401.67589,20.314867454297616,88587.26929924243
1017,20.27021667663574,89508.6198,20.179093290386778,91434.65945075758
1018,20.269786021728514,89532.1503775,20.33006836631081,88216.91393939394
1019,20.26264509460449,89687.949325,20.221757625233042,90429.05662878788
1020,20.26993912841797,89516.06402,20.308563368826203,88647.52088068181
1021,20.27361534057617,89454.1627625,20.29675013224284,88876.22064393939
1022,20.27516662536621,89455.3789725,20.232584538315283,90206.1546875
1023,20.277344881591798,89347.4760325,20.281704753528942,89210.23823863636
1024,20.26648669921875,89610.25053,20.27126692800811,89381.96202651515
1025,20.267653776855468,89556.233645,20.2494013560902,89887.17872159091
1026,20.287067553100584,89165.93589,20.3018442512281,88760.10095643939
1027,20.271196630249023,89505.02561,20.26157603639545,89729.80359848485
1028,20.27669527038574,89369.16505,20.203302663167317,90822.30766098485
1029,20.27928584716797,89323.9539675,20.26053114457564,89636.41401515152
1030,20.27172562866211,89470.23299,20.287915931470465,89086.51867424243
1031,20.272479135742188,89467.05508,20.2625022055886,89602.00394886364
1032,20.28019371398926,89318.0756025,20.208139010342684,90845.56149621212
1033,20.264432575683593,89624.4824925,20.256011410337507,89786.75313446969
1034,20.255148586425783,89821.925285,20.2353617142186,90242.30822916667
1035,20.267849067382812,89574.610275,20.262936914617367,89569.3593844697
1036,20.277700255737305,89373.7808625,20.222573951952384,90385.99071969697
1037,20.272375100708008,89470.127585,20.283137398922083,89195.62191287879
1038,20.27441301513672,89445.2090875,20.266399617050634,89478.17962121213
1039,20.269279074707033,89523.96169,20.245759330518318,89991.79612689394
1040,20.266010952148438,89599.2694425,20.30608096267238,88697.48767992425
1041,20.267521353149416,89571.4747125,20.27179803790468,89404.00605113637
1042,20.281126817016602,89294.7303925,20.288347907788825,89089.67586174242
1043,20.260260952758788,89723.408005,20.26440831271085,89611.58552083334
1044,20.274400471191406,89437.6916425,20.306760935927883,88727.1575
1045,20.287889078979493,89143.671715,20.216014526829575,90664.09910984848
1046,20.272296731567383,89484.5081,20.226333176583953,90418.68685606061
1047,20.264511948242188,89632.147645,20.296599319920396,88907.79649621212
1048,20.27574357788086,89412.831185,20.261340847593367,89610.79118371212
1049,20.27945857116699,89312.9255,20.185482949921578,91199.2718655303
1050,20.2638465826416,89676.61366,20.2096401422674,90762.28932765151
1051,20.269072861328127,89535.3512875,20.243058915571734,89975.62262310606
1052,20.279495098876954,89313.36667,20.218382751002455,90539.83833333333
1053,20.275063643798827,89383.1917925,20.30215210423325,88870.36702651514
1054,20.280300090942383,89299.12856,20.286299385301994,89099.73028409091
1055,20.278809794311524,89333.677285,20.293036642363578,88997.20335227273
1056,20.27118967956543,89483.943375,20.263095404885032,89601.75303977272
1057,20.28086329284668,89275.871345,20.32776682767001,88307.16033143939
1058,20.287135831298826,89169.3324425,20.30684529391202,88744.6906439394
1059,20.285427071533203,89198.3195025,20.2763264095422,89374.59225378788
1060,20.266825529785155,89586.5897475,20.307804602420692,88715.27105113637
1061,20.25524933898926,89839.3754975,20.271086148348722,89431.39373106061
1062,20.27970315612793,89311.41147,20.287743768403026,89090.20179924242
1063,20.2810455065918,89296.6777775,20.27368573737867,89364.05275568181
1064,20.266710657958985,89588.25189,20.28738071557247,89128.17151515151
1065,20.267937889404298,89560.1783,20.213929258404356,90616.5678503788
1066,20.281647951049806,89278.6896,20.237562429254705,90156.6931534091
1067,20.273563627929686,89449.0235025,20.29556884765625,88950.14817234849
1068,20.27363351623535,89447.84747,20.259741636334045,89697.78369318182
