epoch,PSNR,loss,val_PSNR,val_loss
0,25.7050127935791,6152.291354375,25.390172489050663,6152.930201231061
1,25.699942279052735,6152.2993209375,25.591828925392843,6152.5203403172345
2,25.694416202392578,6152.3139584375,25.448664240981593,6152.809673887311
3,25.704584326171876,6152.28674515625,25.508810188987038,6152.6746277225375
4,25.68724692932129,6152.333289375,25.41626131924716,6152.874263731061
5,25.695444132080077,6152.3156365625,25.55843169703628,6152.589422348485
6,25.704833759765624,6152.293676875,25.51262040571733,6152.66972360322
7,25.703549694213866,6152.2911371875,25.571454396103366,6152.559672111743
8,25.658604833984374,6152.39940140625,25.508621821548,6152.68818359375
9,25.703066690063476,6152.3020640625,25.4846878491026,6152.726290838068
10,25.706979114379884,6152.28423625,25.534972302985913,6152.629218158144
11,25.696322072753905,6152.307496875,25.517554513179896,6152.674421756628
12,25.701450318603516,6152.29395984375,25.543118110425546,6152.6135925662875
13,25.67636193725586,6152.34832140625,25.531344879612778,6152.646295572917
14,25.719403701171874,6152.26037125,25.546888621937146,6152.613268229166
15,25.696386509399414,6152.30479828125,25.51488410949707,6152.668843513257
16,25.710192866821288,6152.2784615625,25.545644219138406,6152.620461647727
17,25.69553334411621,6152.31055578125,25.47391024271647,6152.760751065341
18,25.70516473022461,6152.2878521875,25.56075416102554,6152.58708984375
19,25.69663112426758,6152.32487546875,25.510056975393585,6152.685118963068
20,25.713334544677735,6152.271560625,25.56480867328066,6152.570469341856
21,25.70621918823242,6152.2851565625,25.56649502840909,6152.58252544981
22,25.70027893737793,6152.29584546875,25.526906252774324,6152.653462949811
23,25.716954102783202,6152.2658765625,25.252868481260357,6153.219796401515
24,25.71481475402832,6152.26786984375,25.373774432558,6152.954140033144
25,25.701884753417968,6152.299025625,25.529936437895802,6152.646603338068
26,25.712235875854493,6152.273213125,25.47751633384011,6152.753470052084
27,25.722295578002928,6152.25583578125,25.497210170861447,6152.705855823863
28,25.733387666625976,6152.2364771875,25.481226561575223,6152.747440222538
29,25.72725319580078,6152.24861203125,25.509830111879293,6152.687811908144
30,25.710775540771483,6152.2781234375,25.42930490204782,6152.846551846591
31,25.724795343627928,6152.24763390625,25.496382178104284,6152.708932883523
32,25.724991484375,6152.24885609375,25.509249366991448,6152.685560487689
33,25.7470349420166,6152.205659375,25.5317521759958,6152.6381196732955
34,25.723200212402343,6152.25312296875,25.368484561804568,6152.970912642046
35,25.72250521484375,6152.25572203125,25.53947510921594,6152.628267045455
36,25.701773123168945,6152.30048125,25.566483593565046,6152.5678219696965
37,25.697413911132813,6152.30922046875,25.531688526037968,6152.640221946022
38,25.72718107055664,6152.244486875,25.56517900640314,6152.566142874053
39,25.692057536010743,6152.32312828125,25.50716152306759,6152.682354995265
40,25.723243869628906,6152.25079234375,25.53304933952563,6152.634634824811
41,25.722135361938477,6152.2554784375,25.59969448898778,6152.5045821496215
42,25.71592265319824,6152.26854484375,25.563028166799835,6152.582047230114
43,25.701409819335936,6152.33189578125,25.583792213671135,6152.531806936553
44,25.6960732421875,6152.3079146875,25.58059561989524,6152.550267518939
45,25.702568876342774,6152.2921665625,25.520060605135832,6152.669345999053
46,25.72081227661133,6152.2572871875,25.486322934699782,6152.723254616477
47,25.708559120483397,6152.284645,25.564805783358487,6152.571965553977
48,25.700166449584962,6152.30143171875,25.566567447546756,6152.564441287879
49,25.708609903564454,6152.281328125,25.518293547196823,6152.669784564394
50,25.735515358276366,6152.2274859375,25.551585998535156,6152.594655539773
51,25.70653307373047,6152.28716796875,25.4581061854507,6152.788714488636
52,25.710420417480467,6152.27719015625,25.577700914325135,6152.552254971591
53,25.714043727416993,6152.27211859375,25.5398014161081,6152.625933357008
54,25.728083479003907,6152.2464096875,25.50816117257783,6152.681221590909
55,25.72667355834961,6152.2446425,25.506242555560487,6152.694200402462
56,25.70932569946289,6152.28228015625,25.537931798299155,6152.620418442235
57,25.704205817871095,6152.30928765625,25.458454578284062,6152.781352982955
58,25.700489595336915,6152.29771640625,25.485958159475615,6152.723905066287
59,25.709976661376952,6152.27375625,25.57589456500429,6152.556918205492
60,25.71715976196289,6152.26366,25.531990693988224,6152.640956439394
61,25.717387048950194,6152.27650203125,25.519438280047794,6152.665229048295
62,25.71567467163086,6152.2657646875,25.52049994497588,6152.661729995265
63,25.712697908935546,6152.273648125,25.52757614135742,6152.650020714962
64,25.70751307861328,6152.284789375,25.49618000839696,6152.715757575757
65,25.697171152954102,6152.3299990625,25.55187438502456,6152.603798532197
66,25.689389653320312,6152.37082984375,25.505678724809126,6152.696811079545
67,25.69462560241699,6152.3135096875,25.56161063454368,6152.576260653409
68,25.70321082458496,6152.294551875,25.52148964621804,6152.663056344697
69,25.703438916015624,6152.2899671875,25.51658077586781,6152.6773638731065
70,25.72072256164551,6152.25833515625,25.55717627554229,6152.593734019886
71,25.7013325579834,6152.2929003125,25.529636651241418,6152.638266453599
72,25.696604517211913,6152.3527409375,25.535414541995888,6152.627050189394
73,25.687255021362304,6152.35636859375,25.55947403647683,6152.577949810606
74,25.687212885742188,6152.3528984375,25.51109903046579,6152.683117897727
75,25.696433833007813,6152.30269671875,25.55830008766868,6152.582629024621
76,25.710527600097656,6152.2768221875,25.5719485912901,6152.561212713068
77,25.70798016723633,6152.2863340625,25.534237948330965,6152.637157315341
78,25.698670954589844,6152.29819203125,25.497978813864968,6152.708835227273
79,25.711856584472656,6152.271781875,25.52032499139959,6152.665358072917
80,25.695058980102537,6152.32039484375,25.46910446398186,6152.768103693182
81,25.69662537109375,6152.35291484375,25.543135045369468,6152.615626775568
82,25.72041852661133,6152.25817890625,25.58099898598411,6152.542487571022
83,25.698406455078125,6152.30296328125,25.47827391422156,6152.743813328599
84,25.719913298950196,6152.258541875,25.46070266492439,6152.780942234848
85,25.721567514038085,6152.26036734375,25.55607548569188,6152.594540719697
86,25.716113005371092,6152.2667771875,25.59988981073553,6152.5051296164775
87,25.701440912475586,6152.2931753125,25.531583913167317,6152.633230350379
88,25.679385713500977,6152.38105625,25.58728242816347,6152.522117069128
89,25.70669188659668,6152.28406,25.54090400695801,6152.617685250947
90,25.707918755493164,6152.2861328125,25.555446261781636,6152.591062381629
91,25.720668491210937,6152.2656309375,25.570968713471384,6152.560969460227
92,25.71028799682617,6152.28453578125,25.497506473425663,6152.707179214015
93,25.694501077880858,6152.30868796875,25.543898918845436,6152.620584753788
94,25.704035271606447,6152.293330625,25.474695238055606,6152.7513808001895
95,25.704247529296875,6152.2911521875,25.440269833189067,6152.817132457386
96,25.703901730957032,6152.2918796875,25.40499873305812,6152.888764796401
97,25.70525253051758,6152.284965,25.44042747035171,6152.821167140151
98,25.70528149597168,6152.285680625,25.52778706637296,6152.6455823863635
99,25.698359935302733,6152.30408734375,25.5258656056722,6152.654338304924
100,25.700627076416016,6152.34496703125,25.51812440814394,6152.6632291666665
101,25.721597165222168,6152.273329375,25.56731911861535,6152.566278409091
102,25.706143986816407,6152.28901140625,25.589565688624525,6152.5232848011365
103,25.721291740112306,6152.25835375,25.549902563384084,6152.600305989583
104,25.702292690429687,6152.29594625,25.55003623037627,6152.599286221591
105,25.709645025634767,6152.27665421875,25.533797820120146,6152.637689985795
106,25.721778474121095,6152.25527484375,25.49937850258567,6152.696755445076
107,25.69094813720703,6152.35929671875,25.47975339716131,6152.740690696022
108,25.715063327026368,6152.26633140625,25.525295118852096,6152.657140151515
109,25.707712838134764,6152.2936825,25.468846703731653,6152.766263020833
110,25.709643033447264,6152.278355,25.532213072343307,6152.630593039773
111,25.690967907714843,6152.32064125,25.43337010007916,6152.834692234848
112,25.695488759765624,6152.3159515625,25.554347850915157,6152.594641335228
113,25.716083147583007,6152.26525546875,25.579100559119023,6152.5398828125
114,25.69300782409668,6152.3127771875,25.548693702004172,6152.601628787879
115,25.700783775634765,6152.32926546875,25.50836698589903,6152.679535392993
116,25.68894418762207,6152.31805203125,25.462981167417585,6152.771382575757
117,25.68365359375,6152.33599984375,25.463378987167822,6152.775020714962
118,25.693993081665038,6152.3120675,25.597889536077325,6152.504119910038
119,25.695731170043945,6152.30553390625,25.57600949374112,6152.553359966856
120,25.693270442504883,6152.31519546875,25.59773171858354,6152.506303267045
121,25.69588498840332,6152.30718734375,25.35299673138243,6153.001091974432
122,25.719566545410157,6152.30953578125,25.32998733520508,6153.046260653409
123,25.70582182739258,6152.2857721875,25.52931592536695,6152.646181344697
124,25.71772598876953,6152.26075921875,25.5554763100364,6152.585390625
125,25.706833249511718,6152.285774375,25.49069485288678,6152.715885416666
126,25.701674529418945,6152.28959109375,25.607617078838928,6152.4852337831435
127,25.705724501953124,6152.29396921875,25.566535048051314,6152.569569128788
128,25.71332341796875,6152.2710540625,25.552589219989198,6152.5984599905305
129,25.702296794433593,6152.29214265625,25.521677456480084,6152.658443418561
130,25.70972542114258,6152.28633078125,25.54215422890403,6152.61876657197
131,25.70688846862793,6152.2873934375,25.568847600763494,6152.564892874053
132,25.719199880371093,6152.25838796875,25.55895620403868,6152.585968276515
133,25.713045648193358,6152.27101828125,25.433100465716738,6152.832892992425
134,25.71240871154785,6152.28621625,25.541977213079278,6152.6138334517045
135,25.706714739379883,6152.28615109375,25.576223507505475,6152.543780776515
136,25.692776079711916,6152.35859484375,25.53623343034224,6152.635526751894
137,25.709987174072264,6152.2812340625,25.450088991107364,6152.8049988162875
138,25.690608831176757,6152.32623984375,25.520593358820136,6152.666826467803
139,25.718948615112303,6152.25941203125,25.525519973292496,6152.653302556818
140,25.701873817749025,6152.3040596875,25.53399740045721,6152.631015033144
141,25.693691619262694,6152.30647421875,25.592407448508524,6152.514916548295
142,25.68332412902832,6152.40316984375,25.544448357784386,6152.611033972538
143,25.704631395874024,6152.2891896875,25.513735370058,6152.68009469697
144,25.69729742614746,6152.3129228125,25.481123664162375,6152.736290246212
145,25.704287174682616,6152.3043028125,25.586644460504704,6152.533827533144
146,25.711958686523438,6152.28239171875,25.57057455583052,6152.560232007576
147,25.71072797546387,6152.27787421875,25.53270508737275,6152.644736032197
148,25.674480435791015,6152.41542796875,25.537893447875977,6152.622008759469
149,25.70015784790039,6152.300873125,25.472040539365825,6152.757220643939
150,25.711990585327147,6152.2760221875,25.519892175847833,6152.658280066288
151,25.70622301269531,6152.2877696875,25.556360235503227,6152.581811671402
152,25.712376322021484,6152.27466359375,25.49728981480454,6152.713035629735
153,25.70730603210449,6152.30096421875,25.61244013699618,6152.486629971591
154,25.718814481811524,6152.2628215625,25.491129487933534,6152.715218986742
155,25.67486216064453,6152.35049828125,25.523273810184364,6152.65134765625
156,25.701744153442384,6152.3044009375,25.574808099920098,6152.557841500947
157,25.694147689208986,6152.30891375,25.46690648628004,6152.767330729167
158,25.704794154052735,6152.28637390625,25.561849804502543,6152.577832623106
159,25.70364132751465,6152.2939071875,25.550242862123433,6152.605510179924
160,25.692407919311524,6152.317828125,25.466104151407876,6152.767650923295
161,25.717208601684572,6152.26240609375,25.44177618778113,6152.826750710227
162,25.68526165588379,6152.34172578125,25.499941840894294,6152.702104048295
163,25.691516804199217,6152.3159584375,25.543091278076172,6152.613170572917
164,25.704055980834962,6152.28884390625,25.350138135967832,6153.007084517046
165,25.686914356689453,6152.35573796875,25.539656048399028,6152.626575520833
166,25.690555280761718,6152.3662953125,25.484912301265833,6152.72533499053
167,25.696285368652344,6152.30370234375,25.499949151241417,6152.705108901515
168,25.712666557617187,6152.26979546875,25.481062550400242,6152.753024976326
169,25.699383579711913,6152.299300625,25.448143833044803,6152.817343158144
170,25.71411487426758,6152.28524984375,25.52594180251613,6152.652088068182
171,25.694321874389647,6152.305628125,25.522793599909,6152.648364109848
172,25.70330780151367,6152.29015359375,25.579426424431077,6152.542030658144
173,25.722614100341797,6152.25436765625,25.526908539280747,6152.647824337121
174,25.692343634033204,6152.31956734375,25.4815355312463,6152.742860440341
175,25.70835566040039,6152.2803153125,25.502735383004854,6152.69888080019
176,25.71431364807129,6152.26948546875,25.547573367032136,6152.611463660038
177,25.70518210510254,6152.28993671875,25.568742874607896,6152.560602509469
178,25.70847532043457,6152.28390359375,25.560523764870382,6152.579881628788
179,25.690353530273438,6152.32985328125,25.557976046475495,6152.580896070076
180,25.718221888427735,6152.2619765625,25.4997182672674,6152.707542021781
181,25.688566856079103,6152.3333746875,25.51541087063876,6152.682307054924
182,25.68968439453125,6152.3339428125,25.514619727857184,6152.672413589015
183,25.685238750610353,6152.3626146875,25.526158787120472,6152.644141216856
184,25.701575209960936,6152.2953746875,25.467244625669537,6152.770466974432
185,25.719946149291992,6152.25831234375,25.552286307594994,6152.607210582386
186,25.7113649420166,6152.27552296875,25.50156329761852,6152.699891690341
187,25.69317222961426,6152.3122690625,25.550701793323864,6152.610511363637
188,25.691690869140626,6152.318335,25.607691944006717,6152.485124289773
189,25.699219384765627,6152.30093609375,25.57193326545484,6152.559416429925
190,25.695167146606444,6152.3170546875,25.545097989169033,6152.609692826704
191,25.697888610839843,6152.32052578125,25.538187863899,6152.624305752841
192,25.70628376159668,6152.28510109375,25.55187433647387,6152.596557173296
193,25.69567524536133,6152.3068234375,25.51427973198168,6152.676767282197
194,25.679116684570314,6152.3546809375,25.509371215357923,6152.685416666666
195,25.711568317871095,6152.2761803125,25.500596995498196,6152.699425899621
196,25.69557369140625,6152.30751046875,25.533072653105766,6152.631806344697
197,25.698866563720703,6152.30161203125,25.574409008604107,6152.550811434659
198,25.693240534667968,6152.30884015625,25.38672275427616,6152.933406723485
199,25.69664212463379,6152.30898140625,25.531292049523557,6152.6340707859845
200,25.690191415405273,6152.32117984375,25.543522526134144,6152.617779356061
201,25.711468707885743,6152.2744809375,25.516592821063416,6152.662243726326
202,25.69708421386719,6152.31159609375,25.499988893451114,6152.6984392755685
203,25.696011295166016,6152.3069428125,25.514745494958127,6152.671198508523
204,25.69393918701172,6152.3103465625,25.54904705625592,6152.600355705493
205,25.686637365722657,6152.32427015625,25.594240616307115,6152.514947916667
206,25.70155389770508,6152.29268484375,25.51894248037627,6152.6624005681815
207,25.689364299316406,6152.3614646875,25.534941235166606,6152.629652580493
208,25.673612430419922,6152.35987390625,25.463981288563122,6152.771877959281
209,25.682122352905274,6152.33243421875,25.553272009184866,6152.591798650568
210,25.69382288696289,6152.30571625,25.603348552819455,6152.493976089015
211,25.673407646484375,6152.354270625,25.510249848799273,6152.683969578598
212,25.682273231811525,6152.32744765625,25.539810453472715,6152.628852391099
213,25.68403048400879,6152.3284396875,25.464480207038648,6152.777247277462
214,25.700347793579102,6152.2957009375,25.497667594678475,6152.706825284091
215,25.690837235717773,6152.32646046875,25.54721879901308,6152.597341382576
216,25.703869776611327,6152.28948296875,25.53885938008626,6152.6179119318185
217,25.69464940246582,6152.3135653125,25.55836343013879,6152.60255859375
218,25.698459930419922,6152.3093478125,25.540507470333214,6152.612101680871
219,25.69691604980469,6152.30320421875,25.51679889794552,6152.673548177083
220,25.70020909729004,6152.31248734375,25.576709735754765,6152.551367779356
221,25.681367911376952,6152.33543921875,25.535893691091825,6152.6276438210225
222,25.700224461669922,6152.30756078125,25.553986987489644,6152.591797466856
223,25.669166859130858,6152.400908125,25.57489284399784,6152.551207978219
224,25.694025723266602,6152.30903453125,25.603046849568685,6152.491461292614
225,25.69261394470215,6152.31006203125,25.514038273204456,6152.663706794508
226,25.70340140625,6152.289496875,25.50853031274044,6152.685537405303
227,25.686587060546874,6152.33386625,25.528236976392343,6152.646362452651
228,25.69101328979492,6152.31545296875,25.60710663766572,6152.488716264204
229,25.69889626159668,6152.29861765625,25.527814252448806,6152.644180279356
230,25.6771034576416,6152.387848125,25.568001600323303,6152.559538352272
231,25.68686375732422,6152.3336275,25.538328029748165,6152.622469815341
232,25.670796971435546,6152.4181434375,25.571257872147992,6152.559988162879
233,25.69145046813965,6152.31536078125,25.54436949527625,6152.609105705493
234,25.678445830078125,6152.33676671875,25.4768281323982,6152.751100260417
235,25.699816432495115,6152.2971834375,25.541005454785896,6152.617761008522
236,25.69875217224121,6152.339190625,25.49952181035822,6152.6996324573865
237,25.69296286376953,6152.3277140625,25.530538475730204,6152.640841027463
238,25.69701979187012,6152.30467375,25.55970538515033,6152.588140980114
239,25.691186881103516,6152.31305234375,25.54132837931315,6152.613968986742
240,25.697701372070313,6152.30374171875,25.568555438879763,6152.562875236742
241,25.693821209106446,6152.30828515625,25.43190861788663,6152.843572443182
242,25.706608900756837,6152.28814328125,25.51546039465702,6152.666137547349
243,25.688771903076173,6152.3339428125,25.53218187274355,6152.6344501657195
244,25.687607263183594,6152.32205203125,25.559554614442767,6152.580907907197
245,25.687754585266113,6152.38646578125,25.524944231437914,6152.659148319129
246,25.697202445678712,6152.304820625,25.52569000012947,6152.652778764204
247,25.696983381347657,6152.3015875,25.56872264284076,6152.5599650804925
248,25.68113747680664,6152.34805921875,25.5551041319876,6152.58439157197
249,25.689333875732423,6152.3157090625,25.512516107270212,6152.6747555634465
250,25.69753504760742,6152.30084203125,25.47221761530096,6152.751648319128
251,25.696728801269533,6152.302569375,25.525180432868726,6152.651624644886
252,25.68824086608887,6152.34052140625,25.53371710806182,6152.632795336174
253,25.690793752441405,6152.317071875,25.51421479658647,6152.673577769886
254,25.68116140563965,6152.34156265625,25.459702684807056,6152.784918323864
255,25.69594840637207,6152.3044990625,25.608194660995945,6152.483448745265
256,25.69153043762207,6152.3194371875,25.5107824568315,6152.675146780303
257,25.690621083374023,6152.3124353125,25.59983548482259,6152.504122277463
258,25.694323983154298,6152.305595625,25.543053322994346,6152.608043323864
259,25.681928333129882,6152.33531765625,25.5774793659557,6152.543706202651
260,25.676397785644532,6152.34519171875,25.553803361834902,6152.5895874763255
261,25.691525775146484,6152.31310859375,25.518654207171817,6152.664933712122
262,25.671465774536134,6152.35474765625,25.523706276633522,6152.653061079545
263,25.674609182128908,6152.34807453125,25.545560416019324,6152.608193063447
264,25.67802003417969,6152.34885078125,25.549390145504113,6152.598233309659
265,25.68795695251465,6152.326386875,25.48148258787213,6152.737609493372
266,25.665995052490235,6152.36738609375,25.47578438498757,6152.755993726326
267,25.678093162841797,6152.34691875,25.46052062988281,6152.7844560842805
268,25.68258943054199,6152.330141875,25.517299628980233,6152.663468868372
269,25.699942634887694,6152.295743125,25.506008032596473,6152.684412878788
270,25.691650805053712,6152.308853125,25.52492143341989,6152.654483901515
271,25.70996623046875,6152.2764378125,25.542583486383613,6152.624836055871
272,25.67971452331543,6152.37738671875,25.558952886408026,6152.58371389678
273,25.672573559570314,6152.3609240625,25.54504702943744,6152.604643702652
274,25.695281036987303,6152.30409421875,25.562605657866506,6152.576818773674
275,25.689081557006837,6152.31679125,25.531224374482125,6152.630984256629
276,25.687738407592775,6152.32208984375,25.546162248091264,6152.60783794981
277,25.6930768359375,6152.307979375,25.57755192149769,6152.543843513257
278,25.690789225463867,6152.31583796875,25.56652374498772,6152.566115648674
279,25.69619364807129,6152.302871875,25.58233615990841,6152.537930871212
280,25.67688557861328,6152.351289375,25.575180876760772,6152.549302793561
281,25.67774068725586,6152.3693034375,25.557896636038116,6152.583265861743
282,25.674955464477538,6152.34645265625,25.542015075683594,6152.620060961174
283,25.691140357666015,6152.3157715625,25.491591149532432,6152.717104048295
284,25.67706262023926,6152.3489453125,25.563359707919034,6152.576519886364
285,25.676678127441406,6152.34681265625,25.522737537730823,6152.651447088068
286,25.679711196289063,6152.34539375,25.48060616464326,6152.742914891099
287,25.675553904418944,6152.3505328125,25.59090959259958,6152.517214133522
288,25.686818487548827,6152.3219721875,25.526559133818655,6152.64865530303
289,25.670092267456056,6152.401904375,25.53274298696807,6152.630609611742
290,25.685411746826173,6152.32295625,25.58878949020848,6152.524987571022
291,25.676577680664064,6152.33981953125,25.44616158687707,6152.809523555871
292,25.68485630004883,6152.3272228125,25.491686842947296,6152.708116714015
293,25.66774152648926,6152.4084175,25.559104050145006,6152.5815625
294,25.686805987548826,6152.32592,25.513888357913856,6152.674330610796
295,25.685382252197265,6152.3245815625,25.511538062818122,6152.6786026278405
296,25.666590233764648,6152.37080625,25.4841267117587,6152.728178267045
297,25.672805880126955,6152.35969625,25.56547857804732,6152.564299242425
298,25.68009279968262,6152.3348259375,25.56937163150672,6152.561628787878
299,25.65981775756836,6152.37562796875,25.49431933778705,6152.707205847538
300,25.67663269958496,6152.33938171875,25.51450718272816,6152.667083333334
301,25.679570999145508,6152.33880421875,25.552291712905422,6152.599171401515
302,25.675637127075195,6152.3442096875,25.503868079907967,6152.691914654356
303,25.67256846069336,6152.3829909375,25.52056503758286,6152.661006155303
304,25.657296787719726,6152.38436828125,25.512365315755208,6152.678121448864
305,25.6878400982666,6152.316536875,25.537601533369585,6152.627824337122
306,25.68009329376221,6152.354911875,25.557712455518317,6152.587172703598
307,25.679818296508788,6152.33572265625,25.491267721002753,6152.718387784091
308,25.672472096557616,6152.35157453125,25.49910865321304,6152.710227864583
309,25.68211071533203,6152.32797328125,25.586090254350143,6152.521722301136
310,25.670672466430663,6152.3996028125,25.53827464017001,6152.613009588068
311,25.690209584350587,6152.32176203125,25.53065277330803,6152.6395703125
312,25.677132893066407,6152.3458778125,25.552248468110054,6152.598510298296
313,25.690342958984374,6152.31520234375,25.562052381110913,6152.574694602273
314,25.68580021118164,6152.32259296875,25.535062570282907,6152.6332463304925
315,25.684690889282226,6152.32447765625,25.572601184266986,6152.551692708334
316,25.69777278930664,6152.29926015625,25.52351256861831,6152.652409446023
317,25.671950130004884,6152.352116875,25.550338019168738,6152.595788352272
318,25.667929554443358,6152.363611875,25.494256462328362,6152.715832149621
319,25.659109190063475,6152.38415671875,25.522541915431166,6152.649115767045
320,25.664793028564453,6152.370181875,25.537452156760477,6152.625261008523
321,25.662538928222656,6152.37340671875,25.54955923138243,6152.596072443182
322,25.668752728881834,6152.3580740625,25.509785010597923,6152.681811079546
323,25.659255086669923,6152.37640734375,25.50275737878048,6152.693418560606
324,25.651514436035157,6152.40326484375,25.534979347460197,6152.629888139205
325,25.65850474609375,6152.37782125,25.51613703872218,6152.67863873106
326,25.662641028442383,6152.37066765625,25.581166076660157,6152.537458570076
327,25.671907564697264,6152.3488159375,25.499888097589665,6152.6999609375
328,25.65846956604004,6152.38585046875,25.523262675892223,6152.653490767046
329,25.68522658630371,6152.3225421875,25.51056214766069,6152.675623816288
330,25.67144895690918,6152.3538946875,25.530976433031487,6152.633313802084
331,25.666389013671875,6152.42513875,25.58449091131037,6152.528528053977
332,25.67853626281738,6152.33991375,25.560860022342567,6152.571237571023
333,25.668819819335937,6152.35416015625,25.54547966003418,6152.604153645833
334,25.662926778564454,6152.36823453125,25.52750119758375,6152.650424360795
335,25.666147196655274,6152.36277671875,25.520893529256185,6152.657554450758
336,25.6681298248291,6152.367865625,25.53721674601237,6152.627341382576
337,25.664009790039064,6152.36763421875,25.544641647338867,6152.612855705493
338,25.682037850341796,6152.32949171875,25.509043539798622,6152.685158617424
339,25.676927498168947,6152.33994609375,25.574310698075728,6152.562817826704
340,25.69052570373535,6152.31386546875,25.572995929140035,6152.555997277462
341,25.67450879699707,6152.34884484375,25.537749243071584,6152.618439867424
342,25.669325134887696,6152.357891875,25.533223939375443,6152.631921756629
343,25.680019892578127,6152.346256875,25.570233979658646,6152.567889441288
344,25.67657678527832,6152.344116875,25.50674327734745,6152.684710582386
345,25.6739376953125,6152.351654375,25.570362999655984,6152.563052793561
346,25.6736475378418,6152.35290546875,25.56733218568744,6152.558761837121
347,25.65870213623047,6152.380206875,25.482927063450667,6152.730032552084
348,25.674170807495116,6152.3455809375,25.539587050929214,6152.63532907197
349,25.675862271728516,6152.34341546875,25.524874695286606,6152.650408972538
350,25.65441683227539,6152.4077896875,25.505928289240057,6152.684099786932
351,25.653935832519533,6152.388600625,25.522732254953095,6152.657811316288
352,25.65868498352051,6152.38915734375,25.53197279959014,6152.630842211174
353,25.66694479309082,6152.3645975,25.50971989024769,6152.673487807765
354,25.661433871459963,6152.37513765625,25.479010925292968,6152.743979640151
355,25.67033880432129,6152.35503328125,25.548708970040988,6152.601914654356
356,25.65671011291504,6152.396770625,25.511087327436968,6152.685638612689
357,25.66122203186035,6152.37291203125,25.55663396430738,6152.590964133523
358,25.66308351287842,6152.3890028125,25.465199057839133,6152.772362097538
359,25.65474203979492,6152.38877859375,25.532999790076055,6152.631135179924
360,25.671519529418944,6152.3540821875,25.501027589277786,6152.695681226326
361,25.66280560119629,6152.3989815625,25.56567530776515,6152.565635061553
362,25.657159436645507,6152.42203046875,25.430131352742514,6152.835701941288
363,25.65731394836426,6152.37948296875,25.526587603019944,6152.643924597538
364,25.663362833251952,6152.36833484375,25.547219469475024,6152.605316642993
365,25.636029663696288,6152.467406875,25.489943318222508,6152.7146762547345
366,25.666498990478516,6152.36114703125,25.54970831899932,6152.598195430871
367,25.670715422973633,6152.348610625,25.565960057576497,6152.56576467803
368,25.662716046142577,6152.3674125,25.557502376671994,6152.588227391098
369,25.667438283691407,6152.37187296875,25.487791281035452,6152.7209889914775
370,25.654275571899415,6152.3960209375,25.58938934326172,6152.519459635417
371,25.657565150146485,6152.3812821875,25.504537207863546,6152.688873697916
372,25.671290463256835,6152.349983125,25.562927283084754,6152.572475142046
373,25.65590496154785,6152.38178859375,25.490159045132724,6152.716866714015
374,25.679581134643556,6152.3334184375,25.53010998581395,6152.633777225379
375,25.664976821899415,6152.3687765625,25.569103673299153,6152.562246685606
376,25.66984639465332,6152.358075625,25.562183789339933,6152.571932410038
377,25.66502653076172,6152.38487359375,25.574024433945166,6152.5515110085225
378,25.666611006469726,6152.36102734375,25.55853134617661,6152.577613044507
379,25.673541115112304,6152.35122625,25.494644359241832,6152.711115056818
380,25.660277468261718,6152.3879009375,25.508460869066642,6152.682314749053
381,25.667557016601563,6152.359491875,25.526255819147284,6152.644203953599
382,25.66083775085449,6152.3842078125,25.476857026996033,6152.752872277462
383,25.647240079345703,6152.4049215625,25.512121977372605,6152.673438683712
384,25.64866799987793,6152.430066875,25.49432845838142,6152.708907433712
385,25.67555620666504,6152.34180421875,25.558875591393672,6152.576197324811
386,25.677472553100586,6152.3392403125,25.561727787364614,6152.577778172348
387,25.656579838256835,6152.3899971875,25.481576535774,6152.7347697679925
388,25.66402703979492,6152.3697365625,25.56606803894043,6152.56655954072
389,25.660341581420898,6152.4249725,25.51201034777092,6152.668475970644
390,25.665439268798828,6152.3614440625,25.56478699655244,6152.565703125
391,25.656441392211914,6152.3941503125,25.5359579074744,6152.636479640151
392,25.669239407958983,6152.35534015625,25.558139038085937,6152.583546993371
393,25.6651498046875,6152.3633234375,25.510050652243873,6152.680403645833
394,25.664762642211915,6152.36565703125,25.530035166884915,6152.636563683712
395,25.655522982788085,6152.39099109375,25.56436311895197,6152.5706131628785
396,25.65144005371094,6152.40361328125,25.520063571351947,6152.65718454072
397,25.646657666625977,6152.40940125,25.56731845740116,6152.565596590909
398,25.65346481323242,6152.384689375,25.52513562289151,6152.646690340909
399,25.65905807739258,6152.37556,25.48906479806611,6152.721904592803
400,25.644947033691405,6152.436696875,25.549928755326704,6152.597161458333
401,25.657058869018556,6152.38344234375,25.551240484064277,6152.60581735322
402,25.66916856567383,6152.35759796875,25.562362608476118,6152.573541666667
403,25.657946520385742,6152.40256,25.49073465983073,6152.720044389204
404,25.641508765258788,6152.4530028125,25.519305990970494,6152.664402817235
405,25.660924106140136,6152.39809625,25.48672719782049,6152.723354640151
406,25.644094453125,6152.42408296875,25.502953528201942,6152.690067471591
407,25.650975372924805,6152.39324109375,25.573116196141097,6152.556017400569
408,25.664367456054688,6152.39438515625,25.554805487430457,6152.591631747159
409,25.663255811767577,6152.3708503125,25.515788715246952,6152.6721218039775
410,25.664678366088868,6152.36796640625,25.528528236620353,6152.635632102273
411,25.65033640991211,6152.39466,25.596860756151603,6152.506039891098
412,25.671726290893556,6152.3492284375,25.54417177142519,6152.611667850379
413,25.67916584777832,6152.33249796875,25.51402296817664,6152.671860203598
414,25.677624669189452,6152.34102359375,25.49674140467788,6152.706727035985
415,25.66195739868164,6152.3765421875,25.480182795669094,6152.739077296402
416,25.663723903808595,6152.36645328125,25.524347869410658,6152.647958096591
417,25.652965502319336,6152.39023890625,25.551359458692147,6152.600656368371
418,25.67063965637207,6152.35470921875,25.499789204452977,6152.696094933712
419,25.661136625976564,6152.374855,25.50196474248713,6152.687700047349
420,25.65880936340332,6152.3778375,25.53435452779134,6152.622234256629
421,25.66772973022461,6152.36132140625,25.539556783040364,6152.617082149622
422,25.672595331420897,6152.344476875,25.503522163159918,6152.696681463068
423,25.66382643310547,6152.370839375,25.517164655743223,6152.6630516098485
424,25.676644296264648,6152.34069078125,25.560826307354553,6152.578280066288
425,25.660766181030272,6152.37484453125,25.502767648407907,6152.695168087122
426,25.666997494506838,6152.35806765625,25.518118084994228,6152.665259232955
427,25.652403705444335,6152.39752890625,25.50909161423192,6152.679309303977
428,25.676644263916014,6152.3403771875,25.52742631854433,6152.645594815341
429,25.648725034179687,6152.41971015625,25.52907595316569,6152.631215672349
430,25.66594127685547,6152.36197984375,25.496670294096976,6152.707873461174
431,25.668008787841796,6152.35997921875,25.498249363754734,6152.70482421875
432,25.665219522094727,6152.3592140625,25.525302269675514,6152.645543323863
433,25.657933267211913,6152.3817128125,25.55358560966723,6152.589598721591
434,25.669228903198242,6152.3570709375,25.504243788285688,6152.686736505681
435,25.671749188842774,6152.36090453125,25.49331060004957,6152.709745501894
436,25.67260430053711,6152.3548040625,25.45844670151219,6152.787294034091
437,25.652377044067382,6152.39980234375,25.51036908929998,6152.679989938447
438,25.648432029418945,6152.43945296875,25.51228970151959,6152.673854758523
439,25.659189599609373,6152.3759040625,25.564271046031607,6152.576555397727
440,25.665408037109376,6152.373626875,25.544074882738517,6152.613743489584
441,25.658694436645508,6152.37675125,25.513336509935783,6152.670900804924
442,25.656977119750977,6152.37922703125,25.586288794315223,6152.522629616477
443,25.66524503540039,6152.36346453125,25.487658092614375,6152.723055160985
444,25.660275180664062,6152.37807984375,25.529149188417378,6152.640237334281
445,25.654666459350587,6152.3851809375,25.506975187821823,6152.682565104166
446,25.661569858398437,6152.38173515625,25.607504582260596,6152.477092211174
447,25.663730040893554,6152.36740890625,25.47872226599491,6152.735194720644
448,25.65110560913086,6152.395071875,25.524793028397994,6152.650002367424
449,25.663286170043946,6152.371485625,25.531426093361596,6152.63885061553
450,25.66027451171875,6152.3737309375,25.55659237023556,6152.5909043560605
451,25.669456006469726,6152.35477453125,25.47017642396869,6152.771743016098
452,25.66882847167969,6152.35475765625,25.558147777210582,6152.582824337122
453,25.650355554809572,6152.4074246875,25.574142120823716,6152.550793087121
454,25.658198433837892,6152.39214265625,25.582689444802025,6152.53197265625
455,25.664093471069336,6152.36597078125,25.557380031238903,6152.583818063447
456,25.662595547485353,6152.3715778125,25.539211023504084,6152.627003432765
457,25.653034127197266,6152.44775546875,25.52725456237793,6152.64052734375
458,25.65661716003418,6152.38078546875,25.50032686175722,6152.700125473485
459,25.660866509399415,6152.401619375,25.530312962387548,6152.639232954545
460,25.658752232666014,6152.383511875,25.546430608575996,6152.6075893702655
461,25.658442930297852,6152.40580328125,25.567941258748373,6152.569226444129
462,25.67013995300293,6152.353048125,25.52472917498964,6152.650865293561
463,25.667434207763673,6152.36114296875,25.540070877075195,6152.614399857955
464,25.66941555541992,6152.35970015625,25.52709411158706,6152.639878669507
465,25.660555173950197,6152.37317109375,25.506407868356415,6152.679529474432
466,25.657452189941406,6152.38054625,25.519040663748076,6152.652051373106
467,25.66817401916504,6152.3583575,25.486305331605852,6152.734762665719
468,25.66365684814453,6152.37491359375,25.53567694230513,6152.623800307765
469,25.6596574230957,6152.37867875,25.540001902724757,6152.617514796401
470,25.67814424987793,6152.3386446875,25.52879770221132,6152.638646425189
471,25.66146406311035,6152.38245390625,25.559964803059895,6152.579859730114
472,25.66397193786621,6152.36746859375,25.575103503140536,6152.553755326705
473,25.667533704223633,6152.37386890625,25.489713990182587,6152.7222022964015
474,25.661990208740235,6152.37479,25.486904202085555,6152.730994318182
475,25.656330939331056,6152.38159734375,25.49859509092389,6152.702157907197
476,25.650872452392576,6152.39412671875,25.516602748524058,6152.669019294508
477,25.656937962646484,6152.38498765625,25.470782285748108,6152.758423295454
478,25.66162592895508,6152.3731,25.56967556808934,6152.5569856770835
479,25.65595624145508,6152.3873415625,25.50274862347227,6152.6918306107955
480,25.674153627319335,6152.34660453125,25.519979185624557,6152.659836055871
481,25.661153947143553,6152.37335296875,25.541627627286044,6152.621568418561
482,25.66474873779297,6152.3717446875,25.503406552401454,6152.689051254735
483,25.66649030883789,6152.36084109375,25.555440468065665,6152.588651751894
484,25.661725535278322,6152.37267296875,25.518924276178534,6152.664522964015
485,25.66410455749512,6152.36733,25.53308172977332,6152.632651515151
486,25.65270596862793,6152.38743765625,25.547856963186554,6152.598078835227
487,25.65921152404785,6152.374465625,25.535141002770626,6152.625767045454
488,25.655365079956056,6152.41069265625,25.5037282816569,6152.684102746212
489,25.66073540649414,6152.374320625,25.577190362178918,6152.547096946023
490,25.652416948242188,6152.43746421875,25.502672639326615,6152.694692234849
491,25.660947073974608,6152.37734796875,25.51926681056167,6152.653484848485
492,25.66966273498535,6152.35408328125,25.565781074292733,6152.55970703125
493,25.658395709838867,6152.37652203125,25.52715250188654,6152.6399047111745
494,25.6637995513916,6152.36587390625,25.5331601414536,6152.632009351326
495,25.655620811767577,6152.38386171875,25.528880238388524,6152.645193536931
496,25.67056824890137,6152.3494765625,25.541266028664328,6152.615036695076
497,25.669669754638672,6152.350965,25.519640810417407,6152.65861328125
498,25.662787382202147,6152.3697059375,25.52879723751184,6152.640589488637
499,25.659917614135743,6152.37547203125,25.588291244506834,6152.521878551136
500,25.64168627258301,6152.4349821875,25.56182308543812,6152.57375
501,25.646805151367186,6152.3991678125,25.538362741181345,6152.623320904356
502,25.651430705566405,6152.39631359375,25.569360113432914,6152.554646070076
503,25.66110403076172,6152.3782915625,25.538174741340406,6152.62285748106
504,25.663435430297852,6152.36483796875,25.50472132364909,6152.686569010417
505,25.662059044799804,6152.3717209375,25.516791467377633,6152.668135653409
506,25.657604160766603,6152.38549171875,25.541950168031633,6152.615720288826
507,25.661303435058592,6152.3997971875,25.52866302027847,6152.642398200757
508,25.66085316345215,6152.374413125,25.585061506791547,6152.520926846591
509,25.660049279174803,6152.3723825,25.562332927819455,6152.570106534091
510,25.650876411743162,6152.4041425,25.52402981151234,6152.650362215909
511,25.659139674682617,6152.38646234375,25.571856160019383,6152.557479876894
512,25.66670157043457,6152.36228375,25.59416348775228,6152.518628669508
513,25.6777458392334,6152.34043765625,25.55103536201246,6152.5923786695075
514,25.665280083618164,6152.36200484375,25.548944101044626,6152.598631036932
515,25.654995197753905,6152.385119375,25.551735171693743,6152.592494673296
516,25.659328583374023,6152.394935,25.52849678733132,6152.638724550189
517,25.666232208862304,6152.36089234375,25.459594280358516,6152.789050071023
518,25.656465017700196,6152.381008125,25.568230366562354,6152.555010653409
519,25.649134149780274,6152.4084853125,25.53441074255741,6152.6326355350375
520,25.65945521118164,6152.38037765625,25.52379730918191,6152.65380563447
521,25.649527577514647,6152.39801578125,25.54819154219194,6152.6013695549245
522,25.651464832763672,6152.42178890625,25.562271633726176,6152.570414299243
523,25.65429310546875,6152.384860625,25.488805292302914,6152.720029000947
524,25.660891595458985,6152.3776565625,25.554829083067,6152.5871875
525,25.6557209765625,6152.37943734375,25.531999814582594,6152.630262192235
526,25.660122053833007,6152.3818853125,25.55567126649799,6152.591822324811
527,25.665876387939452,6152.3607878125,25.509326116388493,6152.680883641098
528,25.66959233276367,6152.3590615625,25.559116624774354,6152.582798887311
529,25.671905458984376,6152.3515159375,25.498142300230086,6152.699796993371
530,25.664344810791015,6152.36583140625,25.523360387628728,6152.654684540719
531,25.654386775512695,6152.39089640625,25.493367156982423,6152.707445549242
532,25.64544608215332,6152.4085084375,25.548763480908942,6152.606362452651
533,25.65768277038574,6152.37818296875,25.556639697912967,6152.5817359138255
534,25.65623723083496,6152.38145859375,25.504030324762518,6152.696328716856
535,25.660331966552736,6152.37082578125,25.521625837846237,6152.657936789773
536,25.651521072387695,6152.391880625,25.566967761877812,6152.561687973485
537,25.654793243408204,6152.3823321875,25.539875881310664,6152.613657670455
538,25.670535020141603,6152.35009953125,25.54575740005031,6152.605185250947
539,25.652394723510742,6152.3929178125,25.551393506599194,6152.593924005681
540,25.657245491333008,6152.3771715625,25.534409739176432,6152.629664417614
541,25.665329032592773,6152.3585753125,25.544891595551462,6152.612069128788
542,25.670572669067383,6152.35191515625,25.559238366791696,6152.573565932765
543,25.64332363586426,6152.41840828125,25.592610297925546,6152.512630208334
544,25.66321803039551,6152.367148125,25.571063130696615,6152.549393347538
545,25.66240282897949,6152.36824296875,25.561269713893083,6152.576421638258
546,25.65600970703125,6152.38473515625,25.523481519294506,6152.652771661932
547,25.645277360229493,6152.41418375,25.532534646698924,6152.6331830018935
548,25.63776437927246,6152.4370146875,25.539504283558237,6152.615384114583
549,25.642338313598632,6152.41508796875,25.542519854921284,6152.605826822916
550,25.66421430114746,6152.36336453125,25.556965068470348,6152.586106770833
551,25.642811055908204,6152.42941046875,25.525563856182675,6152.646691524621
552,25.641199026489257,6152.4297459375,25.484797243060488,6152.73137014678
553,25.66477445373535,6152.3697753125,25.56220724626021,6152.571433475378
554,25.655967404174806,6152.38403375,25.489588347926283,6152.723317945076
555,25.67267527282715,6152.34810203125,25.543409046982273,6152.61049124053
556,25.66827901611328,6152.35817109375,25.521651939623283,6152.651088423296
557,25.665112601928712,6152.3640671875,25.54471952496153,6152.60810250947
558,25.660332442626952,6152.3809309375,25.517574701020212,6152.66291015625
559,25.654960955810548,6152.38784640625,25.505471246892757,6152.683050426136
560,25.651057537231445,6152.3889584375,25.516660879886512,6152.665427320076
561,25.65112016357422,6152.391650625,25.52652612397165,6152.641831202652
562,25.659843022460937,6152.3731296875,25.538768206509676,6152.6125313683715
563,25.64775883239746,6152.42471625,25.500188607880563,6152.694572679924
564,25.65982268737793,6152.37250171875,25.49186008568966,6152.7134534801135
565,25.65490638000488,6152.385981875,25.550953702059658,6152.594019886364
566,25.64559537902832,6152.4173034375,25.503857803344726,6152.693217921402
567,25.640551911621095,6152.4130034375,25.510625924775095,6152.6791648910985
568,25.652205518188477,6152.38847171875,25.544428255485766,6152.60595111269
569,25.65624064086914,6152.3794815625,25.5321037384958,6152.640268702651
570,25.651909458618164,6152.40805546875,25.525752052538323,6152.6511310369315
571,25.669157611083985,6152.35511203125,25.54222168893525,6152.612075639205
572,25.66402003540039,6152.36193515625,25.506470780806108,6152.683507339015
573,25.652389266967774,6152.3887296875,25.54052973429362,6152.62503314394
574,25.656326455078126,6152.3871940625,25.577693726510713,6152.541787405303
575,25.664669741210936,6152.36287390625,25.515991095340613,6152.665007694129
576,25.64829320678711,6152.4041925,25.554900512695312,6152.586074810606
577,25.65026560180664,6152.4075659375,25.515938332297583,6152.665887192235
578,25.655586865234376,6152.3820809375,25.568697387232923,6152.5585487689395
579,25.66241615539551,6152.368440625,25.518449207652697,6152.660004142993
580,25.658817778930665,6152.37591796875,25.56580088066332,6152.564565577652
581,25.647332510375975,6152.420501875,25.548058658946644,6152.602605350379
582,25.64061810913086,6152.415951875,25.550926645452325,6152.594364938447
583,25.642710045166016,6152.41016984375,25.52884489117247,6152.640429095644
584,25.67018808288574,6152.35380875,25.527053127866804,6152.640593631629
585,25.661487181396485,6152.369888125,25.57662289243756,6152.539327059659
586,25.65759168701172,6152.37958921875,25.540888669563063,6152.615871803977
587,25.65876194091797,6152.37748890625,25.58076035008286,6152.536786221591
588,25.666413914794923,6152.36306015625,25.55468813578288,6152.588140980114
589,25.661200978393556,6152.37277734375,25.58812702294552,6152.525922111742
590,25.652551377563476,6152.3876290625,25.526375487356475,6152.641946022727
591,25.66818658203125,6152.35948453125,25.44962404424494,6152.798642874053
592,25.663360126342774,6152.3654959375,25.536548778649532,6152.619753196022
593,25.645668663330078,6152.4019384375,25.525910547429866,6152.646200875947
594,25.651338471069337,6152.39267171875,25.463524884310637,6152.772919034091
595,25.660452056884765,6152.37356609375,25.542630802501332,6152.607175662879
596,25.66132803833008,6152.3737259375,25.519421164772726,6152.658542258523
597,25.664549674072266,6152.36478171875,25.571824930364436,6152.557679332386
598,25.67115315551758,6152.35024734375,25.533459837942413,6152.626223958333
599,25.651014786376955,6152.39446296875,25.513665329904267,6152.67676373106
600,25.652248282470705,6152.39052703125,25.546294532544685,6152.607122395833
601,25.663469572143555,6152.38234328125,25.555396532000916,6152.59304391572
602,25.665627635498048,6152.364056875,25.498961946892017,6152.697352035985
603,25.670661517944335,6152.3628596875,25.5497391093861,6152.594975733901
604,25.67002778137207,6152.35668484375,25.542466715032404,6152.6180800189395
605,25.652518494873046,6152.38766203125,25.520914683486478,6152.655668797349
606,25.642454654541016,6152.417793125,25.52874305493904,6152.634512902462
607,25.660720599365234,6152.3729221875,25.486426213582355,6152.7290784801135
608,25.64814320617676,6152.40025359375,25.532720184326173,6152.630537405303
609,25.67123653137207,6152.35036078125,25.503524472785717,6152.687882930872
610,25.65122058227539,6152.397873125,25.541511655865293,6152.610249171402
611,25.651618013916014,6152.39019921875,25.531331625273733,6152.6341015625
612,25.6599827734375,6152.37552375,25.619815417203036,6152.458030303031
613,25.668915969848634,6152.35672078125,25.504044594042227,6152.693547585227
614,25.645170166015625,6152.4158378125,25.602914269187234,6152.4910635653405
615,25.65775625,6152.378280625,25.569563913056346,6152.563712121212
616,25.65763596923828,6152.39131671875,25.520413753625117,6152.663874289773
617,25.663498450927733,6152.37115171875,25.55946249990752,6152.579881628788
618,25.657810170288087,6152.377780625,25.53731033787583,6152.620024857954
619,25.659286099243165,6152.3757696875,25.572740547873757,6152.5551308001895
620,25.64159884765625,6152.44341703125,25.57077105435458,6152.55126361269
621,25.659721559448244,6152.37268671875,25.55589213515773,6152.586679095644
622,25.653921475830078,6152.38672390625,25.528591572154653,6152.645054450758
623,25.660305260620117,6152.37174609375,25.52548359032833,6152.643784327652
624,25.655476029052735,6152.3816153125,25.553537216186523,6152.5857605350375
625,25.663817748413084,6152.3732065625,25.533446079600942,6152.631279592803
626,25.661277409057618,6152.3719165625,25.557777777007132,6152.584593394887
627,25.64948294128418,6152.398861875,25.5423020102761,6152.614825402462
628,25.66827480407715,6152.357746875,25.53902558297822,6152.616983901516
629,25.655646037597656,6152.3960940625,25.542414143880208,6152.605253314394
630,25.65490211364746,6152.40103984375,25.565815616954456,6152.563917495265
631,25.658496636352538,6152.37540453125,25.578866248853277,6152.538176491477
632,25.643599521484376,6152.418594375,25.494324881813743,6152.710827414773
633,25.65925029663086,6152.376550625,25.532369541977392,6152.633381273674
634,25.652318220825194,6152.40088125,25.512019253355085,6152.680210700758
635,25.65646426208496,6152.392215,25.528639274365975,6152.636628787879
636,25.66074023376465,6152.37377234375,25.53700857451468,6152.623868371212
637,25.65409240234375,6152.38751625,25.557174178614762,6152.581550071022
638,25.654371727294922,6152.390014375,25.526519632050487,6152.645021898674
639,25.66284951171875,6152.36900953125,25.51990408926299,6152.659089133523
640,25.64446957885742,6152.40380453125,25.514119491577148,6152.67207327178
641,25.661889161987304,6152.36820875,25.54576179273201,6152.604350733902
642,25.64064038635254,6152.4245221875,25.53365220040986,6152.62867483428
643,25.637484906616212,6152.4371309375,25.51021600896662,6152.677608309659
644,25.650035299072265,6152.39114375,25.57028640978264,6152.557076822916
645,25.64664211730957,6152.4081778125,25.5086031480269,6152.674512310606
646,25.654744124755858,6152.3849715625,25.523100773204458,6152.655587713069
647,25.63554077331543,6152.46217546875,25.562473727139558,6152.573801491477
648,25.654933360595702,6152.3841703125,25.554274130156546,6152.5862825520835
649,25.644560079956054,6152.4042165625,25.55181623054273,6152.597797703598
650,25.663253560791016,6152.3682828125,25.515377403028083,6152.669995265152
651,25.667313950805664,6152.35956546875,25.575453195282908,6152.542567471591
652,25.640258873291014,6152.4150834375,25.553656181566645,6152.588919862689
653,25.658026630859375,6152.37799625,25.54519466746937,6152.606442945076
654,25.64684278442383,6152.40862421875,25.5291220925071,6152.6413494318185
655,25.652919270629884,6152.387263125,25.534609823515922,6152.626589725379
656,25.66577121765137,6152.377754375,25.52129271767356,6152.661629971591
657,25.67316026855469,6152.35313890625,25.50944565744111,6152.684363162879
658,25.649479771118163,6152.394145625,25.54252420830004,6152.615050899622
659,25.644721558227538,6152.41843875,25.55464125662139,6152.584659682765
660,25.660064456787108,6152.38173203125,25.53747548421224,6152.624370857007
661,25.660878226928713,6152.37046046875,25.54070635477702,6152.619027580492
662,25.65874272491455,6152.3967159375,25.5655259773948,6152.564156013257
663,25.65318692199707,6152.3973590625,25.523736479788116,6152.650295928031
664,25.66678236694336,6152.3624003125,25.49767432010535,6152.704105113637
665,25.6356144342041,6152.4254840625,25.469606364857068,6152.766729403409
666,25.667735578613282,6152.3651115625,25.573385636300753,6152.555159801136
667,25.6601785345459,6152.37534671875,25.52800878351385,6152.642290482954
668,25.66445591064453,6152.3643553125,25.516724462798148,6152.665050307765
669,25.643577830200194,6152.4337375,25.531071855949634,6152.634915364583
670,25.66971861694336,6152.354968125,25.5067121702252,6152.683307291667
671,25.657915626220703,6152.378833125,25.521783685395214,6152.653423295455
672,25.655295930175782,6152.38663234375,25.49447073502974,6152.704470288826
673,25.65056496032715,6152.3916971875,25.50203284061316,6152.702462121212
674,25.662320162963866,6152.36637578125,25.55237913420706,6152.593645241477
675,25.657757588500978,6152.38347140625,25.584001226714165,6152.535484138258
676,25.677734606933594,6152.33614625,25.522099824385208,6152.653920454545
677,25.643681049194335,6152.42907796875,25.55067357381185,6152.594438328599
678,25.651328502807615,6152.401831875,25.555516734267727,6152.582691169508
679,25.670045257568358,6152.3540446875,25.535198049834282,6152.625035511363
680,25.65820554321289,6152.37651234375,25.528804203380236,6152.6420555160985
681,25.656471712036133,6152.38981546875,25.510029752326734,6152.674270833333
682,25.663825345458985,6152.36817671875,25.51573776476311,6152.671661931819
683,25.657863165283203,6152.37606484375,25.538767760305692,6152.618645833333
684,25.651624463500976,6152.3950584375,25.584848706794507,6152.523741714015
685,25.64319849609375,6152.4258375,25.5306527039499,6152.645691879735
686,25.659603029785156,6152.37396203125,25.533546327533145,6152.630785984848
687,25.65772980895996,6152.37799640625,25.51169567454945,6152.67634765625
688,25.641792188720704,6152.43429,25.541798914129085,6152.614176136363
689,25.657823403930664,6152.38560765625,25.47000371990782,6152.750240885417
690,25.654321158447267,6152.3831821875,25.531176193699693,6152.637006983901
691,25.663423317871093,6152.36576265625,25.569271887576942,6152.563140388257
692,25.654140654907227,6152.3884325,25.524885383374762,6152.643642282197
693,25.646963110351564,6152.402543125,25.556378624655984,6152.5841518702655
694,25.651979967651368,6152.38841296875,25.567508741436583,6152.5656362452655
695,25.64869608215332,6152.39672640625,25.54537809198553,6152.60677438447
696,25.653243677368163,6152.38560828125,25.525744862411962,6152.653658854167
697,25.660841107177735,6152.372544375,25.550556478789357,6152.596448863636
698,25.644421363525392,6152.40431453125,25.581919643517697,6152.533362926137
699,25.662628012084962,6152.36894734375,25.53818699692235,6152.61824514678
700,25.66624183227539,6152.360645625,25.547774905580464,6152.595917376894
701,25.64856735961914,6152.3998465625,25.540731069391423,6152.6260943418565
702,25.646268497924805,6152.40172515625,25.539380458484995,6152.618803858902
703,25.64454399963379,6152.41968484375,25.576987454963454,6152.538645833333
704,25.650928607788085,6152.410134375,25.594414689035126,6152.509301017993
705,25.641239770507813,6152.41360328125,25.516100597959575,6152.661478456439
706,25.66477443359375,6152.36252703125,25.51302142056552,6152.665236742424
707,25.643214470214843,6152.40742796875,25.511095007694127,6152.673232717803
708,25.648485888671875,6152.40547953125,25.556316445090555,6152.585127840909
709,25.63980694152832,6152.47643984375,25.572344533746893,6152.552258522727
710,25.646378627319336,6152.40107125,25.57389223503344,6152.548697916666
711,25.640450524291992,6152.415156875,25.50867576830315,6152.678509114583
712,25.654926462402344,6152.40278609375,25.53595655267889,6152.627941524621
713,25.65977128601074,6152.379838125,25.561693522135418,6152.572987097538
714,25.65852386413574,6152.37545171875,25.590076989838572,6152.514538352273
715,25.66002891784668,6152.3727246875,25.569168120875503,6152.55728811553
716,25.658531006469726,6152.3768775,25.578807523322826,6152.535951704545
717,25.645983455200195,6152.40593796875,25.530849715724138,6152.63694720644
718,25.65806339782715,6152.3790203125,25.504443599816526,6152.685828006629
719,25.65605436828613,6152.381871875,25.50761153943611,6152.677521306819
720,25.64920717163086,6152.39916140625,25.560488443085642,6152.58371389678
721,25.64886255126953,6152.401796875,25.531393169056287,6152.631139322917
722,25.65780465270996,6152.37775765625,25.538522706465287,6152.626026278409
723,25.660920991210936,6152.37755640625,25.5094611751672,6152.678687263257
724,25.66089558898926,6152.37589,25.55293003429066,6152.592439630682
725,25.65799123840332,6152.37908828125,25.492590905391808,6152.708153409091
726,25.645754889526366,6152.415225625,25.57372753721295,6152.548236860795
727,25.645452326049806,6152.406256875,25.50563294844194,6152.685158617424
728,25.651539813842774,6152.40973546875,25.501861886689156,6152.695461055871
729,25.642838439331054,6152.421150625,25.52297731110544,6152.654901160038
730,25.6651475,6152.362026875,25.569806252681847,6152.5603349905305
731,25.660608563232422,6152.3706440625,25.572353850855972,6152.549988754735
732,25.650988361206053,6152.40235203125,25.560464442859995,6152.57263375947
733,25.64110561645508,6152.424525,25.543869996504352,6152.605954663826
734,25.663864034423828,6152.37120875,25.49272501627604,6152.716281960227
735,25.65930398925781,6152.3787109375,25.533959736679538,6152.6275254498105
736,25.647093525390623,6152.40073328125,25.5095610370058,6152.683612689394
737,25.654591893920898,6152.402401875,25.51653528849284,6152.667719578599
738,25.67070713623047,6152.34968953125,25.576309936985826,6152.546336410985
739,25.663602670898438,6152.36738453125,25.477678971724078,6152.738984966856
740,25.663161712646485,6152.36607984375,25.5114172594475,6152.671611624053
741,25.651440185546875,6152.41130828125,25.54174319411769,6152.617335464015
742,25.65691580871582,6152.3808021875,25.56560711484967,6152.564512902462
743,25.659387321166992,6152.3754246875,25.548052273374616,6152.601892163826
744,25.668139258117677,6152.375221875,25.486516018491802,6152.724744910038
745,25.645799407958986,6152.42814984375,25.567865584402373,6152.561423413826
746,25.646590997314455,6152.42264,25.55347970673532,6152.587982362689
747,25.654560827026366,6152.38584546875,25.539088185628255,6152.616192589962
748,25.651826055908202,6152.41043109375,25.556256325461646,6152.584470880682
749,25.658305329589844,6152.37762375,25.507044892744585,6152.682699455492
750,25.66516441833496,6152.36181296875,25.49655804720792,6152.700923887311
751,25.664512790527343,6152.36465796875,25.583665884769324,6152.528925189394
752,25.65537384338379,6152.387028125,25.519569468642725,6152.662324810606
753,25.660735845336912,6152.37219171875,25.538323872884114,6152.621032788826
754,25.656626293334963,6152.3817690625,25.537770963726622,6152.6159156013255
755,25.646286568603514,6152.4037671875,25.547762920495234,6152.602735558712
756,25.65675565246582,6152.379461875,25.542513367623993,6152.61140920928
757,25.6597205859375,6152.3742196875,25.507979195334695,6152.68322561553
758,25.65942115661621,6152.376495625,25.509759667136453,6152.679565577651
759,25.666550412597655,6152.3632078125,25.535879599831322,6152.635285274621
760,25.652591497802735,6152.39092015625,25.58356123721961,6152.539177911932
761,25.671922723999025,6152.3521165625,25.529132743604254,6152.639888139204
762,25.66003036804199,6152.38080265625,25.56977952436967,6152.557715435606
763,25.666962103881836,6152.36527984375,25.535140225959548,6152.629840198863
764,25.658615018920898,6152.3845234375,25.604274234193745,6152.488673650568
765,25.65552700378418,6152.38360421875,25.505188637935753,6152.6919921875
766,25.667178447265623,6152.35986734375,25.491103550304064,6152.710595407197
767,25.640228858032227,6152.43925453125,25.57911133737275,6152.539829545454
768,25.641703317871094,6152.4250434375,25.500690860170305,6152.6926888020835
769,25.67381564880371,6152.34575875,25.548134330980705,6152.597830255681
770,25.66205028869629,6152.36988,25.56490709478205,6152.569244791666
771,25.66871039916992,6152.35753859375,25.600363522153913,6152.500890151515
772,25.647824744262696,6152.39782421875,25.54671048482259,6152.6040382339015
773,25.658711508178712,6152.37809546875,25.518596172910748,6152.66577829072
774,25.66825037536621,6152.357948125,25.56064541209828,6152.579395123106
775,25.652912050170897,6152.40199390625,25.49735172849713,6152.7176355350375
776,25.65125582824707,6152.3911190625,25.529724736069188,6152.641758404356
777,25.65412889099121,6152.38360359375,25.550031377618964,6152.597191642993
778,25.65026198059082,6152.3923696875,25.591289069435813,6152.518943536932
779,25.643023638305664,6152.41115359375,25.563657508618903,6152.569431818182
780,25.66143330871582,6152.37205578125,25.56434402928208,6152.569245383523
781,25.641039906005858,6152.42128265625,25.558242832530627,6152.585691287879
782,25.658237681274414,6152.419200625,25.54040767322887,6152.611317471591
783,25.65502930114746,6152.3884084375,25.56974986452045,6152.558319720644
784,25.670626815185546,6152.35186640625,25.527078038995917,6152.647607717803
785,25.653391563720703,6152.3934253125,25.46640206076882,6152.768839370266
786,25.657160505981444,6152.38006953125,25.501799771857986,6152.696159446023
787,25.648354537353516,6152.3954446875,25.559165476018734,6152.580635061553
788,25.666221513671875,6152.36080828125,25.536966980442855,6152.62349905303
789,25.65325539367676,6152.386674375,25.526490464644,6152.642143110796
790,25.66114274169922,6152.37297140625,25.5638275123365,6152.5668454071965
791,25.655102072143556,6152.38920703125,25.525037543556905,6152.64878610322
792,25.639604277954103,6152.4743003125,25.567542144313002,6152.556910511364
793,25.659202766723634,6152.381811875,25.60851250157212,6152.476922940341
794,25.65779256713867,6152.3773396875,25.568083093816583,6152.5647887073865
795,25.66746742126465,6152.36512109375,25.49250899806167,6152.7150799005685
796,25.663139295043944,6152.38509359375,25.527656317046194,6152.635445075757
797,25.65323312011719,6152.392478125,25.568313644871566,6152.562354403409
798,25.656063150634765,6152.3840928125,25.53423350016276,6152.633595525568
799,25.655414811401368,6152.3845284375,25.547072143554686,6152.597229521781
800,25.657211646118164,6152.38149078125,25.553810838641542,6152.5928574810605
801,25.647355741577147,6152.39930765625,25.527900989416874,6152.641078361742
802,25.653843981933594,6152.38968578125,25.531363250270033,6152.641662523674
803,25.65240131652832,6152.3931471875,25.529051139137962,6152.640509588068
804,25.665753956909178,6152.36085765625,25.53010103630297,6152.639170809659
805,25.652529876098633,6152.39503125,25.5624910921039,6152.573910392993
806,25.658319315185548,6152.37630265625,25.509474103523022,6152.6812754498105
807,25.656456682739258,6152.38094,25.509968058268228,6152.67501953125
808,25.665499111938477,6152.3619259375,25.535331372347745,6152.622283380681
809,25.64439213684082,6152.41693078125,25.55962136702104,6152.578829900568
810,25.65854018737793,6152.376034375,25.478953746448862,6152.7403521543565
811,25.668693330078124,6152.35833296875,25.530935893203274,6152.635752840909
812,25.662885201416017,6152.36826421875,25.562407395333956,6152.575385890152
813,25.670846697998048,6152.352000625,25.53484596946023,6152.628699100379
814,25.651936635131836,6152.3896075,25.587122721816556,6152.525517874053
815,25.657606912231444,6152.3798178125,25.516768680919302,6152.66808001894
816,25.65567302734375,6152.38154953125,25.537500885472152,6152.622123579546
817,25.6578947265625,6152.3794475,25.537218937729346,6152.62521780303
818,25.65600786315918,6152.3856378125,25.496909961122455,6152.707741477273
819,25.64230141418457,6152.41068328125,25.54003508827903,6152.616738873106
820,25.65090276611328,6152.39895,25.50028301816998,6152.695018347538
821,25.650010085449217,6152.39128578125,25.462788467407226,6152.77388671875
822,25.658168311157226,6152.378851875,25.54861617117217,6152.594644886363
823,25.64911110961914,6152.40304125,25.52944353508227,6152.639228219697
824,25.652498032226564,6152.392836875,25.472083698619496,6152.753751183712
825,25.65811964904785,6152.39955546875,25.534613739938447,6152.63521484375
826,25.64303080871582,6152.41160640625,25.491829292990946,6152.720323745265
827,25.662154678344727,6152.38094390625,25.571415472319632,6152.560674715909
828,25.67511101501465,6152.34515484375,25.592868719389944,6152.51416015625
829,25.654528059082033,6152.39258421875,25.498702831846295,6152.705017163826
830,25.658896885375977,6152.37603296875,25.55782139864835,6152.585214251894
831,25.65317090270996,6152.38605109375,25.53502548680161,6152.621017400568
832,25.646296766357423,6152.403015,25.57879613009366,6152.542326586175
833,25.657424709472657,6152.3782690625,25.54937210776589,6152.604590435606
834,25.656238646240233,6152.3820053125,25.55475490916859,6152.583326231061
835,25.657451380004883,6152.37880078125,25.559411496249112,6152.576149976326
836,25.65678596374512,6152.38371390625,25.497500261248963,6152.701899266099
837,25.658793391723634,6152.37587578125,25.5198542323257,6152.6538831676135
838,25.66700278869629,6152.3605784375,25.552961652351147,6152.59644235322
839,25.654725088500978,6152.38442453125,25.548126657659356,6152.606415719697
840,25.64255386779785,6152.41570203125,25.5328360378381,6152.634720052083
841,25.660569252929687,6152.37109125,25.540003731467507,6152.621123934659
842,25.65940536682129,6152.38074234375,25.546375374071527,6152.607917258522
843,25.669380413208007,6152.35414359375,25.568807342991683,6152.5660262784095
844,25.659691962280274,6152.37449140625,25.51931657964533,6152.654309895834
845,25.661621810913086,6152.36941,25.518253400398024,6152.661787997159
846,25.664822589111328,6152.36384234375,25.530150585752544,6152.635584753788
847,25.660482068481446,6152.37581671875,25.53945805636319,6152.621919389205
848,25.666314164428712,6152.3722996875,25.572466079249526,6152.555882457386
849,25.66541553405762,6152.36159484375,25.540301772608903,6152.617228338068
850,25.661330872802733,6152.3709096875,25.532513996471057,6152.634144176136
851,25.64550258972168,6152.4086659375,25.53309149539832,6152.634094460227
852,25.65364209655762,6152.3876553125,25.504481048583983,6152.688336292614
853,25.664381257934572,6152.3653096875,25.579463725234522,6152.539712949811
854,25.655469019775392,6152.38582453125,25.513573714747572,6152.681251183712
855,25.661184862670897,6152.41076625,25.523739392829665,6152.651319247159
856,25.645817982788085,6152.40734671875,25.51583110000148,6152.667725497159
857,25.65908325805664,6152.374438125,25.550066854303534,6152.597009943182
858,25.655218541259767,6152.3821228125,25.545604828343247,6152.605721472538
859,25.65806572937012,6152.37726640625,25.493350934115323,6152.7179504024625
860,25.651828830566405,6152.39132390625,25.536146691062232,6152.622960464015
861,25.658912568359376,6152.38359734375,25.53480339050293,6152.6265583570075
862,25.630310822143553,6152.4545478125,25.520203506007338,6152.661360677083
863,25.659241623535156,6152.37582828125,25.537403115937202,6152.621109730114
864,25.660900748901366,6152.36940359375,25.541133143107096,6152.61174124053
865,25.648564475708007,6152.408835625,25.540363256281072,6152.6183570075755
866,25.66557308532715,6152.35891046875,25.541074040730795,6152.612591737689
867,25.65264682434082,6152.38936890625,25.547655110214695,6152.601157670455
868,25.660385317993164,6152.3787128125,25.57336069280451,6152.547348484848
869,25.642692779541015,6152.412290625,25.5349368910356,6152.625169270833
870,25.66866618286133,6152.35356796875,25.546457961111358,6152.600532078599
871,25.652735565795897,6152.39747578125,25.590571497136896,6152.514895833333
872,25.65544683227539,6152.3883021875,25.591575724283853,6152.519245975379
873,25.641294467773438,6152.41595953125,25.546593884554778,6152.606184303977
874,25.651909947509765,6152.39217765625,25.524843849413323,6152.644518821023
875,25.64672252685547,6152.408575625,25.52505077246464,6152.644740767046
876,25.655401975097657,6152.386578125,25.549483342026218,6152.599705255682
877,25.64524331298828,6152.405440625,25.519796151825876,6152.664720052083
878,25.675034682006835,6152.3416471875,25.57034676060532,6152.555608428031
879,25.653583126220703,6152.3877375,25.53472271081173,6152.625787760417
880,25.658717269897462,6152.38824328125,25.565174930456912,6152.570441524621
881,25.65983183898926,6152.372394375,25.53397896044182,6152.626235203598
882,25.65842598022461,6152.38546765625,25.521898184111624,6152.665668797348
883,25.656425725097655,6152.41498703125,25.539567468816585,6152.619895241477
884,25.662245767211914,6152.37286328125,25.51738976912065,6152.662107599432
885,25.663936812133787,6152.366608125,25.509899592544095,6152.673096590909
886,25.65908095703125,6152.37747375,25.538279335715554,6152.619305752841
887,25.651044022827147,6152.3917421875,25.561415712761157,6152.577231297349
888,25.662372994384764,6152.37003609375,25.540951713793206,6152.610546875
889,25.666590485839844,6152.36408125,25.5286347730232,6152.639237097538
890,25.65293193725586,6152.38841015625,25.569340570623226,6152.561444128788
891,25.640809780273436,6152.4180934375,25.542376186486447,6152.611827059659
892,25.655735611572265,6152.3817909375,25.567688945423473,6152.560138494318
893,25.649619996948243,6152.3972765625,25.503393376668296,6152.69283203125
894,25.65615997131348,6152.3846959375,25.589716098669804,6152.516288470644
895,25.655788100585937,6152.4001203125,25.486618465076795,6152.728066998106
896,25.63261714050293,6152.4492353125,25.543784348458956,6152.610617897727
897,25.65909585266113,6152.37427453125,25.4430293042732,6152.814952651515
898,25.6665691015625,6152.36206109375,25.532090909553297,6152.63169625947
899,25.653342766723632,6152.38523109375,25.549282795299185,6152.596479048296
900,25.658112107543946,6152.37578078125,25.577934288256095,6152.542629024621
901,25.65145457824707,6152.41236625,25.511798946496214,6152.6701242897725
902,25.65837748535156,6152.37759109375,25.554318697380296,6152.600672940341
903,25.64526002746582,6152.40623921875,25.54058307763302,6152.615573508523
904,25.656344663696288,6152.3822953125,25.484784760908646,6152.732344341856
905,25.6487293951416,6152.40565984375,25.482322859330612,6152.7404071969695
906,25.64557630981445,6152.4395353125,25.514749665693802,6152.6667560369315
907,25.66652271484375,6152.36135625,25.521018891768023,6152.658282433712
908,25.64308291381836,6152.41067890625,25.548249712857334,6152.600020714962
909,25.63823274963379,6152.441808125,25.5488974831321,6152.601549479166
910,25.65868216430664,6152.38813375,25.52256329391942,6152.647629616477
911,25.669873287963867,6152.35294125,25.534085189356947,6152.638188920455
912,25.64883832702637,6152.39625796875,25.589144666267163,6152.522027698864
913,25.65940726074219,6152.37772484375,25.483519767992423,6152.7326485558715
914,25.664351953125,6152.3637453125,25.47821724169182,6152.749347774621
915,25.655204094238282,6152.380071875,25.53517673145641,6152.6280379971595
916,25.645817447509767,6152.406255,25.512520351987895,6152.680567589962
917,25.635572931518556,6152.42857015625,25.4956724802653,6152.7040234375
918,25.649220888061524,6152.39573828125,25.518600886951795,6152.6609008049245
919,25.650136600341796,6152.40027234375,25.532432632446287,6152.624881036932
920,25.659445531005858,6152.37735921875,25.525365041097004,6152.646191998106
921,25.66352343383789,6152.3630021875,25.530444486213455,6152.639533617425
922,25.640964838256835,6152.449155,25.534783836133553,6152.628316169507
923,25.654760974121093,6152.41930125,25.544476685957473,6152.611640625
924,25.66122693664551,6152.37451921875,25.5159426278779,6152.670208333333
925,25.66887257385254,6152.3544978125,25.562928101510714,6152.574498106061
926,25.65869014038086,6152.38765046875,25.491294648141572,6152.7190453361745
927,25.661949380493166,6152.3701225,25.51556100325151,6152.669186197917
928,25.648082326049806,6152.40349734375,25.568731996940844,6152.564386245265
929,25.656743603515626,6152.380225625,25.567520948467834,6152.565409564394
930,25.669913098754883,6152.35408078125,25.523822666515002,6152.645256273674
931,25.650181755676268,6152.41761703125,25.485569310043797,6152.726553030303
932,25.663727122192384,6152.3651459375,25.545442460955996,6152.60287405303
933,25.668132427368164,6152.3550053125,25.535443788008255,6152.62041311553
934,25.665754169311523,6152.36000765625,25.519439496127042,6152.658854166667
935,25.667366270751952,6152.36620046875,25.519270093513256,6152.661142874053
936,25.652950839233398,6152.3881825,25.539758083459102,6152.615012428977
937,25.654512567749023,6152.38934765625,25.530287510265005,6152.630888967803
938,25.66868908325195,6152.35615984375,25.51738921656753,6152.663813328599
939,25.66680887512207,6152.3588278125,25.570028053052496,6152.555418442234
940,25.655368486938478,6152.38635859375,25.541403570464162,6152.61287109375
941,25.677550487060547,6152.3399065625,25.57307385068951,6152.554422940341
942,25.658730891113283,6152.3734921875,25.481013190529563,6152.741434067235
943,25.65863334777832,6152.3776171875,25.524645690917968,6152.653887902462
944,25.653340079345703,6152.38592625,25.533271283236417,6152.632470407197
945,25.647512139282227,6152.401906875,25.5443673174309,6152.606595052083
946,25.65810944519043,6152.3826496875,25.535834006107216,6152.634215790719
947,25.65687869140625,6152.39881953125,25.559148760708897,6152.579263139204
948,25.64436800292969,6152.4056909375,25.552779651988637,6152.593634588068
949,25.65944930786133,6152.37738515625,25.521444008567116,6152.652181581439
950,25.6407867578125,6152.41068,25.51611218770345,6152.664705847538
951,25.653363561401367,6152.38565484375,25.569128771695222,6152.554420572917
952,25.64750991394043,6152.410701875,25.527698003595525,6152.646773792613
953,25.64774743286133,6152.402125,25.541994941017844,6152.610131392045
954,25.646144697875975,6152.4017821875,25.49991611133922,6152.701049360796
955,25.662348807373046,6152.36723234375,25.529663908987335,6152.643132102273
956,25.642000397949218,6152.4129328125,25.557300946784743,6152.579983428031
957,25.65316622314453,6152.3899884375,25.55855496493253,6152.576457149621
958,25.64265111206055,6152.443436875,25.548701035470675,6152.595845170455
959,25.64124729675293,6152.4181834375,25.568592270359847,6152.5659375
960,25.65864027648926,6152.3767928125,25.535625076293947,6152.626955492424
961,25.659293794555666,6152.37636234375,25.517744170680192,6152.663613873106
962,25.646232651977538,6152.404008125,25.51149613120339,6152.676946022727
963,25.668567330932618,6152.35405796875,25.517681609645035,6152.656419270833
964,25.656932858276367,6152.38521484375,25.477942904848042,6152.744244199811
965,25.66091063659668,6152.36919328125,25.5287337401419,6152.639435369319
966,25.64312256958008,6152.4143471875,25.552795867919922,6152.596952533144
967,25.648704596557618,6152.4268209375,25.517936944672556,6152.658253432765
968,25.645039705810547,6152.4042434375,25.47786361463142,6152.74830374053
969,25.651337512207032,6152.39264140625,25.51994912812204,6152.657666903409
970,25.656879610595702,6152.38741859375,25.57176889592951,6152.556655421402
971,25.655632020874023,6152.38092265625,25.58009441028942,6152.53060546875
972,25.662018430786134,6152.36730265625,25.480070560339726,6152.736904592803
973,25.656580587768556,6152.38160875,25.531560296723338,6152.636619910038
974,25.632715744018554,6152.44190625,25.549052022298177,6152.593979640152
975,25.643308041381836,6152.44896109375,25.535729381676877,6152.625261008523
976,25.65869405883789,6152.3818053125,25.559915558786102,6152.572891216856
977,25.655677849731447,6152.39181953125,25.477368078520804,6152.740636837121
978,25.664145718994142,6152.366448125,25.52014469493519,6152.653897964015
979,25.663714786376953,6152.371091875,25.55456843520656,6152.588811553031
980,25.673006543579103,6152.34743671875,25.539758580525717,6152.6173644649625
981,25.649599505615235,6152.39991671875,25.526644083658855,6152.639838423295
982,25.64652575317383,6152.41090734375,25.533060016054094,6152.628989701705
983,25.661586716918944,6152.36928,25.49009423458215,6152.718390743371
984,25.655828372802734,6152.383030625,25.53100348963882,6152.632179805872
985,25.659727846679687,6152.37596421875,25.571505892204517,6152.558745857007
986,25.669117944335937,6152.35584140625,25.51831456039891,6152.660827414773
987,25.660675294799805,6152.37231125,25.553441400238963,6152.58913766572
988,25.662976688232423,6152.37057359375,25.574542090676047,6152.549805279356
989,25.671893170166015,6152.35084828125,25.55480916109952,6152.589582741477
990,25.6560440625,6152.38336578125,25.604397231593275,6152.486721117424
991,25.667169813232423,6152.360645,25.548237318559128,6152.597134232955
992,25.654708969726563,6152.39119875,25.51811452692205,6152.655740411932
993,25.65215673095703,6152.394435,25.525263195615825,6152.647783499053
994,25.656517944946287,6152.3802409375,25.52897942282937,6152.642366832386
995,25.657995610351563,6152.37606390625,25.510283961440578,6152.675548058712
996,25.65955429626465,6152.37443921875,25.540355074333423,6152.622469223485
997,25.645623198242188,6152.42730625,25.5555007425944,6152.5912446732955
998,25.659540216674806,6152.38197671875,25.50584100896662,6152.684875710227
999,25.64770756591797,6152.423759375,25.53299591526841,6152.629474431818
